<?xml version="1.1" encoding="UTF-8"?>
<testsuite name="com.junbo.fulfilment.core.service.FulfilmentServiceTest" tests="3" failures="0" errors="0" timestamp="2014-03-31T08:05:18" hostname="XumengChendeMacBook-Pro.local" time="0.567">
  <properties/>
  <testcase name="testBVT" classname="com.junbo.fulfilment.core.service.FulfilmentServiceTest" time="0.218"/>
  <testcase name="testDuplicatedBillingOrderId" classname="com.junbo.fulfilment.core.service.FulfilmentServiceTest" time="0.229"/>
  <testcase name="testDuplicatedTrackingGuid" classname="com.junbo.fulfilment.core.service.FulfilmentServiceTest" time="0.091"/>
  <system-out><![CDATA[16:05:18.106 [Test worker] DEBUG o.s.t.a.AnnotationTransactionAttributeSource - Adding transactional method 'FulfilmentServiceImpl.fulfill' with attribute: PROPAGATION_REQUIRED,ISOLATION_DEFAULT; ''
16:05:18.106 [Test worker] DEBUG o.s.b.f.s.DefaultListableBeanFactory - Returning cached instance of singleton bean 'transactionManager'
16:05:18.106 [Test worker] DEBUG o.s.t.jta.JtaTransactionManager - Participating in existing transaction
16:05:18.107 [Test worker] DEBUG bitronix.tm.BitronixTransaction - registering synchronization org.hibernate.engine.transaction.synchronization.internal.RegisteredSynchronization@4805a26c
16:05:18.107 [Test worker] DEBUG o.h.e.t.i.TransactionCoordinatorImpl - successfully registered Synchronization
16:05:18.107 [Test worker] DEBUG org.hibernate.internal.SessionImpl - Opened session at timestamp: 13962531181
16:05:18.107 [Test worker] DEBUG bitronix.tm.BitronixTransaction - registering synchronization org.hibernate.context.internal.JTASessionContext$CleanupSynch@702a68b
16:05:18.120 [Test worker] DEBUG o.h.e.j.i.LogicalConnectionImpl - Obtaining JDBC connection
16:05:18.120 [Test worker] DEBUG b.tm.resource.jdbc.PoolingDataSource - acquiring connection from a PoolingDataSource containing an XAPool of resource jdbc/fulfilment_ds1 with 3 connection(s) (3 still available)
16:05:18.120 [Test worker] DEBUG bitronix.tm.resource.common.XAPool - trying to recycle a NOT_ACCESSIBLE connection of an XAPool of resource jdbc/fulfilment_ds1 with 3 connection(s) (3 still available)
16:05:18.120 [Test worker] DEBUG bitronix.tm.resource.common.XAPool - current transaction GTRID is [737072696E672D62746D00000145172BCE9100000009]
16:05:18.120 [Test worker] DEBUG bitronix.tm.resource.common.XAPool - no NOT_ACCESSIBLE connection enlisted in this transaction
16:05:18.120 [Test worker] DEBUG bitronix.tm.resource.common.XAPool - getting IN_POOL connection from an XAPool of resource jdbc/fulfilment_ds1 with 3 connection(s) (3 still available), waiting if necessary
16:05:18.120 [Test worker] DEBUG bitronix.tm.resource.common.XAPool - checking if connection can be closed: a JdbcPooledConnection from datasource jdbc/fulfilment_ds1 in state IN_POOL with usage count 0 wrapping org.postgresql.xa.PGXAConnection@77da0fd - closing time: 1396253176303, now time: 1396253118120
16:05:18.120 [Test worker] DEBUG bitronix.tm.resource.common.XAPool - found IN_POOL connection a JdbcPooledConnection from datasource jdbc/fulfilment_ds1 in state IN_POOL with usage count 0 wrapping org.postgresql.xa.PGXAConnection@77da0fd from an XAPool of resource jdbc/fulfilment_ds1 with 3 connection(s) (2 still available)
16:05:18.120 [Test worker] DEBUG b.t.r.jdbc.JdbcPooledConnection - getting connection handle from a JdbcPooledConnection from datasource jdbc/fulfilment_ds1 in state IN_POOL with usage count 0 wrapping org.postgresql.xa.PGXAConnection@77da0fd
16:05:18.120 [Test worker] DEBUG b.t.r.c.AbstractXAStatefulHolder - notifying 2 stateChangeEventListener(s) about state changing from IN_POOL to ACCESSIBLE in a JdbcPooledConnection from datasource jdbc/fulfilment_ds1 in state IN_POOL with usage count 1 wrapping org.postgresql.xa.PGXAConnection@77da0fd
16:05:18.121 [Test worker] DEBUG b.t.r.c.AbstractXAStatefulHolder - state changing from IN_POOL to ACCESSIBLE in a JdbcPooledConnection from datasource jdbc/fulfilment_ds1 in state IN_POOL with usage count 1 wrapping org.postgresql.xa.PGXAConnection@77da0fd
16:05:18.121 [Test worker] DEBUG b.t.r.c.AbstractXAStatefulHolder - notifying 2 stateChangeEventListener(s) about state changed from IN_POOL to ACCESSIBLE in a JdbcPooledConnection from datasource jdbc/fulfilment_ds1 in state ACCESSIBLE with usage count 1 wrapping org.postgresql.xa.PGXAConnection@77da0fd
16:05:18.121 [Test worker] DEBUG bitronix.tm.resource.common.XAPool - added a JdbcPooledConnection from datasource jdbc/fulfilment_ds1 in state ACCESSIBLE with usage count 1 wrapping org.postgresql.xa.PGXAConnection@77da0fd to the accessible pool
16:05:18.121 [Test worker] DEBUG b.t.r.jdbc.JdbcPooledConnection - connection org.postgresql.xa.PGXAConnection@77da0fd was in state IN_POOL, testing it
16:05:18.121 [Test worker] DEBUG b.t.r.jdbc.JdbcPooledConnection - no query to test connection of a JdbcPooledConnection from datasource jdbc/fulfilment_ds1 in state ACCESSIBLE with usage count 1 wrapping org.postgresql.xa.PGXAConnection@77da0fd, skipping test
16:05:18.121 [Test worker] DEBUG b.t.r.jdbc.JdbcPooledConnection - got connection handle from a JdbcPooledConnection from datasource jdbc/fulfilment_ds1 in state ACCESSIBLE with usage count 1 wrapping org.postgresql.xa.PGXAConnection@77da0fd
16:05:18.121 [Test worker] DEBUG b.tm.resource.jdbc.PoolingDataSource - acquired connection from a PoolingDataSource containing an XAPool of resource jdbc/fulfilment_ds1 with 3 connection(s) (2 still available)
16:05:18.121 [Test worker] DEBUG o.h.e.j.i.LogicalConnectionImpl - Obtained JDBC connection
16:05:18.121 [Test worker] DEBUG b.t.r.c.TransactionContextHelper - enlisting a JdbcPooledConnection from datasource jdbc/fulfilment_ds1 in state ACCESSIBLE with usage count 1 wrapping org.postgresql.xa.PGXAConnection@77da0fd into a Bitronix Transaction with GTRID [737072696E672D62746D00000145172BCE9100000009], status=ACTIVE, 0 resource(s) enlisted (started Mon Mar 31 16:05:18 CST 2014)
16:05:18.121 [Test worker] DEBUG b.tm.resource.ResourceRegistrar - XAResource org.postgresql.xa.PGXAConnection@77da0fd does not belong to any resource of a PoolingDataSource containing an XAPool of resource jdbc/sharding with 3 connection(s) (3 still available)
16:05:18.121 [Test worker] DEBUG b.tm.resource.ResourceRegistrar - XAResource org.postgresql.xa.PGXAConnection@77da0fd belongs to a JdbcPooledConnection from datasource jdbc/fulfilment_ds1 in state ACCESSIBLE with usage count 1 wrapping org.postgresql.xa.PGXAConnection@77da0fd that itself belongs to a PoolingDataSource containing an XAPool of resource jdbc/fulfilment_ds1 with 3 connection(s) (2 still available)
16:05:18.121 [Test worker] DEBUG b.tm.internal.XAResourceManager - creating new branch with a Bitronix XID [737072696E672D62746D00000145172BCE9100000009 : 737072696E672D62746D00000145172BCEA90000000A]
16:05:18.121 [Test worker] DEBUG b.tm.internal.XAResourceHolderState - assigning <a Bitronix XID [737072696E672D62746D00000145172BCE9100000009 : 737072696E672D62746D00000145172BCEA90000000A]> to <an XAResourceHolderState with uniqueName=jdbc/fulfilment_ds1 XAResource=org.postgresql.xa.PGXAConnection@77da0fd with XID null>
16:05:18.122 [Test worker] DEBUG b.tm.internal.XAResourceHolderState - starting an XAResourceHolderState with uniqueName=jdbc/fulfilment_ds1 XAResource=org.postgresql.xa.PGXAConnection@77da0fd with XID a Bitronix XID [737072696E672D62746D00000145172BCE9100000009 : 737072696E672D62746D00000145172BCEA90000000A] with NOFLAGS
16:05:18.122 [Test worker] DEBUG b.tm.internal.XAResourceHolderState - started an XAResourceHolderState with uniqueName=jdbc/fulfilment_ds1 XAResource=org.postgresql.xa.PGXAConnection@77da0fd (started) with XID a Bitronix XID [737072696E672D62746D00000145172BCE9100000009 : 737072696E672D62746D00000145172BCEA90000000A] with NOFLAGS
16:05:18.122 [Test worker] DEBUG b.t.r.c.AbstractXAResourceHolder - putting XAResourceHolderState [an XAResourceHolderState with uniqueName=jdbc/fulfilment_ds1 XAResource=org.postgresql.xa.PGXAConnection@77da0fd (started) with XID a Bitronix XID [737072696E672D62746D00000145172BCE9100000009 : 737072696E672D62746D00000145172BCEA90000000A]] on a JdbcPooledConnection from datasource jdbc/fulfilment_ds1 in state ACCESSIBLE with usage count 1 wrapping org.postgresql.xa.PGXAConnection@77da0fd
16:05:18.122 [Test worker] DEBUG b.t.r.c.AbstractXAResourceHolder - GTRID [737072696E672D62746D00000145172BCE9100000009] previously unknown to a JdbcPooledConnection from datasource jdbc/fulfilment_ds1 in state ACCESSIBLE with usage count 1 wrapping org.postgresql.xa.PGXAConnection@77da0fd, adding it to the resource's transactions list
16:05:18.122 [Test worker] DEBUG org.hibernate.SQL - select this_.request_id as request1_4_0_, this_.created_by as created2_4_0_, this_.created_time as created3_4_0_, this_.updated_by as updated4_4_0_, this_.updated_time as updated5_4_0_, this_.order_id as order6_4_0_, this_.payload as payload4_0_, this_.tracking_guid as tracking8_4_0_ from fulfilment_request this_ where this_.tracking_guid=?
Hibernate: select this_.request_id as request1_4_0_, this_.created_by as created2_4_0_, this_.created_time as created3_4_0_, this_.updated_by as updated4_4_0_, this_.updated_time as updated5_4_0_, this_.order_id as order6_4_0_, this_.payload as payload4_0_, this_.tracking_guid as tracking8_4_0_ from fulfilment_request this_ where this_.tracking_guid=?
16:05:18.130 [Test worker] DEBUG o.h.e.j.i.LogicalConnectionImpl - Releasing JDBC connection
16:05:18.130 [Test worker] DEBUG b.t.r.jdbc.proxy.ConnectionJavaProxy - closing a ConnectionJavaProxy of a JdbcPooledConnection from datasource jdbc/fulfilment_ds1 in state ACCESSIBLE with usage count 1 wrapping org.postgresql.xa.PGXAConnection@77da0fd on Pooled connection wrapping physical connection org.postgresql.jdbc4.Jdbc4Connection@2c98acfa
16:05:18.130 [Test worker] DEBUG b.t.r.jdbc.JdbcPooledConnection - releasing to pool a JdbcPooledConnection from datasource jdbc/fulfilment_ds1 in state ACCESSIBLE with usage count 1 wrapping org.postgresql.xa.PGXAConnection@77da0fd
16:05:18.130 [Test worker] DEBUG b.t.r.c.TransactionContextHelper - delisting a JdbcPooledConnection from datasource jdbc/fulfilment_ds1 in state ACCESSIBLE with usage count 0 wrapping org.postgresql.xa.PGXAConnection@77da0fd from a Bitronix Transaction with GTRID [737072696E672D62746D00000145172BCE9100000009], status=ACTIVE, 1 resource(s) enlisted (started Mon Mar 31 16:05:18 CST 2014)
16:05:18.130 [Test worker] DEBUG b.t.r.c.TransactionContextHelper - resource is in enlisting global transaction context: a JdbcPooledConnection from datasource jdbc/fulfilment_ds1 in state ACCESSIBLE with usage count 0 wrapping org.postgresql.xa.PGXAConnection@77da0fd
16:05:18.131 [Test worker] DEBUG b.t.r.c.TransactionContextHelper - requeuing a JdbcPooledConnection from datasource jdbc/fulfilment_ds1 in state ACCESSIBLE with usage count 0 wrapping org.postgresql.xa.PGXAConnection@77da0fd from a Bitronix Transaction with GTRID [737072696E672D62746D00000145172BCE9100000009], status=ACTIVE, 1 resource(s) enlisted (started Mon Mar 31 16:05:18 CST 2014)
16:05:18.131 [Test worker] DEBUG b.t.r.c.TransactionContextHelper - resource is in enlisting global transaction context: a JdbcPooledConnection from datasource jdbc/fulfilment_ds1 in state ACCESSIBLE with usage count 0 wrapping org.postgresql.xa.PGXAConnection@77da0fd
16:05:18.131 [Test worker] DEBUG b.t.r.c.TransactionContextHelper - deferring release to pool of a JdbcPooledConnection from datasource jdbc/fulfilment_ds1 in state ACCESSIBLE with usage count 0 wrapping org.postgresql.xa.PGXAConnection@77da0fd
16:05:18.131 [Test worker] DEBUG b.t.r.c.TransactionContextHelper - a JdbcPooledConnection from datasource jdbc/fulfilment_ds1 in state ACCESSIBLE with usage count 0 wrapping org.postgresql.xa.PGXAConnection@77da0fd is not already registered for deferred release in a Bitronix Transaction with GTRID [737072696E672D62746D00000145172BCE9100000009], status=ACTIVE, 1 resource(s) enlisted (started Mon Mar 31 16:05:18 CST 2014)
16:05:18.131 [Test worker] DEBUG b.t.r.c.TransactionContextHelper - registering DeferredReleaseSynchronization for a JdbcPooledConnection from datasource jdbc/fulfilment_ds1 in state ACCESSIBLE with usage count 0 wrapping org.postgresql.xa.PGXAConnection@77da0fd
16:05:18.131 [Test worker] DEBUG b.t.r.c.AbstractXAStatefulHolder - notifying 2 stateChangeEventListener(s) about state changing from ACCESSIBLE to NOT_ACCESSIBLE in a JdbcPooledConnection from datasource jdbc/fulfilment_ds1 in state ACCESSIBLE with usage count 0 wrapping org.postgresql.xa.PGXAConnection@77da0fd
16:05:18.131 [Test worker] DEBUG b.t.r.jdbc.JdbcPooledConnection - closing 0 dangling uncached statement(s)
16:05:18.131 [Test worker] DEBUG bitronix.tm.resource.common.XAPool - removed a JdbcPooledConnection from datasource jdbc/fulfilment_ds1 in state ACCESSIBLE with usage count 0 wrapping org.postgresql.xa.PGXAConnection@77da0fd from the accessible pool
16:05:18.131 [Test worker] DEBUG b.t.r.c.AbstractXAStatefulHolder - state changing from ACCESSIBLE to NOT_ACCESSIBLE in a JdbcPooledConnection from datasource jdbc/fulfilment_ds1 in state ACCESSIBLE with usage count 0 wrapping org.postgresql.xa.PGXAConnection@77da0fd
16:05:18.131 [Test worker] DEBUG b.t.r.c.AbstractXAStatefulHolder - notifying 2 stateChangeEventListener(s) about state changed from ACCESSIBLE to NOT_ACCESSIBLE in a JdbcPooledConnection from datasource jdbc/fulfilment_ds1 in state NOT_ACCESSIBLE with usage count 0 wrapping org.postgresql.xa.PGXAConnection@77da0fd
16:05:18.131 [Test worker] DEBUG bitronix.tm.resource.common.XAPool - added a JdbcPooledConnection from datasource jdbc/fulfilment_ds1 in state NOT_ACCESSIBLE with usage count 0 wrapping org.postgresql.xa.PGXAConnection@77da0fd to the inaccessible pool
16:05:18.133 [Test worker] DEBUG b.t.r.jdbc.JdbcPooledConnection - released to pool a JdbcPooledConnection from datasource jdbc/fulfilment_ds1 in state NOT_ACCESSIBLE with usage count 0 wrapping org.postgresql.xa.PGXAConnection@77da0fd
16:05:18.134 [Test worker] DEBUG o.h.e.j.i.LogicalConnectionImpl - Released JDBC connection
16:05:18.134 [Test worker] DEBUG o.h.e.j.i.p.ConnectionProxyHandler - HHH000163: Logical connection releasing its physical connection
16:05:18.134 [Test worker] DEBUG o.h.e.i.StatefulPersistenceContext - Initializing non-lazy collections
16:05:18.135 [Test worker] DEBUG o.h.e.j.i.LogicalConnectionImpl - Obtaining JDBC connection
16:05:18.135 [Test worker] DEBUG b.tm.resource.jdbc.PoolingDataSource - acquiring connection from a PoolingDataSource containing an XAPool of resource jdbc/fulfilment_ds1 with 3 connection(s) (2 still available)
16:05:18.135 [Test worker] DEBUG bitronix.tm.resource.common.XAPool - trying to recycle a NOT_ACCESSIBLE connection of an XAPool of resource jdbc/fulfilment_ds1 with 3 connection(s) (2 still available)
16:05:18.135 [Test worker] DEBUG bitronix.tm.resource.common.XAPool - current transaction GTRID is [737072696E672D62746D00000145172BCE9100000009]
16:05:18.135 [Test worker] DEBUG bitronix.tm.resource.common.XAPool - found a connection in NOT_ACCESSIBLE state: a JdbcPooledConnection from datasource jdbc/fulfilment_ds1 in state NOT_ACCESSIBLE with usage count 0 wrapping org.postgresql.xa.PGXAConnection@77da0fd
16:05:18.135 [Test worker] DEBUG bitronix.tm.resource.common.XAPool - 1 xa resource(s) created by connection in NOT_ACCESSIBLE state: a JdbcPooledConnection from datasource jdbc/fulfilment_ds1 in state NOT_ACCESSIBLE with usage count 0 wrapping org.postgresql.xa.PGXAConnection@77da0fd
16:05:18.135 [Test worker] DEBUG bitronix.tm.resource.common.XAPool - NOT_ACCESSIBLE xa resource GTRID: 737072696E672D62746D00000145172BCE9100000009
16:05:18.135 [Test worker] DEBUG bitronix.tm.resource.common.XAPool - NOT_ACCESSIBLE xa resource's GTRID matched this transaction's GTRID, recycling it
16:05:18.135 [Test worker] DEBUG bitronix.tm.resource.common.XAPool - found NOT_ACCESSIBLE connection a JdbcPooledConnection from datasource jdbc/fulfilment_ds1 in state NOT_ACCESSIBLE with usage count 0 wrapping org.postgresql.xa.PGXAConnection@77da0fd from an XAPool of resource jdbc/fulfilment_ds1 with 3 connection(s) (2 still available)
16:05:18.135 [Test worker] DEBUG b.t.r.jdbc.JdbcPooledConnection - getting connection handle from a JdbcPooledConnection from datasource jdbc/fulfilment_ds1 in state NOT_ACCESSIBLE with usage count 0 wrapping org.postgresql.xa.PGXAConnection@77da0fd
16:05:18.135 [Test worker] DEBUG b.t.r.c.AbstractXAStatefulHolder - notifying 2 stateChangeEventListener(s) about state changing from NOT_ACCESSIBLE to ACCESSIBLE in a JdbcPooledConnection from datasource jdbc/fulfilment_ds1 in state NOT_ACCESSIBLE with usage count 1 wrapping org.postgresql.xa.PGXAConnection@77da0fd
16:05:18.135 [Test worker] DEBUG bitronix.tm.resource.common.XAPool - removed a JdbcPooledConnection from datasource jdbc/fulfilment_ds1 in state NOT_ACCESSIBLE with usage count 1 wrapping org.postgresql.xa.PGXAConnection@77da0fd from the inaccessible pool
16:05:18.135 [Test worker] DEBUG b.t.r.c.AbstractXAStatefulHolder - state changing from NOT_ACCESSIBLE to ACCESSIBLE in a JdbcPooledConnection from datasource jdbc/fulfilment_ds1 in state NOT_ACCESSIBLE with usage count 1 wrapping org.postgresql.xa.PGXAConnection@77da0fd
16:05:18.135 [Test worker] DEBUG b.t.r.c.AbstractXAStatefulHolder - notifying 2 stateChangeEventListener(s) about state changed from NOT_ACCESSIBLE to ACCESSIBLE in a JdbcPooledConnection from datasource jdbc/fulfilment_ds1 in state ACCESSIBLE with usage count 1 wrapping org.postgresql.xa.PGXAConnection@77da0fd
16:05:18.135 [Test worker] DEBUG b.t.r.c.TransactionContextHelper - marking a JdbcPooledConnection from datasource jdbc/fulfilment_ds1 in state ACCESSIBLE with usage count 1 wrapping org.postgresql.xa.PGXAConnection@77da0fd as recycled in a Bitronix Transaction with GTRID [737072696E672D62746D00000145172BCE9100000009], status=ACTIVE, 1 resource(s) enlisted (started Mon Mar 31 16:05:18 CST 2014)
16:05:18.135 [Test worker] DEBUG b.t.r.c.TransactionContextHelper - a JdbcPooledConnection from datasource jdbc/fulfilment_ds1 in state ACCESSIBLE with usage count 1 wrapping org.postgresql.xa.PGXAConnection@77da0fd has been recycled, unregistering deferred release from a Bitronix Transaction with GTRID [737072696E672D62746D00000145172BCE9100000009], status=ACTIVE, 1 resource(s) enlisted (started Mon Mar 31 16:05:18 CST 2014)
16:05:18.135 [Test worker] DEBUG bitronix.tm.resource.common.XAPool - added a JdbcPooledConnection from datasource jdbc/fulfilment_ds1 in state ACCESSIBLE with usage count 1 wrapping org.postgresql.xa.PGXAConnection@77da0fd to the accessible pool
16:05:18.135 [Test worker] DEBUG b.t.r.jdbc.JdbcPooledConnection - connection org.postgresql.xa.PGXAConnection@77da0fd was in state NOT_ACCESSIBLE, no need to test it
16:05:18.135 [Test worker] DEBUG b.t.r.jdbc.JdbcPooledConnection - got connection handle from a JdbcPooledConnection from datasource jdbc/fulfilment_ds1 in state ACCESSIBLE with usage count 1 wrapping org.postgresql.xa.PGXAConnection@77da0fd
16:05:18.135 [Test worker] DEBUG b.tm.resource.jdbc.PoolingDataSource - acquired connection from a PoolingDataSource containing an XAPool of resource jdbc/fulfilment_ds1 with 3 connection(s) (2 still available)
16:05:18.135 [Test worker] DEBUG o.h.e.j.i.LogicalConnectionImpl - Obtained JDBC connection
16:05:18.136 [Test worker] DEBUG b.t.r.c.TransactionContextHelper - enlisting a JdbcPooledConnection from datasource jdbc/fulfilment_ds1 in state ACCESSIBLE with usage count 1 wrapping org.postgresql.xa.PGXAConnection@77da0fd into a Bitronix Transaction with GTRID [737072696E672D62746D00000145172BCE9100000009], status=ACTIVE, 1 resource(s) enlisted (started Mon Mar 31 16:05:18 CST 2014)
16:05:18.136 [Test worker] DEBUG b.t.r.c.TransactionContextHelper - avoiding re-enlistment of already enlisted but not ended resource an XAResourceHolderState with uniqueName=jdbc/fulfilment_ds1 XAResource=org.postgresql.xa.PGXAConnection@77da0fd (started) with XID a Bitronix XID [737072696E672D62746D00000145172BCE9100000009 : 737072696E672D62746D00000145172BCEA90000000A]
16:05:18.136 [Test worker] DEBUG org.hibernate.SQL - select this_.request_id as request1_4_0_, this_.created_by as created2_4_0_, this_.created_time as created3_4_0_, this_.updated_by as updated4_4_0_, this_.updated_time as updated5_4_0_, this_.order_id as order6_4_0_, this_.payload as payload4_0_, this_.tracking_guid as tracking8_4_0_ from fulfilment_request this_ where this_.order_id=?
Hibernate: select this_.request_id as request1_4_0_, this_.created_by as created2_4_0_, this_.created_time as created3_4_0_, this_.updated_by as updated4_4_0_, this_.updated_time as updated5_4_0_, this_.order_id as order6_4_0_, this_.payload as payload4_0_, this_.tracking_guid as tracking8_4_0_ from fulfilment_request this_ where this_.order_id=?
16:05:18.137 [Test worker] DEBUG o.h.e.j.i.LogicalConnectionImpl - Releasing JDBC connection
16:05:18.137 [Test worker] DEBUG b.t.r.jdbc.proxy.ConnectionJavaProxy - closing a ConnectionJavaProxy of a JdbcPooledConnection from datasource jdbc/fulfilment_ds1 in state ACCESSIBLE with usage count 1 wrapping org.postgresql.xa.PGXAConnection@77da0fd on Pooled connection wrapping physical connection org.postgresql.jdbc4.Jdbc4Connection@2c98acfa
16:05:18.137 [Test worker] DEBUG b.t.r.jdbc.JdbcPooledConnection - releasing to pool a JdbcPooledConnection from datasource jdbc/fulfilment_ds1 in state ACCESSIBLE with usage count 1 wrapping org.postgresql.xa.PGXAConnection@77da0fd
16:05:18.137 [Test worker] DEBUG b.t.r.c.TransactionContextHelper - delisting a JdbcPooledConnection from datasource jdbc/fulfilment_ds1 in state ACCESSIBLE with usage count 0 wrapping org.postgresql.xa.PGXAConnection@77da0fd from a Bitronix Transaction with GTRID [737072696E672D62746D00000145172BCE9100000009], status=ACTIVE, 1 resource(s) enlisted (started Mon Mar 31 16:05:18 CST 2014)
16:05:18.137 [Test worker] DEBUG b.t.r.c.TransactionContextHelper - resource is in enlisting global transaction context: a JdbcPooledConnection from datasource jdbc/fulfilment_ds1 in state ACCESSIBLE with usage count 0 wrapping org.postgresql.xa.PGXAConnection@77da0fd
16:05:18.137 [Test worker] DEBUG b.t.r.c.TransactionContextHelper - requeuing a JdbcPooledConnection from datasource jdbc/fulfilment_ds1 in state ACCESSIBLE with usage count 0 wrapping org.postgresql.xa.PGXAConnection@77da0fd from a Bitronix Transaction with GTRID [737072696E672D62746D00000145172BCE9100000009], status=ACTIVE, 1 resource(s) enlisted (started Mon Mar 31 16:05:18 CST 2014)
16:05:18.138 [Test worker] DEBUG b.t.r.c.TransactionContextHelper - resource is in enlisting global transaction context: a JdbcPooledConnection from datasource jdbc/fulfilment_ds1 in state ACCESSIBLE with usage count 0 wrapping org.postgresql.xa.PGXAConnection@77da0fd
16:05:18.138 [Test worker] DEBUG b.t.r.c.TransactionContextHelper - deferring release to pool of a JdbcPooledConnection from datasource jdbc/fulfilment_ds1 in state ACCESSIBLE with usage count 0 wrapping org.postgresql.xa.PGXAConnection@77da0fd
16:05:18.138 [Test worker] DEBUG b.t.r.c.TransactionContextHelper - a JdbcPooledConnection from datasource jdbc/fulfilment_ds1 in state ACCESSIBLE with usage count 0 wrapping org.postgresql.xa.PGXAConnection@77da0fd is not already registered for deferred release in a Bitronix Transaction with GTRID [737072696E672D62746D00000145172BCE9100000009], status=ACTIVE, 1 resource(s) enlisted (started Mon Mar 31 16:05:18 CST 2014)
16:05:18.138 [Test worker] DEBUG b.t.r.c.TransactionContextHelper - registering DeferredReleaseSynchronization for a JdbcPooledConnection from datasource jdbc/fulfilment_ds1 in state ACCESSIBLE with usage count 0 wrapping org.postgresql.xa.PGXAConnection@77da0fd
16:05:18.138 [Test worker] DEBUG b.t.r.c.AbstractXAStatefulHolder - notifying 2 stateChangeEventListener(s) about state changing from ACCESSIBLE to NOT_ACCESSIBLE in a JdbcPooledConnection from datasource jdbc/fulfilment_ds1 in state ACCESSIBLE with usage count 0 wrapping org.postgresql.xa.PGXAConnection@77da0fd
16:05:18.138 [Test worker] DEBUG b.t.r.jdbc.JdbcPooledConnection - closing 0 dangling uncached statement(s)
16:05:18.138 [Test worker] DEBUG bitronix.tm.resource.common.XAPool - removed a JdbcPooledConnection from datasource jdbc/fulfilment_ds1 in state ACCESSIBLE with usage count 0 wrapping org.postgresql.xa.PGXAConnection@77da0fd from the accessible pool
16:05:18.138 [Test worker] DEBUG b.t.r.c.AbstractXAStatefulHolder - state changing from ACCESSIBLE to NOT_ACCESSIBLE in a JdbcPooledConnection from datasource jdbc/fulfilment_ds1 in state ACCESSIBLE with usage count 0 wrapping org.postgresql.xa.PGXAConnection@77da0fd
16:05:18.138 [Test worker] DEBUG b.t.r.c.AbstractXAStatefulHolder - notifying 2 stateChangeEventListener(s) about state changed from ACCESSIBLE to NOT_ACCESSIBLE in a JdbcPooledConnection from datasource jdbc/fulfilment_ds1 in state NOT_ACCESSIBLE with usage count 0 wrapping org.postgresql.xa.PGXAConnection@77da0fd
16:05:18.138 [Test worker] DEBUG bitronix.tm.resource.common.XAPool - added a JdbcPooledConnection from datasource jdbc/fulfilment_ds1 in state NOT_ACCESSIBLE with usage count 0 wrapping org.postgresql.xa.PGXAConnection@77da0fd to the inaccessible pool
16:05:18.138 [Test worker] DEBUG b.t.r.jdbc.JdbcPooledConnection - released to pool a JdbcPooledConnection from datasource jdbc/fulfilment_ds1 in state NOT_ACCESSIBLE with usage count 0 wrapping org.postgresql.xa.PGXAConnection@77da0fd
16:05:18.138 [Test worker] DEBUG o.h.e.j.i.LogicalConnectionImpl - Released JDBC connection
16:05:18.138 [Test worker] DEBUG o.h.e.i.StatefulPersistenceContext - Initializing non-lazy collections
16:05:18.138 [Test worker] DEBUG o.s.t.jta.JtaTransactionManager - Participating in existing transaction
16:05:18.138 [Test worker] DEBUG o.h.e.i.AbstractSaveEventListener - Generated identifier: 1023852544, using strategy: org.hibernate.id.Assigned
16:05:18.139 [Test worker] DEBUG o.h.e.i.AbstractSaveEventListener - Generated identifier: 1023868928, using strategy: org.hibernate.id.Assigned
16:05:18.140 [Test worker] DEBUG o.h.e.i.AbstractSaveEventListener - Generated identifier: 1023885312, using strategy: org.hibernate.id.Assigned
16:05:18.140 [Test worker] DEBUG o.h.e.i.AbstractSaveEventListener - Generated identifier: 1023901696, using strategy: org.hibernate.id.Assigned
16:05:18.140 [Test worker] DEBUG o.h.e.i.AbstractSaveEventListener - Generated identifier: 1023918080, using strategy: org.hibernate.id.Assigned
16:05:18.141 [Test worker] DEBUG o.h.e.i.AbstractSaveEventListener - Generated identifier: 1023934464, using strategy: org.hibernate.id.Assigned
16:05:18.141 [Test worker] DEBUG o.h.e.i.AbstractSaveEventListener - Generated identifier: 1023950848, using strategy: org.hibernate.id.Assigned
16:05:18.142 [Test worker] DEBUG o.h.e.i.AbstractSaveEventListener - Generated identifier: 1023967232, using strategy: org.hibernate.id.Assigned
16:05:18.142 [Test worker] DEBUG o.h.e.i.AbstractSaveEventListener - Generated identifier: 1023983616, using strategy: org.hibernate.id.Assigned
16:05:18.143 [Test worker] DEBUG o.s.t.jta.JtaTransactionManager - Participating in existing transaction
16:05:18.143 [Test worker] DEBUG o.s.t.jta.JtaTransactionManager - Participating in existing transaction
16:05:18.144 [Test worker] DEBUG o.s.t.jta.JtaTransactionManager - Participating in existing transaction
16:05:18.144 [Test worker] DEBUG o.s.t.jta.JtaTransactionManager - Participating in existing transaction
16:05:18.145 [Test worker] DEBUG o.s.t.a.AnnotationTransactionAttributeSource - Adding transactional method 'FulfilmentServiceImpl.retrieveRequest' with attribute: PROPAGATION_REQUIRED,ISOLATION_DEFAULT; ''
16:05:18.145 [Test worker] DEBUG o.s.b.f.s.DefaultListableBeanFactory - Returning cached instance of singleton bean 'transactionManager'
16:05:18.145 [Test worker] DEBUG o.s.t.jta.JtaTransactionManager - Participating in existing transaction
16:05:18.179 [Test worker] DEBUG o.h.e.i.AbstractFlushingEventListener - Processing flush-time cascades
16:05:18.180 [Test worker] DEBUG o.h.e.i.AbstractFlushingEventListener - Dirty checking collections
16:05:18.180 [Test worker] DEBUG o.h.e.i.AbstractFlushingEventListener - Flushed: 9 insertions, 2 updates, 0 deletions to 9 objects
16:05:18.180 [Test worker] DEBUG o.h.e.i.AbstractFlushingEventListener - Flushed: 0 (re)creations, 0 updates, 0 removals to 0 collections
16:05:18.180 [Test worker] DEBUG o.h.internal.util.EntityPrinter - Listing entities:
16:05:18.181 [Test worker] DEBUG o.h.internal.util.EntityPrinter - com.junbo.fulfilment.db.entity.FulfilmentActionEntity{id=1023983616, result=null, createdBy=system internal, status=0, createdTime=Mon Mar 31 16:05:18 CST 2014, payload={"copyCount":3,"items":[{"entityType":"ITEM","id":50000,"quantity":9,"sku":55555}],"properties":{"ENTITLEMENT_DEVELOPER":"TEST_DEVELOPER","ENTITLEMENT_GROUP":"TEST_GROUP","ENTITLEMENT_TAG":"TEST_TAG","ENTITLEMENT_TYPE":"DOWNLOAD"}}, type=1, fulfilmentId=1023967232, updatedTime=null, updatedBy=null}
16:05:18.181 [Test worker] DEBUG o.h.internal.util.EntityPrinter - com.junbo.fulfilment.db.entity.FulfilmentActionEntity{id=1023918080, result=null, createdBy=system internal, status=2, createdTime=Mon Mar 31 16:05:18 CST 2014, payload={"copyCount":4,"properties":{"ENTITLEMENT_DEVELOPER":"TEST_DEVELOPER","ENTITLEMENT_GROUP":"TEST_GROUP","ENTITLEMENT_TAG":"TEST_TAG","ENTITLEMENT_TYPE":"DOWNLOAD"}}, type=0, fulfilmentId=1023868928, updatedTime=Mon Mar 31 16:05:18 CST 2014, updatedBy=system internal}
16:05:18.181 [Test worker] DEBUG o.h.internal.util.EntityPrinter - com.junbo.fulfilment.db.entity.FulfilmentEntity{id=1023868928, createdBy=system internal, requestId=1023852544, createdTime=Mon Mar 31 16:05:18 CST 2014, payload={"offerId":100,"orderItemId":10000,"quantity":2,"timestamp":1396253118105}, updatedTime=null, updatedBy=null}
16:05:18.181 [Test worker] DEBUG o.h.internal.util.EntityPrinter - com.junbo.fulfilment.db.entity.FulfilmentActionEntity{id=1023934464, result=null, createdBy=system internal, status=0, createdTime=Mon Mar 31 16:05:18 CST 2014, payload={"copyCount":6,"items":[{"entityType":"ITEM","id":40000,"quantity":77,"sku":44444}],"properties":{"ENTITLEMENT_DEVELOPER":"TEST_DEVELOPER","ENTITLEMENT_GROUP":"TEST_GROUP","ENTITLEMENT_TAG":"TEST_TAG","ENTITLEMENT_TYPE":"DOWNLOAD"}}, type=1, fulfilmentId=1023868928, updatedTime=null, updatedBy=null}
16:05:18.181 [Test worker] DEBUG o.h.internal.util.EntityPrinter - com.junbo.fulfilment.db.entity.FulfilmentActionEntity{id=1023950848, result=null, createdBy=system internal, status=0, createdTime=Mon Mar 31 16:05:18 CST 2014, payload={"copyCount":60000,"items":[{"entityType":"ITEM","id":50000,"quantity":9,"sku":55555}],"properties":{"ENTITLEMENT_DEVELOPER":"TEST_DEVELOPER","ENTITLEMENT_GROUP":"TEST_GROUP","ENTITLEMENT_TAG":"TEST_TAG","ENTITLEMENT_TYPE":"DOWNLOAD"}}, type=1, fulfilmentId=1023868928, updatedTime=null, updatedBy=null}
16:05:18.181 [Test worker] DEBUG o.h.internal.util.EntityPrinter - com.junbo.fulfilment.db.entity.FulfilmentActionEntity{id=1023885312, result=null, createdBy=system internal, status=0, createdTime=Mon Mar 31 16:05:18 CST 2014, payload={"copyCount":2,"items":[{"entityType":"ITEM","id":10000,"quantity":888,"sku":11111},{"entityType":"ITEM","id":20000,"quantity":999,"sku":22222}],"properties":{"ENTITLEMENT_DEVELOPER":"TEST_DEVELOPER","ENTITLEMENT_GROUP":"TEST_GROUP","ENTITLEMENT_TAG":"TEST_TAG","ENTITLEMENT_TYPE":"DOWNLOAD"}}, type=1, fulfilmentId=1023868928, updatedTime=null, updatedBy=null}
16:05:18.181 [Test worker] DEBUG o.h.internal.util.EntityPrinter - com.junbo.fulfilment.db.entity.FulfilmentEntity{id=1023967232, createdBy=system internal, requestId=1023852544, createdTime=Mon Mar 31 16:05:18 CST 2014, payload={"offerId":400,"orderItemId":20000,"quantity":3,"timestamp":1396253118105}, updatedTime=null, updatedBy=null}
16:05:18.182 [Test worker] DEBUG o.h.internal.util.EntityPrinter - com.junbo.fulfilment.db.entity.FulfilmentActionEntity{id=1023901696, result=null, createdBy=system internal, status=2, createdTime=Mon Mar 31 16:05:18 CST 2014, payload={"copyCount":2,"properties":{"ENTITLEMENT_DEVELOPER":"TEST_DEVELOPER","ENTITLEMENT_GROUP":"TEST_GROUP","ENTITLEMENT_TAG":"TEST_TAG","ENTITLEMENT_TYPE":"DOWNLOAD"}}, type=0, fulfilmentId=1023868928, updatedTime=Mon Mar 31 16:05:18 CST 2014, updatedBy=system internal}
16:05:18.182 [Test worker] DEBUG o.h.internal.util.EntityPrinter - com.junbo.fulfilment.db.entity.FulfilmentRequestEntity{id=1023852544, trackingGuid=568b2451-29c3-41e9-a585-5ca42bb48886, createdBy=system internal, createdTime=Mon Mar 31 16:05:18 CST 2014, payload={"orderId":1396253118104,"requester":"SYSTEM","userId":1396253118104}, orderId=1396253118104, updatedTime=null, updatedBy=null}
16:05:18.182 [Test worker] DEBUG org.hibernate.engine.spi.ActionQueue - Changes must be flushed to space: fulfilment_item
16:05:18.193 [Test worker] DEBUG o.h.e.j.i.LogicalConnectionImpl - Obtaining JDBC connection
16:05:18.193 [Test worker] DEBUG b.tm.resource.jdbc.PoolingDataSource - acquiring connection from a PoolingDataSource containing an XAPool of resource jdbc/fulfilment_ds1 with 3 connection(s) (2 still available)
16:05:18.193 [Test worker] DEBUG bitronix.tm.resource.common.XAPool - trying to recycle a NOT_ACCESSIBLE connection of an XAPool of resource jdbc/fulfilment_ds1 with 3 connection(s) (2 still available)
16:05:18.193 [Test worker] DEBUG bitronix.tm.resource.common.XAPool - current transaction GTRID is [737072696E672D62746D00000145172BCE9100000009]
16:05:18.193 [Test worker] DEBUG bitronix.tm.resource.common.XAPool - found a connection in NOT_ACCESSIBLE state: a JdbcPooledConnection from datasource jdbc/fulfilment_ds1 in state NOT_ACCESSIBLE with usage count 0 wrapping org.postgresql.xa.PGXAConnection@77da0fd
16:05:18.193 [Test worker] DEBUG bitronix.tm.resource.common.XAPool - 1 xa resource(s) created by connection in NOT_ACCESSIBLE state: a JdbcPooledConnection from datasource jdbc/fulfilment_ds1 in state NOT_ACCESSIBLE with usage count 0 wrapping org.postgresql.xa.PGXAConnection@77da0fd
16:05:18.193 [Test worker] DEBUG bitronix.tm.resource.common.XAPool - NOT_ACCESSIBLE xa resource GTRID: 737072696E672D62746D00000145172BCE9100000009
16:05:18.193 [Test worker] DEBUG bitronix.tm.resource.common.XAPool - NOT_ACCESSIBLE xa resource's GTRID matched this transaction's GTRID, recycling it
16:05:18.193 [Test worker] DEBUG bitronix.tm.resource.common.XAPool - found NOT_ACCESSIBLE connection a JdbcPooledConnection from datasource jdbc/fulfilment_ds1 in state NOT_ACCESSIBLE with usage count 0 wrapping org.postgresql.xa.PGXAConnection@77da0fd from an XAPool of resource jdbc/fulfilment_ds1 with 3 connection(s) (2 still available)
16:05:18.216 [Test worker] DEBUG b.t.r.jdbc.JdbcPooledConnection - getting connection handle from a JdbcPooledConnection from datasource jdbc/fulfilment_ds1 in state NOT_ACCESSIBLE with usage count 0 wrapping org.postgresql.xa.PGXAConnection@77da0fd
16:05:18.216 [Test worker] DEBUG b.t.r.c.AbstractXAStatefulHolder - notifying 2 stateChangeEventListener(s) about state changing from NOT_ACCESSIBLE to ACCESSIBLE in a JdbcPooledConnection from datasource jdbc/fulfilment_ds1 in state NOT_ACCESSIBLE with usage count 1 wrapping org.postgresql.xa.PGXAConnection@77da0fd
16:05:18.216 [Test worker] DEBUG bitronix.tm.resource.common.XAPool - removed a JdbcPooledConnection from datasource jdbc/fulfilment_ds1 in state NOT_ACCESSIBLE with usage count 1 wrapping org.postgresql.xa.PGXAConnection@77da0fd from the inaccessible pool
16:05:18.217 [Test worker] DEBUG b.t.r.c.AbstractXAStatefulHolder - state changing from NOT_ACCESSIBLE to ACCESSIBLE in a JdbcPooledConnection from datasource jdbc/fulfilment_ds1 in state NOT_ACCESSIBLE with usage count 1 wrapping org.postgresql.xa.PGXAConnection@77da0fd
16:05:18.219 [Test worker] DEBUG b.t.r.c.AbstractXAStatefulHolder - notifying 2 stateChangeEventListener(s) about state changed from NOT_ACCESSIBLE to ACCESSIBLE in a JdbcPooledConnection from datasource jdbc/fulfilment_ds1 in state ACCESSIBLE with usage count 1 wrapping org.postgresql.xa.PGXAConnection@77da0fd
16:05:18.219 [Test worker] DEBUG b.t.r.c.TransactionContextHelper - marking a JdbcPooledConnection from datasource jdbc/fulfilment_ds1 in state ACCESSIBLE with usage count 1 wrapping org.postgresql.xa.PGXAConnection@77da0fd as recycled in a Bitronix Transaction with GTRID [737072696E672D62746D00000145172BCE9100000009], status=ACTIVE, 1 resource(s) enlisted (started Mon Mar 31 16:05:18 CST 2014)
16:05:18.220 [Test worker] DEBUG b.t.r.c.TransactionContextHelper - a JdbcPooledConnection from datasource jdbc/fulfilment_ds1 in state ACCESSIBLE with usage count 1 wrapping org.postgresql.xa.PGXAConnection@77da0fd has been recycled, unregistering deferred release from a Bitronix Transaction with GTRID [737072696E672D62746D00000145172BCE9100000009], status=ACTIVE, 1 resource(s) enlisted (started Mon Mar 31 16:05:18 CST 2014)
16:05:18.221 [Test worker] DEBUG bitronix.tm.resource.common.XAPool - added a JdbcPooledConnection from datasource jdbc/fulfilment_ds1 in state ACCESSIBLE with usage count 1 wrapping org.postgresql.xa.PGXAConnection@77da0fd to the accessible pool
16:05:18.222 [Test worker] DEBUG b.t.r.jdbc.JdbcPooledConnection - connection org.postgresql.xa.PGXAConnection@77da0fd was in state NOT_ACCESSIBLE, no need to test it
16:05:18.226 [Test worker] DEBUG b.t.r.jdbc.JdbcPooledConnection - got connection handle from a JdbcPooledConnection from datasource jdbc/fulfilment_ds1 in state ACCESSIBLE with usage count 1 wrapping org.postgresql.xa.PGXAConnection@77da0fd
16:05:18.226 [Test worker] DEBUG b.tm.resource.jdbc.PoolingDataSource - acquired connection from a PoolingDataSource containing an XAPool of resource jdbc/fulfilment_ds1 with 3 connection(s) (2 still available)
16:05:18.226 [Test worker] DEBUG o.h.e.j.i.LogicalConnectionImpl - Obtained JDBC connection
16:05:18.226 [Test worker] DEBUG b.t.r.c.TransactionContextHelper - enlisting a JdbcPooledConnection from datasource jdbc/fulfilment_ds1 in state ACCESSIBLE with usage count 1 wrapping org.postgresql.xa.PGXAConnection@77da0fd into a Bitronix Transaction with GTRID [737072696E672D62746D00000145172BCE9100000009], status=ACTIVE, 1 resource(s) enlisted (started Mon Mar 31 16:05:18 CST 2014)
16:05:18.226 [Test worker] DEBUG b.t.r.c.TransactionContextHelper - avoiding re-enlistment of already enlisted but not ended resource an XAResourceHolderState with uniqueName=jdbc/fulfilment_ds1 XAResource=org.postgresql.xa.PGXAConnection@77da0fd (started) with XID a Bitronix XID [737072696E672D62746D00000145172BCE9100000009 : 737072696E672D62746D00000145172BCEA90000000A]
16:05:18.226 [Test worker] DEBUG org.hibernate.SQL - insert into fulfilment_request (created_by, created_time, updated_by, updated_time, order_id, payload, tracking_guid, request_id) values (?, ?, ?, ?, ?, ?, ?, ?)
Hibernate: insert into fulfilment_request (created_by, created_time, updated_by, updated_time, order_id, payload, tracking_guid, request_id) values (?, ?, ?, ?, ?, ?, ?, ?)
16:05:18.238 [Test worker] DEBUG o.h.e.j.batch.internal.BatchingBatch - Executing batch size: 1
16:05:18.239 [Test worker] DEBUG o.h.e.j.i.LogicalConnectionImpl - Skipping aggressive release due to manual disabling
16:05:18.239 [Test worker] DEBUG b.t.r.c.TransactionContextHelper - enlisting a JdbcPooledConnection from datasource jdbc/fulfilment_ds1 in state ACCESSIBLE with usage count 1 wrapping org.postgresql.xa.PGXAConnection@77da0fd into a Bitronix Transaction with GTRID [737072696E672D62746D00000145172BCE9100000009], status=ACTIVE, 1 resource(s) enlisted (started Mon Mar 31 16:05:18 CST 2014)
16:05:18.239 [Test worker] DEBUG b.t.r.c.TransactionContextHelper - avoiding re-enlistment of already enlisted but not ended resource an XAResourceHolderState with uniqueName=jdbc/fulfilment_ds1 XAResource=org.postgresql.xa.PGXAConnection@77da0fd (started) with XID a Bitronix XID [737072696E672D62746D00000145172BCE9100000009 : 737072696E672D62746D00000145172BCEA90000000A]
16:05:18.240 [Test worker] DEBUG org.hibernate.SQL - insert into fulfilment_item (created_by, created_time, updated_by, updated_time, payload, request_id, fulfilment_id) values (?, ?, ?, ?, ?, ?, ?)
Hibernate: insert into fulfilment_item (created_by, created_time, updated_by, updated_time, payload, request_id, fulfilment_id) values (?, ?, ?, ?, ?, ?, ?)
16:05:18.245 [Test worker] DEBUG o.h.e.j.batch.internal.BatchingBatch - Executing batch size: 1
16:05:18.249 [Test worker] DEBUG o.h.e.j.i.LogicalConnectionImpl - Skipping aggressive release due to manual disabling
16:05:18.249 [Test worker] DEBUG b.t.r.c.TransactionContextHelper - enlisting a JdbcPooledConnection from datasource jdbc/fulfilment_ds1 in state ACCESSIBLE with usage count 1 wrapping org.postgresql.xa.PGXAConnection@77da0fd into a Bitronix Transaction with GTRID [737072696E672D62746D00000145172BCE9100000009], status=ACTIVE, 1 resource(s) enlisted (started Mon Mar 31 16:05:18 CST 2014)
16:05:18.249 [Test worker] DEBUG b.t.r.c.TransactionContextHelper - avoiding re-enlistment of already enlisted but not ended resource an XAResourceHolderState with uniqueName=jdbc/fulfilment_ds1 XAResource=org.postgresql.xa.PGXAConnection@77da0fd (started) with XID a Bitronix XID [737072696E672D62746D00000145172BCE9100000009 : 737072696E672D62746D00000145172BCEA90000000A]
16:05:18.249 [Test worker] DEBUG org.hibernate.SQL - insert into fulfilment_action (created_by, created_time, updated_by, updated_time, fulfilment_id, payload, result, status, type, action_id) values (?, ?, ?, ?, ?, ?, ?, ?, ?, ?)
Hibernate: insert into fulfilment_action (created_by, created_time, updated_by, updated_time, fulfilment_id, payload, result, status, type, action_id) values (?, ?, ?, ?, ?, ?, ?, ?, ?, ?)
16:05:18.250 [Test worker] DEBUG o.h.e.j.b.internal.AbstractBatchImpl - Reusing batch statement
16:05:18.251 [Test worker] DEBUG org.hibernate.SQL - insert into fulfilment_action (created_by, created_time, updated_by, updated_time, fulfilment_id, payload, result, status, type, action_id) values (?, ?, ?, ?, ?, ?, ?, ?, ?, ?)
Hibernate: insert into fulfilment_action (created_by, created_time, updated_by, updated_time, fulfilment_id, payload, result, status, type, action_id) values (?, ?, ?, ?, ?, ?, ?, ?, ?, ?)
16:05:18.252 [Test worker] DEBUG o.h.e.j.b.internal.AbstractBatchImpl - Reusing batch statement
16:05:18.253 [Test worker] DEBUG org.hibernate.SQL - insert into fulfilment_action (created_by, created_time, updated_by, updated_time, fulfilment_id, payload, result, status, type, action_id) values (?, ?, ?, ?, ?, ?, ?, ?, ?, ?)
Hibernate: insert into fulfilment_action (created_by, created_time, updated_by, updated_time, fulfilment_id, payload, result, status, type, action_id) values (?, ?, ?, ?, ?, ?, ?, ?, ?, ?)
16:05:18.253 [Test worker] DEBUG o.h.e.j.b.internal.AbstractBatchImpl - Reusing batch statement
16:05:18.253 [Test worker] DEBUG org.hibernate.SQL - insert into fulfilment_action (created_by, created_time, updated_by, updated_time, fulfilment_id, payload, result, status, type, action_id) values (?, ?, ?, ?, ?, ?, ?, ?, ?, ?)
Hibernate: insert into fulfilment_action (created_by, created_time, updated_by, updated_time, fulfilment_id, payload, result, status, type, action_id) values (?, ?, ?, ?, ?, ?, ?, ?, ?, ?)
16:05:18.254 [Test worker] DEBUG o.h.e.j.b.internal.AbstractBatchImpl - Reusing batch statement
16:05:18.254 [Test worker] DEBUG org.hibernate.SQL - insert into fulfilment_action (created_by, created_time, updated_by, updated_time, fulfilment_id, payload, result, status, type, action_id) values (?, ?, ?, ?, ?, ?, ?, ?, ?, ?)
Hibernate: insert into fulfilment_action (created_by, created_time, updated_by, updated_time, fulfilment_id, payload, result, status, type, action_id) values (?, ?, ?, ?, ?, ?, ?, ?, ?, ?)
16:05:18.254 [Test worker] DEBUG o.h.e.j.batch.internal.BatchingBatch - Executing batch size: 5
16:05:18.257 [Test worker] DEBUG o.h.e.j.i.LogicalConnectionImpl - Skipping aggressive release due to manual disabling
16:05:18.257 [Test worker] DEBUG b.t.r.c.TransactionContextHelper - enlisting a JdbcPooledConnection from datasource jdbc/fulfilment_ds1 in state ACCESSIBLE with usage count 1 wrapping org.postgresql.xa.PGXAConnection@77da0fd into a Bitronix Transaction with GTRID [737072696E672D62746D00000145172BCE9100000009], status=ACTIVE, 1 resource(s) enlisted (started Mon Mar 31 16:05:18 CST 2014)
16:05:18.257 [Test worker] DEBUG b.t.r.c.TransactionContextHelper - avoiding re-enlistment of already enlisted but not ended resource an XAResourceHolderState with uniqueName=jdbc/fulfilment_ds1 XAResource=org.postgresql.xa.PGXAConnection@77da0fd (started) with XID a Bitronix XID [737072696E672D62746D00000145172BCE9100000009 : 737072696E672D62746D00000145172BCEA90000000A]
16:05:18.257 [Test worker] DEBUG org.hibernate.SQL - insert into fulfilment_item (created_by, created_time, updated_by, updated_time, payload, request_id, fulfilment_id) values (?, ?, ?, ?, ?, ?, ?)
Hibernate: insert into fulfilment_item (created_by, created_time, updated_by, updated_time, payload, request_id, fulfilment_id) values (?, ?, ?, ?, ?, ?, ?)
16:05:18.259 [Test worker] DEBUG o.h.e.j.batch.internal.BatchingBatch - Executing batch size: 1
16:05:18.260 [Test worker] DEBUG o.h.e.j.i.LogicalConnectionImpl - Skipping aggressive release due to manual disabling
16:05:18.260 [Test worker] DEBUG b.t.r.c.TransactionContextHelper - enlisting a JdbcPooledConnection from datasource jdbc/fulfilment_ds1 in state ACCESSIBLE with usage count 1 wrapping org.postgresql.xa.PGXAConnection@77da0fd into a Bitronix Transaction with GTRID [737072696E672D62746D00000145172BCE9100000009], status=ACTIVE, 1 resource(s) enlisted (started Mon Mar 31 16:05:18 CST 2014)
16:05:18.260 [Test worker] DEBUG b.t.r.c.TransactionContextHelper - avoiding re-enlistment of already enlisted but not ended resource an XAResourceHolderState with uniqueName=jdbc/fulfilment_ds1 XAResource=org.postgresql.xa.PGXAConnection@77da0fd (started) with XID a Bitronix XID [737072696E672D62746D00000145172BCE9100000009 : 737072696E672D62746D00000145172BCEA90000000A]
16:05:18.260 [Test worker] DEBUG org.hibernate.SQL - insert into fulfilment_action (created_by, created_time, updated_by, updated_time, fulfilment_id, payload, result, status, type, action_id) values (?, ?, ?, ?, ?, ?, ?, ?, ?, ?)
Hibernate: insert into fulfilment_action (created_by, created_time, updated_by, updated_time, fulfilment_id, payload, result, status, type, action_id) values (?, ?, ?, ?, ?, ?, ?, ?, ?, ?)
16:05:18.261 [Test worker] DEBUG o.h.e.j.batch.internal.BatchingBatch - Executing batch size: 1
16:05:18.262 [Test worker] DEBUG o.h.e.j.i.LogicalConnectionImpl - Skipping aggressive release due to manual disabling
16:05:18.262 [Test worker] DEBUG b.t.r.c.TransactionContextHelper - enlisting a JdbcPooledConnection from datasource jdbc/fulfilment_ds1 in state ACCESSIBLE with usage count 1 wrapping org.postgresql.xa.PGXAConnection@77da0fd into a Bitronix Transaction with GTRID [737072696E672D62746D00000145172BCE9100000009], status=ACTIVE, 1 resource(s) enlisted (started Mon Mar 31 16:05:18 CST 2014)
16:05:18.262 [Test worker] DEBUG b.t.r.c.TransactionContextHelper - avoiding re-enlistment of already enlisted but not ended resource an XAResourceHolderState with uniqueName=jdbc/fulfilment_ds1 XAResource=org.postgresql.xa.PGXAConnection@77da0fd (started) with XID a Bitronix XID [737072696E672D62746D00000145172BCE9100000009 : 737072696E672D62746D00000145172BCEA90000000A]
16:05:18.263 [Test worker] DEBUG org.hibernate.SQL - update fulfilment_action set created_by=?, created_time=?, updated_by=?, updated_time=?, fulfilment_id=?, payload=?, result=?, status=?, type=? where action_id=?
Hibernate: update fulfilment_action set created_by=?, created_time=?, updated_by=?, updated_time=?, fulfilment_id=?, payload=?, result=?, status=?, type=? where action_id=?
16:05:18.264 [Test worker] DEBUG o.h.e.j.b.internal.AbstractBatchImpl - Reusing batch statement
16:05:18.264 [Test worker] DEBUG org.hibernate.SQL - update fulfilment_action set created_by=?, created_time=?, updated_by=?, updated_time=?, fulfilment_id=?, payload=?, result=?, status=?, type=? where action_id=?
Hibernate: update fulfilment_action set created_by=?, created_time=?, updated_by=?, updated_time=?, fulfilment_id=?, payload=?, result=?, status=?, type=? where action_id=?
16:05:18.264 [Test worker] DEBUG o.h.e.j.batch.internal.BatchingBatch - Executing batch size: 2
16:05:18.266 [Test worker] DEBUG o.h.e.j.i.LogicalConnectionImpl - Skipping aggressive release due to manual disabling
16:05:18.266 [Test worker] DEBUG o.h.e.j.i.LogicalConnectionImpl - Releasing JDBC connection
16:05:18.266 [Test worker] DEBUG b.t.r.jdbc.proxy.ConnectionJavaProxy - closing a ConnectionJavaProxy of a JdbcPooledConnection from datasource jdbc/fulfilment_ds1 in state ACCESSIBLE with usage count 1 wrapping org.postgresql.xa.PGXAConnection@77da0fd on Pooled connection wrapping physical connection org.postgresql.jdbc4.Jdbc4Connection@2c98acfa
16:05:18.266 [Test worker] DEBUG b.t.r.jdbc.JdbcPooledConnection - releasing to pool a JdbcPooledConnection from datasource jdbc/fulfilment_ds1 in state ACCESSIBLE with usage count 1 wrapping org.postgresql.xa.PGXAConnection@77da0fd
16:05:18.266 [Test worker] DEBUG b.t.r.c.TransactionContextHelper - delisting a JdbcPooledConnection from datasource jdbc/fulfilment_ds1 in state ACCESSIBLE with usage count 0 wrapping org.postgresql.xa.PGXAConnection@77da0fd from a Bitronix Transaction with GTRID [737072696E672D62746D00000145172BCE9100000009], status=ACTIVE, 1 resource(s) enlisted (started Mon Mar 31 16:05:18 CST 2014)
16:05:18.266 [Test worker] DEBUG b.t.r.c.TransactionContextHelper - resource is in enlisting global transaction context: a JdbcPooledConnection from datasource jdbc/fulfilment_ds1 in state ACCESSIBLE with usage count 0 wrapping org.postgresql.xa.PGXAConnection@77da0fd
16:05:18.266 [Test worker] DEBUG b.t.r.c.TransactionContextHelper - requeuing a JdbcPooledConnection from datasource jdbc/fulfilment_ds1 in state ACCESSIBLE with usage count 0 wrapping org.postgresql.xa.PGXAConnection@77da0fd from a Bitronix Transaction with GTRID [737072696E672D62746D00000145172BCE9100000009], status=ACTIVE, 1 resource(s) enlisted (started Mon Mar 31 16:05:18 CST 2014)
16:05:18.266 [Test worker] DEBUG b.t.r.c.TransactionContextHelper - resource is in enlisting global transaction context: a JdbcPooledConnection from datasource jdbc/fulfilment_ds1 in state ACCESSIBLE with usage count 0 wrapping org.postgresql.xa.PGXAConnection@77da0fd
16:05:18.266 [Test worker] DEBUG b.t.r.c.TransactionContextHelper - deferring release to pool of a JdbcPooledConnection from datasource jdbc/fulfilment_ds1 in state ACCESSIBLE with usage count 0 wrapping org.postgresql.xa.PGXAConnection@77da0fd
16:05:18.266 [Test worker] DEBUG b.t.r.c.TransactionContextHelper - a JdbcPooledConnection from datasource jdbc/fulfilment_ds1 in state ACCESSIBLE with usage count 0 wrapping org.postgresql.xa.PGXAConnection@77da0fd is not already registered for deferred release in a Bitronix Transaction with GTRID [737072696E672D62746D00000145172BCE9100000009], status=ACTIVE, 1 resource(s) enlisted (started Mon Mar 31 16:05:18 CST 2014)
16:05:18.266 [Test worker] DEBUG b.t.r.c.TransactionContextHelper - registering DeferredReleaseSynchronization for a JdbcPooledConnection from datasource jdbc/fulfilment_ds1 in state ACCESSIBLE with usage count 0 wrapping org.postgresql.xa.PGXAConnection@77da0fd
16:05:18.266 [Test worker] DEBUG b.t.r.c.AbstractXAStatefulHolder - notifying 2 stateChangeEventListener(s) about state changing from ACCESSIBLE to NOT_ACCESSIBLE in a JdbcPooledConnection from datasource jdbc/fulfilment_ds1 in state ACCESSIBLE with usage count 0 wrapping org.postgresql.xa.PGXAConnection@77da0fd
16:05:18.266 [Test worker] DEBUG b.t.r.jdbc.JdbcPooledConnection - closing 0 dangling uncached statement(s)
16:05:18.266 [Test worker] DEBUG bitronix.tm.resource.common.XAPool - removed a JdbcPooledConnection from datasource jdbc/fulfilment_ds1 in state ACCESSIBLE with usage count 0 wrapping org.postgresql.xa.PGXAConnection@77da0fd from the accessible pool
16:05:18.266 [Test worker] DEBUG b.t.r.c.AbstractXAStatefulHolder - state changing from ACCESSIBLE to NOT_ACCESSIBLE in a JdbcPooledConnection from datasource jdbc/fulfilment_ds1 in state ACCESSIBLE with usage count 0 wrapping org.postgresql.xa.PGXAConnection@77da0fd
16:05:18.266 [Test worker] DEBUG b.t.r.c.AbstractXAStatefulHolder - notifying 2 stateChangeEventListener(s) about state changed from ACCESSIBLE to NOT_ACCESSIBLE in a JdbcPooledConnection from datasource jdbc/fulfilment_ds1 in state NOT_ACCESSIBLE with usage count 0 wrapping org.postgresql.xa.PGXAConnection@77da0fd
16:05:18.266 [Test worker] DEBUG bitronix.tm.resource.common.XAPool - added a JdbcPooledConnection from datasource jdbc/fulfilment_ds1 in state NOT_ACCESSIBLE with usage count 0 wrapping org.postgresql.xa.PGXAConnection@77da0fd to the inaccessible pool
16:05:18.266 [Test worker] DEBUG b.t.r.jdbc.JdbcPooledConnection - released to pool a JdbcPooledConnection from datasource jdbc/fulfilment_ds1 in state NOT_ACCESSIBLE with usage count 0 wrapping org.postgresql.xa.PGXAConnection@77da0fd
16:05:18.266 [Test worker] DEBUG o.h.e.j.i.LogicalConnectionImpl - Released JDBC connection
16:05:18.266 [Test worker] DEBUG o.h.e.j.i.LogicalConnectionImpl - Obtaining JDBC connection
16:05:18.266 [Test worker] DEBUG b.tm.resource.jdbc.PoolingDataSource - acquiring connection from a PoolingDataSource containing an XAPool of resource jdbc/fulfilment_ds1 with 3 connection(s) (2 still available)
16:05:18.267 [Test worker] DEBUG bitronix.tm.resource.common.XAPool - trying to recycle a NOT_ACCESSIBLE connection of an XAPool of resource jdbc/fulfilment_ds1 with 3 connection(s) (2 still available)
16:05:18.267 [Test worker] DEBUG bitronix.tm.resource.common.XAPool - current transaction GTRID is [737072696E672D62746D00000145172BCE9100000009]
16:05:18.267 [Test worker] DEBUG bitronix.tm.resource.common.XAPool - found a connection in NOT_ACCESSIBLE state: a JdbcPooledConnection from datasource jdbc/fulfilment_ds1 in state NOT_ACCESSIBLE with usage count 0 wrapping org.postgresql.xa.PGXAConnection@77da0fd
16:05:18.267 [Test worker] DEBUG bitronix.tm.resource.common.XAPool - 1 xa resource(s) created by connection in NOT_ACCESSIBLE state: a JdbcPooledConnection from datasource jdbc/fulfilment_ds1 in state NOT_ACCESSIBLE with usage count 0 wrapping org.postgresql.xa.PGXAConnection@77da0fd
16:05:18.267 [Test worker] DEBUG bitronix.tm.resource.common.XAPool - NOT_ACCESSIBLE xa resource GTRID: 737072696E672D62746D00000145172BCE9100000009
16:05:18.267 [Test worker] DEBUG bitronix.tm.resource.common.XAPool - NOT_ACCESSIBLE xa resource's GTRID matched this transaction's GTRID, recycling it
16:05:18.267 [Test worker] DEBUG bitronix.tm.resource.common.XAPool - found NOT_ACCESSIBLE connection a JdbcPooledConnection from datasource jdbc/fulfilment_ds1 in state NOT_ACCESSIBLE with usage count 0 wrapping org.postgresql.xa.PGXAConnection@77da0fd from an XAPool of resource jdbc/fulfilment_ds1 with 3 connection(s) (2 still available)
16:05:18.267 [Test worker] DEBUG b.t.r.jdbc.JdbcPooledConnection - getting connection handle from a JdbcPooledConnection from datasource jdbc/fulfilment_ds1 in state NOT_ACCESSIBLE with usage count 0 wrapping org.postgresql.xa.PGXAConnection@77da0fd
16:05:18.267 [Test worker] DEBUG b.t.r.c.AbstractXAStatefulHolder - notifying 2 stateChangeEventListener(s) about state changing from NOT_ACCESSIBLE to ACCESSIBLE in a JdbcPooledConnection from datasource jdbc/fulfilment_ds1 in state NOT_ACCESSIBLE with usage count 1 wrapping org.postgresql.xa.PGXAConnection@77da0fd
16:05:18.267 [Test worker] DEBUG bitronix.tm.resource.common.XAPool - removed a JdbcPooledConnection from datasource jdbc/fulfilment_ds1 in state NOT_ACCESSIBLE with usage count 1 wrapping org.postgresql.xa.PGXAConnection@77da0fd from the inaccessible pool
16:05:18.267 [Test worker] DEBUG b.t.r.c.AbstractXAStatefulHolder - state changing from NOT_ACCESSIBLE to ACCESSIBLE in a JdbcPooledConnection from datasource jdbc/fulfilment_ds1 in state NOT_ACCESSIBLE with usage count 1 wrapping org.postgresql.xa.PGXAConnection@77da0fd
16:05:18.267 [Test worker] DEBUG b.t.r.c.AbstractXAStatefulHolder - notifying 2 stateChangeEventListener(s) about state changed from NOT_ACCESSIBLE to ACCESSIBLE in a JdbcPooledConnection from datasource jdbc/fulfilment_ds1 in state ACCESSIBLE with usage count 1 wrapping org.postgresql.xa.PGXAConnection@77da0fd
16:05:18.267 [Test worker] DEBUG b.t.r.c.TransactionContextHelper - marking a JdbcPooledConnection from datasource jdbc/fulfilment_ds1 in state ACCESSIBLE with usage count 1 wrapping org.postgresql.xa.PGXAConnection@77da0fd as recycled in a Bitronix Transaction with GTRID [737072696E672D62746D00000145172BCE9100000009], status=ACTIVE, 1 resource(s) enlisted (started Mon Mar 31 16:05:18 CST 2014)
16:05:18.267 [Test worker] DEBUG b.t.r.c.TransactionContextHelper - a JdbcPooledConnection from datasource jdbc/fulfilment_ds1 in state ACCESSIBLE with usage count 1 wrapping org.postgresql.xa.PGXAConnection@77da0fd has been recycled, unregistering deferred release from a Bitronix Transaction with GTRID [737072696E672D62746D00000145172BCE9100000009], status=ACTIVE, 1 resource(s) enlisted (started Mon Mar 31 16:05:18 CST 2014)
16:05:18.267 [Test worker] DEBUG bitronix.tm.resource.common.XAPool - added a JdbcPooledConnection from datasource jdbc/fulfilment_ds1 in state ACCESSIBLE with usage count 1 wrapping org.postgresql.xa.PGXAConnection@77da0fd to the accessible pool
16:05:18.267 [Test worker] DEBUG b.t.r.jdbc.JdbcPooledConnection - connection org.postgresql.xa.PGXAConnection@77da0fd was in state NOT_ACCESSIBLE, no need to test it
16:05:18.267 [Test worker] DEBUG b.t.r.jdbc.JdbcPooledConnection - got connection handle from a JdbcPooledConnection from datasource jdbc/fulfilment_ds1 in state ACCESSIBLE with usage count 1 wrapping org.postgresql.xa.PGXAConnection@77da0fd
16:05:18.267 [Test worker] DEBUG b.tm.resource.jdbc.PoolingDataSource - acquired connection from a PoolingDataSource containing an XAPool of resource jdbc/fulfilment_ds1 with 3 connection(s) (2 still available)
16:05:18.267 [Test worker] DEBUG o.h.e.j.i.LogicalConnectionImpl - Obtained JDBC connection
16:05:18.267 [Test worker] DEBUG b.t.r.c.TransactionContextHelper - enlisting a JdbcPooledConnection from datasource jdbc/fulfilment_ds1 in state ACCESSIBLE with usage count 1 wrapping org.postgresql.xa.PGXAConnection@77da0fd into a Bitronix Transaction with GTRID [737072696E672D62746D00000145172BCE9100000009], status=ACTIVE, 1 resource(s) enlisted (started Mon Mar 31 16:05:18 CST 2014)
16:05:18.267 [Test worker] DEBUG b.t.r.c.TransactionContextHelper - avoiding re-enlistment of already enlisted but not ended resource an XAResourceHolderState with uniqueName=jdbc/fulfilment_ds1 XAResource=org.postgresql.xa.PGXAConnection@77da0fd (started) with XID a Bitronix XID [737072696E672D62746D00000145172BCE9100000009 : 737072696E672D62746D00000145172BCEA90000000A]
16:05:18.267 [Test worker] DEBUG org.hibernate.SQL - select this_.fulfilment_id as fulfilment1_3_0_, this_.created_by as created2_3_0_, this_.created_time as created3_3_0_, this_.updated_by as updated4_3_0_, this_.updated_time as updated5_3_0_, this_.payload as payload3_0_, this_.request_id as request7_3_0_ from fulfilment_item this_ where this_.request_id=?
Hibernate: select this_.fulfilment_id as fulfilment1_3_0_, this_.created_by as created2_3_0_, this_.created_time as created3_3_0_, this_.updated_by as updated4_3_0_, this_.updated_time as updated5_3_0_, this_.payload as payload3_0_, this_.request_id as request7_3_0_ from fulfilment_item this_ where this_.request_id=?
16:05:18.269 [Test worker] DEBUG org.hibernate.loader.Loader - Result set row: 0
16:05:18.269 [Test worker] DEBUG org.hibernate.loader.Loader - Result row: EntityKey[com.junbo.fulfilment.db.entity.FulfilmentEntity#1023868928]
16:05:18.269 [Test worker] DEBUG org.hibernate.loader.Loader - Result set row: 1
16:05:18.270 [Test worker] DEBUG org.hibernate.loader.Loader - Result row: EntityKey[com.junbo.fulfilment.db.entity.FulfilmentEntity#1023967232]
16:05:18.270 [Test worker] DEBUG o.h.e.j.i.LogicalConnectionImpl - Releasing JDBC connection
16:05:18.271 [Test worker] DEBUG b.t.r.jdbc.proxy.ConnectionJavaProxy - closing a ConnectionJavaProxy of a JdbcPooledConnection from datasource jdbc/fulfilment_ds1 in state ACCESSIBLE with usage count 1 wrapping org.postgresql.xa.PGXAConnection@77da0fd on Pooled connection wrapping physical connection org.postgresql.jdbc4.Jdbc4Connection@2c98acfa
16:05:18.271 [Test worker] DEBUG b.t.r.jdbc.JdbcPooledConnection - releasing to pool a JdbcPooledConnection from datasource jdbc/fulfilment_ds1 in state ACCESSIBLE with usage count 1 wrapping org.postgresql.xa.PGXAConnection@77da0fd
16:05:18.271 [Test worker] DEBUG b.t.r.c.TransactionContextHelper - delisting a JdbcPooledConnection from datasource jdbc/fulfilment_ds1 in state ACCESSIBLE with usage count 0 wrapping org.postgresql.xa.PGXAConnection@77da0fd from a Bitronix Transaction with GTRID [737072696E672D62746D00000145172BCE9100000009], status=ACTIVE, 1 resource(s) enlisted (started Mon Mar 31 16:05:18 CST 2014)
16:05:18.271 [Test worker] DEBUG b.t.r.c.TransactionContextHelper - resource is in enlisting global transaction context: a JdbcPooledConnection from datasource jdbc/fulfilment_ds1 in state ACCESSIBLE with usage count 0 wrapping org.postgresql.xa.PGXAConnection@77da0fd
16:05:18.271 [Test worker] DEBUG b.t.r.c.TransactionContextHelper - requeuing a JdbcPooledConnection from datasource jdbc/fulfilment_ds1 in state ACCESSIBLE with usage count 0 wrapping org.postgresql.xa.PGXAConnection@77da0fd from a Bitronix Transaction with GTRID [737072696E672D62746D00000145172BCE9100000009], status=ACTIVE, 1 resource(s) enlisted (started Mon Mar 31 16:05:18 CST 2014)
16:05:18.271 [Test worker] DEBUG b.t.r.c.TransactionContextHelper - resource is in enlisting global transaction context: a JdbcPooledConnection from datasource jdbc/fulfilment_ds1 in state ACCESSIBLE with usage count 0 wrapping org.postgresql.xa.PGXAConnection@77da0fd
16:05:18.271 [Test worker] DEBUG b.t.r.c.TransactionContextHelper - deferring release to pool of a JdbcPooledConnection from datasource jdbc/fulfilment_ds1 in state ACCESSIBLE with usage count 0 wrapping org.postgresql.xa.PGXAConnection@77da0fd
16:05:18.271 [Test worker] DEBUG b.t.r.c.TransactionContextHelper - a JdbcPooledConnection from datasource jdbc/fulfilment_ds1 in state ACCESSIBLE with usage count 0 wrapping org.postgresql.xa.PGXAConnection@77da0fd is not already registered for deferred release in a Bitronix Transaction with GTRID [737072696E672D62746D00000145172BCE9100000009], status=ACTIVE, 1 resource(s) enlisted (started Mon Mar 31 16:05:18 CST 2014)
16:05:18.271 [Test worker] DEBUG b.t.r.c.TransactionContextHelper - registering DeferredReleaseSynchronization for a JdbcPooledConnection from datasource jdbc/fulfilment_ds1 in state ACCESSIBLE with usage count 0 wrapping org.postgresql.xa.PGXAConnection@77da0fd
16:05:18.271 [Test worker] DEBUG b.t.r.c.AbstractXAStatefulHolder - notifying 2 stateChangeEventListener(s) about state changing from ACCESSIBLE to NOT_ACCESSIBLE in a JdbcPooledConnection from datasource jdbc/fulfilment_ds1 in state ACCESSIBLE with usage count 0 wrapping org.postgresql.xa.PGXAConnection@77da0fd
16:05:18.271 [Test worker] DEBUG b.t.r.jdbc.JdbcPooledConnection - closing 0 dangling uncached statement(s)
16:05:18.271 [Test worker] DEBUG bitronix.tm.resource.common.XAPool - removed a JdbcPooledConnection from datasource jdbc/fulfilment_ds1 in state ACCESSIBLE with usage count 0 wrapping org.postgresql.xa.PGXAConnection@77da0fd from the accessible pool
16:05:18.271 [Test worker] DEBUG b.t.r.c.AbstractXAStatefulHolder - state changing from ACCESSIBLE to NOT_ACCESSIBLE in a JdbcPooledConnection from datasource jdbc/fulfilment_ds1 in state ACCESSIBLE with usage count 0 wrapping org.postgresql.xa.PGXAConnection@77da0fd
16:05:18.271 [Test worker] DEBUG b.t.r.c.AbstractXAStatefulHolder - notifying 2 stateChangeEventListener(s) about state changed from ACCESSIBLE to NOT_ACCESSIBLE in a JdbcPooledConnection from datasource jdbc/fulfilment_ds1 in state NOT_ACCESSIBLE with usage count 0 wrapping org.postgresql.xa.PGXAConnection@77da0fd
16:05:18.272 [Test worker] DEBUG bitronix.tm.resource.common.XAPool - added a JdbcPooledConnection from datasource jdbc/fulfilment_ds1 in state NOT_ACCESSIBLE with usage count 0 wrapping org.postgresql.xa.PGXAConnection@77da0fd to the inaccessible pool
16:05:18.272 [Test worker] DEBUG b.t.r.jdbc.JdbcPooledConnection - released to pool a JdbcPooledConnection from datasource jdbc/fulfilment_ds1 in state NOT_ACCESSIBLE with usage count 0 wrapping org.postgresql.xa.PGXAConnection@77da0fd
16:05:18.272 [Test worker] DEBUG o.h.e.j.i.LogicalConnectionImpl - Released JDBC connection
16:05:18.272 [Test worker] DEBUG o.h.e.i.StatefulPersistenceContext - Initializing non-lazy collections
16:05:18.285 [Test worker] DEBUG o.h.e.i.AbstractFlushingEventListener - Processing flush-time cascades
16:05:18.285 [Test worker] DEBUG o.h.e.i.AbstractFlushingEventListener - Dirty checking collections
16:05:18.286 [Test worker] DEBUG o.h.e.i.AbstractFlushingEventListener - Flushed: 0 insertions, 0 updates, 0 deletions to 9 objects
16:05:18.286 [Test worker] DEBUG o.h.e.i.AbstractFlushingEventListener - Flushed: 0 (re)creations, 0 updates, 0 removals to 0 collections
16:05:18.286 [Test worker] DEBUG o.h.internal.util.EntityPrinter - Listing entities:
16:05:18.286 [Test worker] DEBUG o.h.internal.util.EntityPrinter - com.junbo.fulfilment.db.entity.FulfilmentActionEntity{id=1023983616, result=null, createdBy=system internal, status=0, createdTime=Mon Mar 31 16:05:18 CST 2014, payload={"copyCount":3,"items":[{"entityType":"ITEM","id":50000,"quantity":9,"sku":55555}],"properties":{"ENTITLEMENT_DEVELOPER":"TEST_DEVELOPER","ENTITLEMENT_GROUP":"TEST_GROUP","ENTITLEMENT_TAG":"TEST_TAG","ENTITLEMENT_TYPE":"DOWNLOAD"}}, type=1, fulfilmentId=1023967232, updatedTime=null, updatedBy=null}
16:05:18.286 [Test worker] DEBUG o.h.internal.util.EntityPrinter - com.junbo.fulfilment.db.entity.FulfilmentActionEntity{id=1023918080, result=null, createdBy=system internal, status=2, createdTime=Mon Mar 31 16:05:18 CST 2014, payload={"copyCount":4,"properties":{"ENTITLEMENT_DEVELOPER":"TEST_DEVELOPER","ENTITLEMENT_GROUP":"TEST_GROUP","ENTITLEMENT_TAG":"TEST_TAG","ENTITLEMENT_TYPE":"DOWNLOAD"}}, type=0, fulfilmentId=1023868928, updatedTime=Mon Mar 31 16:05:18 CST 2014, updatedBy=system internal}
16:05:18.286 [Test worker] DEBUG o.h.internal.util.EntityPrinter - com.junbo.fulfilment.db.entity.FulfilmentEntity{id=1023868928, createdBy=system internal, requestId=1023852544, createdTime=Mon Mar 31 16:05:18 CST 2014, payload={"offerId":100,"orderItemId":10000,"quantity":2,"timestamp":1396253118105}, updatedTime=null, updatedBy=null}
16:05:18.286 [Test worker] DEBUG o.h.internal.util.EntityPrinter - com.junbo.fulfilment.db.entity.FulfilmentActionEntity{id=1023934464, result=null, createdBy=system internal, status=0, createdTime=Mon Mar 31 16:05:18 CST 2014, payload={"copyCount":6,"items":[{"entityType":"ITEM","id":40000,"quantity":77,"sku":44444}],"properties":{"ENTITLEMENT_DEVELOPER":"TEST_DEVELOPER","ENTITLEMENT_GROUP":"TEST_GROUP","ENTITLEMENT_TAG":"TEST_TAG","ENTITLEMENT_TYPE":"DOWNLOAD"}}, type=1, fulfilmentId=1023868928, updatedTime=null, updatedBy=null}
16:05:18.287 [Test worker] DEBUG o.h.internal.util.EntityPrinter - com.junbo.fulfilment.db.entity.FulfilmentActionEntity{id=1023950848, result=null, createdBy=system internal, status=0, createdTime=Mon Mar 31 16:05:18 CST 2014, payload={"copyCount":60000,"items":[{"entityType":"ITEM","id":50000,"quantity":9,"sku":55555}],"properties":{"ENTITLEMENT_DEVELOPER":"TEST_DEVELOPER","ENTITLEMENT_GROUP":"TEST_GROUP","ENTITLEMENT_TAG":"TEST_TAG","ENTITLEMENT_TYPE":"DOWNLOAD"}}, type=1, fulfilmentId=1023868928, updatedTime=null, updatedBy=null}
16:05:18.287 [Test worker] DEBUG o.h.internal.util.EntityPrinter - com.junbo.fulfilment.db.entity.FulfilmentActionEntity{id=1023885312, result=null, createdBy=system internal, status=0, createdTime=Mon Mar 31 16:05:18 CST 2014, payload={"copyCount":2,"items":[{"entityType":"ITEM","id":10000,"quantity":888,"sku":11111},{"entityType":"ITEM","id":20000,"quantity":999,"sku":22222}],"properties":{"ENTITLEMENT_DEVELOPER":"TEST_DEVELOPER","ENTITLEMENT_GROUP":"TEST_GROUP","ENTITLEMENT_TAG":"TEST_TAG","ENTITLEMENT_TYPE":"DOWNLOAD"}}, type=1, fulfilmentId=1023868928, updatedTime=null, updatedBy=null}
16:05:18.287 [Test worker] DEBUG o.h.internal.util.EntityPrinter - com.junbo.fulfilment.db.entity.FulfilmentEntity{id=1023967232, createdBy=system internal, requestId=1023852544, createdTime=Mon Mar 31 16:05:18 CST 2014, payload={"offerId":400,"orderItemId":20000,"quantity":3,"timestamp":1396253118105}, updatedTime=null, updatedBy=null}
16:05:18.288 [Test worker] DEBUG o.h.internal.util.EntityPrinter - com.junbo.fulfilment.db.entity.FulfilmentActionEntity{id=1023901696, result=null, createdBy=system internal, status=2, createdTime=Mon Mar 31 16:05:18 CST 2014, payload={"copyCount":2,"properties":{"ENTITLEMENT_DEVELOPER":"TEST_DEVELOPER","ENTITLEMENT_GROUP":"TEST_GROUP","ENTITLEMENT_TAG":"TEST_TAG","ENTITLEMENT_TYPE":"DOWNLOAD"}}, type=0, fulfilmentId=1023868928, updatedTime=Mon Mar 31 16:05:18 CST 2014, updatedBy=system internal}
16:05:18.288 [Test worker] DEBUG o.h.internal.util.EntityPrinter - com.junbo.fulfilment.db.entity.FulfilmentRequestEntity{id=1023852544, trackingGuid=568b2451-29c3-41e9-a585-5ca42bb48886, createdBy=system internal, createdTime=Mon Mar 31 16:05:18 CST 2014, payload={"orderId":1396253118104,"requester":"SYSTEM","userId":1396253118104}, orderId=1396253118104, updatedTime=null, updatedBy=null}
16:05:18.288 [Test worker] DEBUG o.h.e.j.i.LogicalConnectionImpl - Obtaining JDBC connection
16:05:18.288 [Test worker] DEBUG b.tm.resource.jdbc.PoolingDataSource - acquiring connection from a PoolingDataSource containing an XAPool of resource jdbc/fulfilment_ds1 with 3 connection(s) (2 still available)
16:05:18.288 [Test worker] DEBUG bitronix.tm.resource.common.XAPool - trying to recycle a NOT_ACCESSIBLE connection of an XAPool of resource jdbc/fulfilment_ds1 with 3 connection(s) (2 still available)
16:05:18.288 [Test worker] DEBUG bitronix.tm.resource.common.XAPool - current transaction GTRID is [737072696E672D62746D00000145172BCE9100000009]
16:05:18.288 [Test worker] DEBUG bitronix.tm.resource.common.XAPool - found a connection in NOT_ACCESSIBLE state: a JdbcPooledConnection from datasource jdbc/fulfilment_ds1 in state NOT_ACCESSIBLE with usage count 0 wrapping org.postgresql.xa.PGXAConnection@77da0fd
16:05:18.288 [Test worker] DEBUG bitronix.tm.resource.common.XAPool - 1 xa resource(s) created by connection in NOT_ACCESSIBLE state: a JdbcPooledConnection from datasource jdbc/fulfilment_ds1 in state NOT_ACCESSIBLE with usage count 0 wrapping org.postgresql.xa.PGXAConnection@77da0fd
16:05:18.288 [Test worker] DEBUG bitronix.tm.resource.common.XAPool - NOT_ACCESSIBLE xa resource GTRID: 737072696E672D62746D00000145172BCE9100000009
16:05:18.288 [Test worker] DEBUG bitronix.tm.resource.common.XAPool - NOT_ACCESSIBLE xa resource's GTRID matched this transaction's GTRID, recycling it
16:05:18.288 [Test worker] DEBUG bitronix.tm.resource.common.XAPool - found NOT_ACCESSIBLE connection a JdbcPooledConnection from datasource jdbc/fulfilment_ds1 in state NOT_ACCESSIBLE with usage count 0 wrapping org.postgresql.xa.PGXAConnection@77da0fd from an XAPool of resource jdbc/fulfilment_ds1 with 3 connection(s) (2 still available)
16:05:18.288 [Test worker] DEBUG b.t.r.jdbc.JdbcPooledConnection - getting connection handle from a JdbcPooledConnection from datasource jdbc/fulfilment_ds1 in state NOT_ACCESSIBLE with usage count 0 wrapping org.postgresql.xa.PGXAConnection@77da0fd
16:05:18.288 [Test worker] DEBUG b.t.r.c.AbstractXAStatefulHolder - notifying 2 stateChangeEventListener(s) about state changing from NOT_ACCESSIBLE to ACCESSIBLE in a JdbcPooledConnection from datasource jdbc/fulfilment_ds1 in state NOT_ACCESSIBLE with usage count 1 wrapping org.postgresql.xa.PGXAConnection@77da0fd
16:05:18.288 [Test worker] DEBUG bitronix.tm.resource.common.XAPool - removed a JdbcPooledConnection from datasource jdbc/fulfilment_ds1 in state NOT_ACCESSIBLE with usage count 1 wrapping org.postgresql.xa.PGXAConnection@77da0fd from the inaccessible pool
16:05:18.288 [Test worker] DEBUG b.t.r.c.AbstractXAStatefulHolder - state changing from NOT_ACCESSIBLE to ACCESSIBLE in a JdbcPooledConnection from datasource jdbc/fulfilment_ds1 in state NOT_ACCESSIBLE with usage count 1 wrapping org.postgresql.xa.PGXAConnection@77da0fd
16:05:18.288 [Test worker] DEBUG b.t.r.c.AbstractXAStatefulHolder - notifying 2 stateChangeEventListener(s) about state changed from NOT_ACCESSIBLE to ACCESSIBLE in a JdbcPooledConnection from datasource jdbc/fulfilment_ds1 in state ACCESSIBLE with usage count 1 wrapping org.postgresql.xa.PGXAConnection@77da0fd
16:05:18.289 [Test worker] DEBUG b.t.r.c.TransactionContextHelper - marking a JdbcPooledConnection from datasource jdbc/fulfilment_ds1 in state ACCESSIBLE with usage count 1 wrapping org.postgresql.xa.PGXAConnection@77da0fd as recycled in a Bitronix Transaction with GTRID [737072696E672D62746D00000145172BCE9100000009], status=ACTIVE, 1 resource(s) enlisted (started Mon Mar 31 16:05:18 CST 2014)
16:05:18.289 [Test worker] DEBUG b.t.r.c.TransactionContextHelper - a JdbcPooledConnection from datasource jdbc/fulfilment_ds1 in state ACCESSIBLE with usage count 1 wrapping org.postgresql.xa.PGXAConnection@77da0fd has been recycled, unregistering deferred release from a Bitronix Transaction with GTRID [737072696E672D62746D00000145172BCE9100000009], status=ACTIVE, 1 resource(s) enlisted (started Mon Mar 31 16:05:18 CST 2014)
16:05:18.289 [Test worker] DEBUG bitronix.tm.resource.common.XAPool - added a JdbcPooledConnection from datasource jdbc/fulfilment_ds1 in state ACCESSIBLE with usage count 1 wrapping org.postgresql.xa.PGXAConnection@77da0fd to the accessible pool
16:05:18.289 [Test worker] DEBUG b.t.r.jdbc.JdbcPooledConnection - connection org.postgresql.xa.PGXAConnection@77da0fd was in state NOT_ACCESSIBLE, no need to test it
16:05:18.289 [Test worker] DEBUG b.t.r.jdbc.JdbcPooledConnection - got connection handle from a JdbcPooledConnection from datasource jdbc/fulfilment_ds1 in state ACCESSIBLE with usage count 1 wrapping org.postgresql.xa.PGXAConnection@77da0fd
16:05:18.289 [Test worker] DEBUG b.tm.resource.jdbc.PoolingDataSource - acquired connection from a PoolingDataSource containing an XAPool of resource jdbc/fulfilment_ds1 with 3 connection(s) (2 still available)
16:05:18.289 [Test worker] DEBUG o.h.e.j.i.LogicalConnectionImpl - Obtained JDBC connection
16:05:18.289 [Test worker] DEBUG b.t.r.c.TransactionContextHelper - enlisting a JdbcPooledConnection from datasource jdbc/fulfilment_ds1 in state ACCESSIBLE with usage count 1 wrapping org.postgresql.xa.PGXAConnection@77da0fd into a Bitronix Transaction with GTRID [737072696E672D62746D00000145172BCE9100000009], status=ACTIVE, 1 resource(s) enlisted (started Mon Mar 31 16:05:18 CST 2014)
16:05:18.289 [Test worker] DEBUG b.t.r.c.TransactionContextHelper - avoiding re-enlistment of already enlisted but not ended resource an XAResourceHolderState with uniqueName=jdbc/fulfilment_ds1 XAResource=org.postgresql.xa.PGXAConnection@77da0fd (started) with XID a Bitronix XID [737072696E672D62746D00000145172BCE9100000009 : 737072696E672D62746D00000145172BCEA90000000A]
16:05:18.289 [Test worker] DEBUG org.hibernate.SQL - select this_.action_id as action1_2_0_, this_.created_by as created2_2_0_, this_.created_time as created3_2_0_, this_.updated_by as updated4_2_0_, this_.updated_time as updated5_2_0_, this_.fulfilment_id as fulfilment6_2_0_, this_.payload as payload2_0_, this_.result as result2_0_, this_.status as status2_0_, this_.type as type2_0_ from fulfilment_action this_ where this_.fulfilment_id=?
Hibernate: select this_.action_id as action1_2_0_, this_.created_by as created2_2_0_, this_.created_time as created3_2_0_, this_.updated_by as updated4_2_0_, this_.updated_time as updated5_2_0_, this_.fulfilment_id as fulfilment6_2_0_, this_.payload as payload2_0_, this_.result as result2_0_, this_.status as status2_0_, this_.type as type2_0_ from fulfilment_action this_ where this_.fulfilment_id=?
16:05:18.291 [Test worker] DEBUG org.hibernate.loader.Loader - Result set row: 0
16:05:18.292 [Test worker] DEBUG org.hibernate.loader.Loader - Result row: EntityKey[com.junbo.fulfilment.db.entity.FulfilmentActionEntity#1023885312]
16:05:18.292 [Test worker] DEBUG org.hibernate.loader.Loader - Result set row: 1
16:05:18.292 [Test worker] DEBUG org.hibernate.loader.Loader - Result row: EntityKey[com.junbo.fulfilment.db.entity.FulfilmentActionEntity#1023934464]
16:05:18.292 [Test worker] DEBUG org.hibernate.loader.Loader - Result set row: 2
16:05:18.292 [Test worker] DEBUG org.hibernate.loader.Loader - Result row: EntityKey[com.junbo.fulfilment.db.entity.FulfilmentActionEntity#1023950848]
16:05:18.292 [Test worker] DEBUG org.hibernate.loader.Loader - Result set row: 3
16:05:18.292 [Test worker] DEBUG org.hibernate.loader.Loader - Result row: EntityKey[com.junbo.fulfilment.db.entity.FulfilmentActionEntity#1023901696]
16:05:18.292 [Test worker] DEBUG org.hibernate.loader.Loader - Result set row: 4
16:05:18.293 [Test worker] DEBUG org.hibernate.loader.Loader - Result row: EntityKey[com.junbo.fulfilment.db.entity.FulfilmentActionEntity#1023918080]
16:05:18.293 [Test worker] DEBUG o.h.e.j.i.LogicalConnectionImpl - Releasing JDBC connection
16:05:18.293 [Test worker] DEBUG b.t.r.jdbc.proxy.ConnectionJavaProxy - closing a ConnectionJavaProxy of a JdbcPooledConnection from datasource jdbc/fulfilment_ds1 in state ACCESSIBLE with usage count 1 wrapping org.postgresql.xa.PGXAConnection@77da0fd on Pooled connection wrapping physical connection org.postgresql.jdbc4.Jdbc4Connection@2c98acfa
16:05:18.293 [Test worker] DEBUG b.t.r.jdbc.JdbcPooledConnection - releasing to pool a JdbcPooledConnection from datasource jdbc/fulfilment_ds1 in state ACCESSIBLE with usage count 1 wrapping org.postgresql.xa.PGXAConnection@77da0fd
16:05:18.293 [Test worker] DEBUG b.t.r.c.TransactionContextHelper - delisting a JdbcPooledConnection from datasource jdbc/fulfilment_ds1 in state ACCESSIBLE with usage count 0 wrapping org.postgresql.xa.PGXAConnection@77da0fd from a Bitronix Transaction with GTRID [737072696E672D62746D00000145172BCE9100000009], status=ACTIVE, 1 resource(s) enlisted (started Mon Mar 31 16:05:18 CST 2014)
16:05:18.293 [Test worker] DEBUG b.t.r.c.TransactionContextHelper - resource is in enlisting global transaction context: a JdbcPooledConnection from datasource jdbc/fulfilment_ds1 in state ACCESSIBLE with usage count 0 wrapping org.postgresql.xa.PGXAConnection@77da0fd
16:05:18.293 [Test worker] DEBUG b.t.r.c.TransactionContextHelper - requeuing a JdbcPooledConnection from datasource jdbc/fulfilment_ds1 in state ACCESSIBLE with usage count 0 wrapping org.postgresql.xa.PGXAConnection@77da0fd from a Bitronix Transaction with GTRID [737072696E672D62746D00000145172BCE9100000009], status=ACTIVE, 1 resource(s) enlisted (started Mon Mar 31 16:05:18 CST 2014)
[...]
16:05:18.645 [Test worker] DEBUG b.t.r.c.TransactionContextHelper - resource is in enlisting global transaction context: a JdbcPooledConnection from datasource jdbc/fulfilment_ds1 in state ACCESSIBLE with usage count 0 wrapping org.postgresql.xa.PGXAConnection@7904e8c4
16:05:18.645 [Test worker] DEBUG b.t.r.c.TransactionContextHelper - deferring release to pool of a JdbcPooledConnection from datasource jdbc/fulfilment_ds1 in state ACCESSIBLE with usage count 0 wrapping org.postgresql.xa.PGXAConnection@7904e8c4
16:05:18.645 [Test worker] DEBUG b.t.r.c.TransactionContextHelper - a JdbcPooledConnection from datasource jdbc/fulfilment_ds1 in state ACCESSIBLE with usage count 0 wrapping org.postgresql.xa.PGXAConnection@7904e8c4 is not already registered for deferred release in a Bitronix Transaction with GTRID [737072696E672D62746D00000145172BD0720000000D], status=ACTIVE, 1 resource(s) enlisted (started Mon Mar 31 16:05:18 CST 2014)
16:05:18.645 [Test worker] DEBUG b.t.r.c.TransactionContextHelper - registering DeferredReleaseSynchronization for a JdbcPooledConnection from datasource jdbc/fulfilment_ds1 in state ACCESSIBLE with usage count 0 wrapping org.postgresql.xa.PGXAConnection@7904e8c4
16:05:18.645 [Test worker] DEBUG b.t.r.c.AbstractXAStatefulHolder - notifying 2 stateChangeEventListener(s) about state changing from ACCESSIBLE to NOT_ACCESSIBLE in a JdbcPooledConnection from datasource jdbc/fulfilment_ds1 in state ACCESSIBLE with usage count 0 wrapping org.postgresql.xa.PGXAConnection@7904e8c4
16:05:18.645 [Test worker] DEBUG b.t.r.jdbc.JdbcPooledConnection - closing 0 dangling uncached statement(s)
16:05:18.645 [Test worker] DEBUG bitronix.tm.resource.common.XAPool - removed a JdbcPooledConnection from datasource jdbc/fulfilment_ds1 in state ACCESSIBLE with usage count 0 wrapping org.postgresql.xa.PGXAConnection@7904e8c4 from the accessible pool
16:05:18.645 [Test worker] DEBUG b.t.r.c.AbstractXAStatefulHolder - state changing from ACCESSIBLE to NOT_ACCESSIBLE in a JdbcPooledConnection from datasource jdbc/fulfilment_ds1 in state ACCESSIBLE with usage count 0 wrapping org.postgresql.xa.PGXAConnection@7904e8c4
16:05:18.645 [Test worker] DEBUG b.t.r.c.AbstractXAStatefulHolder - notifying 2 stateChangeEventListener(s) about state changed from ACCESSIBLE to NOT_ACCESSIBLE in a JdbcPooledConnection from datasource jdbc/fulfilment_ds1 in state NOT_ACCESSIBLE with usage count 0 wrapping org.postgresql.xa.PGXAConnection@7904e8c4
16:05:18.645 [Test worker] DEBUG bitronix.tm.resource.common.XAPool - added a JdbcPooledConnection from datasource jdbc/fulfilment_ds1 in state NOT_ACCESSIBLE with usage count 0 wrapping org.postgresql.xa.PGXAConnection@7904e8c4 to the inaccessible pool
16:05:18.645 [Test worker] DEBUG b.t.r.jdbc.JdbcPooledConnection - released to pool a JdbcPooledConnection from datasource jdbc/fulfilment_ds1 in state NOT_ACCESSIBLE with usage count 0 wrapping org.postgresql.xa.PGXAConnection@7904e8c4
16:05:18.645 [Test worker] DEBUG o.h.e.j.i.LogicalConnectionImpl - Released JDBC connection
16:05:18.645 [Test worker] DEBUG o.h.e.i.StatefulPersistenceContext - Initializing non-lazy collections
16:05:18.646 [Test worker] DEBUG o.h.e.i.AbstractFlushingEventListener - Processing flush-time cascades
16:05:18.646 [Test worker] DEBUG o.h.e.i.AbstractFlushingEventListener - Dirty checking collections
16:05:18.647 [Test worker] DEBUG o.h.e.i.AbstractFlushingEventListener - Flushed: 0 insertions, 0 updates, 0 deletions to 9 objects
16:05:18.647 [Test worker] DEBUG o.h.e.i.AbstractFlushingEventListener - Flushed: 0 (re)creations, 0 updates, 0 removals to 0 collections
16:05:18.647 [Test worker] DEBUG o.h.internal.util.EntityPrinter - Listing entities:
16:05:18.647 [Test worker] DEBUG o.h.internal.util.EntityPrinter - com.junbo.fulfilment.db.entity.FulfilmentActionEntity{id=1024163840, result=null, createdBy=system internal, status=2, createdTime=Mon Mar 31 16:05:18 CST 2014, payload={"copyCount":2,"properties":{"ENTITLEMENT_DEVELOPER":"TEST_DEVELOPER","ENTITLEMENT_GROUP":"TEST_GROUP","ENTITLEMENT_TAG":"TEST_TAG","ENTITLEMENT_TYPE":"DOWNLOAD"}}, type=0, fulfilmentId=1024131072, updatedTime=Mon Mar 31 16:05:18 CST 2014, updatedBy=system internal}
16:05:18.647 [Test worker] DEBUG o.h.internal.util.EntityPrinter - com.junbo.fulfilment.db.entity.FulfilmentActionEntity{id=1024147456, result=null, createdBy=system internal, status=0, createdTime=Mon Mar 31 16:05:18 CST 2014, payload={"copyCount":2,"items":[{"entityType":"ITEM","id":10000,"quantity":888,"sku":11111},{"entityType":"ITEM","id":20000,"quantity":999,"sku":22222}],"properties":{"ENTITLEMENT_DEVELOPER":"TEST_DEVELOPER","ENTITLEMENT_GROUP":"TEST_GROUP","ENTITLEMENT_TAG":"TEST_TAG","ENTITLEMENT_TYPE":"DOWNLOAD"}}, type=1, fulfilmentId=1024131072, updatedTime=null, updatedBy=null}
16:05:18.647 [Test worker] DEBUG o.h.internal.util.EntityPrinter - com.junbo.fulfilment.db.entity.FulfilmentActionEntity{id=1024212992, result=null, createdBy=system internal, status=0, createdTime=Mon Mar 31 16:05:18 CST 2014, payload={"copyCount":60000,"items":[{"entityType":"ITEM","id":50000,"quantity":9,"sku":55555}],"properties":{"ENTITLEMENT_DEVELOPER":"TEST_DEVELOPER","ENTITLEMENT_GROUP":"TEST_GROUP","ENTITLEMENT_TAG":"TEST_TAG","ENTITLEMENT_TYPE":"DOWNLOAD"}}, type=1, fulfilmentId=1024131072, updatedTime=null, updatedBy=null}
16:05:18.647 [Test worker] DEBUG o.h.internal.util.EntityPrinter - com.junbo.fulfilment.db.entity.FulfilmentEntity{id=1024131072, createdBy=system internal, requestId=738246720, createdTime=Mon Mar 31 16:05:18 CST 2014, payload={"offerId":100,"orderItemId":10000,"quantity":2,"timestamp":1396253118579}, updatedTime=null, updatedBy=null}
16:05:18.647 [Test worker] DEBUG o.h.internal.util.EntityPrinter - com.junbo.fulfilment.db.entity.FulfilmentRequestEntity{id=738246720, trackingGuid=7155371a-611e-4279-8912-81b347d39226, createdBy=system internal, createdTime=Mon Mar 31 16:05:18 CST 2014, payload={"orderId":1396253118579,"requester":"SYSTEM","userId":1396253118579}, orderId=1396253118579, updatedTime=null, updatedBy=null}
16:05:18.647 [Test worker] DEBUG o.h.internal.util.EntityPrinter - com.junbo.fulfilment.db.entity.FulfilmentActionEntity{id=1024196608, result=null, createdBy=system internal, status=0, createdTime=Mon Mar 31 16:05:18 CST 2014, payload={"copyCount":6,"items":[{"entityType":"ITEM","id":40000,"quantity":77,"sku":44444}],"properties":{"ENTITLEMENT_DEVELOPER":"TEST_DEVELOPER","ENTITLEMENT_GROUP":"TEST_GROUP","ENTITLEMENT_TAG":"TEST_TAG","ENTITLEMENT_TYPE":"DOWNLOAD"}}, type=1, fulfilmentId=1024131072, updatedTime=null, updatedBy=null}
16:05:18.647 [Test worker] DEBUG o.h.internal.util.EntityPrinter - com.junbo.fulfilment.db.entity.FulfilmentActionEntity{id=1024180224, result=null, createdBy=system internal, status=2, createdTime=Mon Mar 31 16:05:18 CST 2014, payload={"copyCount":4,"properties":{"ENTITLEMENT_DEVELOPER":"TEST_DEVELOPER","ENTITLEMENT_GROUP":"TEST_GROUP","ENTITLEMENT_TAG":"TEST_TAG","ENTITLEMENT_TYPE":"DOWNLOAD"}}, type=0, fulfilmentId=1024131072, updatedTime=Mon Mar 31 16:05:18 CST 2014, updatedBy=system internal}
16:05:18.647 [Test worker] DEBUG o.h.internal.util.EntityPrinter - com.junbo.fulfilment.db.entity.FulfilmentActionEntity{id=1024245760, result=null, createdBy=system internal, status=0, createdTime=Mon Mar 31 16:05:18 CST 2014, payload={"copyCount":3,"items":[{"entityType":"ITEM","id":50000,"quantity":9,"sku":55555}],"properties":{"ENTITLEMENT_DEVELOPER":"TEST_DEVELOPER","ENTITLEMENT_GROUP":"TEST_GROUP","ENTITLEMENT_TAG":"TEST_TAG","ENTITLEMENT_TYPE":"DOWNLOAD"}}, type=1, fulfilmentId=1024229376, updatedTime=null, updatedBy=null}
16:05:18.647 [Test worker] DEBUG o.h.internal.util.EntityPrinter - com.junbo.fulfilment.db.entity.FulfilmentEntity{id=1024229376, createdBy=system internal, requestId=738246720, createdTime=Mon Mar 31 16:05:18 CST 2014, payload={"offerId":400,"orderItemId":20000,"quantity":3,"timestamp":1396253118579}, updatedTime=null, updatedBy=null}
16:05:18.648 [Test worker] DEBUG o.h.e.j.i.LogicalConnectionImpl - Obtaining JDBC connection
16:05:18.648 [Test worker] DEBUG b.tm.resource.jdbc.PoolingDataSource - acquiring connection from a PoolingDataSource containing an XAPool of resource jdbc/fulfilment_ds1 with 3 connection(s) (2 still available)
16:05:18.648 [Test worker] DEBUG bitronix.tm.resource.common.XAPool - trying to recycle a NOT_ACCESSIBLE connection of an XAPool of resource jdbc/fulfilment_ds1 with 3 connection(s) (2 still available)
16:05:18.648 [Test worker] DEBUG bitronix.tm.resource.common.XAPool - current transaction GTRID is [737072696E672D62746D00000145172BD0720000000D]
16:05:18.648 [Test worker] DEBUG bitronix.tm.resource.common.XAPool - found a connection in NOT_ACCESSIBLE state: a JdbcPooledConnection from datasource jdbc/fulfilment_ds1 in state NOT_ACCESSIBLE with usage count 0 wrapping org.postgresql.xa.PGXAConnection@7904e8c4
16:05:18.648 [Test worker] DEBUG bitronix.tm.resource.common.XAPool - 1 xa resource(s) created by connection in NOT_ACCESSIBLE state: a JdbcPooledConnection from datasource jdbc/fulfilment_ds1 in state NOT_ACCESSIBLE with usage count 0 wrapping org.postgresql.xa.PGXAConnection@7904e8c4
16:05:18.648 [Test worker] DEBUG bitronix.tm.resource.common.XAPool - NOT_ACCESSIBLE xa resource GTRID: 737072696E672D62746D00000145172BD0720000000D
16:05:18.648 [Test worker] DEBUG bitronix.tm.resource.common.XAPool - NOT_ACCESSIBLE xa resource's GTRID matched this transaction's GTRID, recycling it
16:05:18.648 [Test worker] DEBUG bitronix.tm.resource.common.XAPool - found NOT_ACCESSIBLE connection a JdbcPooledConnection from datasource jdbc/fulfilment_ds1 in state NOT_ACCESSIBLE with usage count 0 wrapping org.postgresql.xa.PGXAConnection@7904e8c4 from an XAPool of resource jdbc/fulfilment_ds1 with 3 connection(s) (2 still available)
16:05:18.648 [Test worker] DEBUG b.t.r.jdbc.JdbcPooledConnection - getting connection handle from a JdbcPooledConnection from datasource jdbc/fulfilment_ds1 in state NOT_ACCESSIBLE with usage count 0 wrapping org.postgresql.xa.PGXAConnection@7904e8c4
16:05:18.648 [Test worker] DEBUG b.t.r.c.AbstractXAStatefulHolder - notifying 2 stateChangeEventListener(s) about state changing from NOT_ACCESSIBLE to ACCESSIBLE in a JdbcPooledConnection from datasource jdbc/fulfilment_ds1 in state NOT_ACCESSIBLE with usage count 1 wrapping org.postgresql.xa.PGXAConnection@7904e8c4
16:05:18.648 [Test worker] DEBUG bitronix.tm.resource.common.XAPool - removed a JdbcPooledConnection from datasource jdbc/fulfilment_ds1 in state NOT_ACCESSIBLE with usage count 1 wrapping org.postgresql.xa.PGXAConnection@7904e8c4 from the inaccessible pool
16:05:18.648 [Test worker] DEBUG b.t.r.c.AbstractXAStatefulHolder - state changing from NOT_ACCESSIBLE to ACCESSIBLE in a JdbcPooledConnection from datasource jdbc/fulfilment_ds1 in state NOT_ACCESSIBLE with usage count 1 wrapping org.postgresql.xa.PGXAConnection@7904e8c4
16:05:18.648 [Test worker] DEBUG b.t.r.c.AbstractXAStatefulHolder - notifying 2 stateChangeEventListener(s) about state changed from NOT_ACCESSIBLE to ACCESSIBLE in a JdbcPooledConnection from datasource jdbc/fulfilment_ds1 in state ACCESSIBLE with usage count 1 wrapping org.postgresql.xa.PGXAConnection@7904e8c4
16:05:18.648 [Test worker] DEBUG b.t.r.c.TransactionContextHelper - marking a JdbcPooledConnection from datasource jdbc/fulfilment_ds1 in state ACCESSIBLE with usage count 1 wrapping org.postgresql.xa.PGXAConnection@7904e8c4 as recycled in a Bitronix Transaction with GTRID [737072696E672D62746D00000145172BD0720000000D], status=ACTIVE, 1 resource(s) enlisted (started Mon Mar 31 16:05:18 CST 2014)
16:05:18.648 [Test worker] DEBUG b.t.r.c.TransactionContextHelper - a JdbcPooledConnection from datasource jdbc/fulfilment_ds1 in state ACCESSIBLE with usage count 1 wrapping org.postgresql.xa.PGXAConnection@7904e8c4 has been recycled, unregistering deferred release from a Bitronix Transaction with GTRID [737072696E672D62746D00000145172BD0720000000D], status=ACTIVE, 1 resource(s) enlisted (started Mon Mar 31 16:05:18 CST 2014)
16:05:18.648 [Test worker] DEBUG bitronix.tm.resource.common.XAPool - added a JdbcPooledConnection from datasource jdbc/fulfilment_ds1 in state ACCESSIBLE with usage count 1 wrapping org.postgresql.xa.PGXAConnection@7904e8c4 to the accessible pool
16:05:18.648 [Test worker] DEBUG b.t.r.jdbc.JdbcPooledConnection - connection org.postgresql.xa.PGXAConnection@7904e8c4 was in state NOT_ACCESSIBLE, no need to test it
16:05:18.648 [Test worker] DEBUG b.t.r.jdbc.JdbcPooledConnection - got connection handle from a JdbcPooledConnection from datasource jdbc/fulfilment_ds1 in state ACCESSIBLE with usage count 1 wrapping org.postgresql.xa.PGXAConnection@7904e8c4
16:05:18.648 [Test worker] DEBUG b.tm.resource.jdbc.PoolingDataSource - acquired connection from a PoolingDataSource containing an XAPool of resource jdbc/fulfilment_ds1 with 3 connection(s) (2 still available)
16:05:18.648 [Test worker] DEBUG o.h.e.j.i.LogicalConnectionImpl - Obtained JDBC connection
16:05:18.648 [Test worker] DEBUG b.t.r.c.TransactionContextHelper - enlisting a JdbcPooledConnection from datasource jdbc/fulfilment_ds1 in state ACCESSIBLE with usage count 1 wrapping org.postgresql.xa.PGXAConnection@7904e8c4 into a Bitronix Transaction with GTRID [737072696E672D62746D00000145172BD0720000000D], status=ACTIVE, 1 resource(s) enlisted (started Mon Mar 31 16:05:18 CST 2014)
16:05:18.649 [Test worker] DEBUG b.t.r.c.TransactionContextHelper - avoiding re-enlistment of already enlisted but not ended resource an XAResourceHolderState with uniqueName=jdbc/fulfilment_ds1 XAResource=org.postgresql.xa.PGXAConnection@7904e8c4 (started) with XID a Bitronix XID [737072696E672D62746D00000145172BD0720000000D : 737072696E672D62746D00000145172BD0760000000E]
16:05:18.652 [Test worker] DEBUG org.hibernate.SQL - select this_.action_id as action1_2_0_, this_.created_by as created2_2_0_, this_.created_time as created3_2_0_, this_.updated_by as updated4_2_0_, this_.updated_time as updated5_2_0_, this_.fulfilment_id as fulfilment6_2_0_, this_.payload as payload2_0_, this_.result as result2_0_, this_.status as status2_0_, this_.type as type2_0_ from fulfilment_action this_ where this_.fulfilment_id=?
Hibernate: select this_.action_id as action1_2_0_, this_.created_by as created2_2_0_, this_.created_time as created3_2_0_, this_.updated_by as updated4_2_0_, this_.updated_time as updated5_2_0_, this_.fulfilment_id as fulfilment6_2_0_, this_.payload as payload2_0_, this_.result as result2_0_, this_.status as status2_0_, this_.type as type2_0_ from fulfilment_action this_ where this_.fulfilment_id=?
16:05:18.654 [Test worker] DEBUG org.hibernate.loader.Loader - Result set row: 0
16:05:18.655 [Test worker] DEBUG org.hibernate.loader.Loader - Result row: EntityKey[com.junbo.fulfilment.db.entity.FulfilmentActionEntity#1024245760]
16:05:18.655 [Test worker] DEBUG o.h.e.j.i.LogicalConnectionImpl - Releasing JDBC connection
16:05:18.655 [Test worker] DEBUG b.t.r.jdbc.proxy.ConnectionJavaProxy - closing a ConnectionJavaProxy of a JdbcPooledConnection from datasource jdbc/fulfilment_ds1 in state ACCESSIBLE with usage count 1 wrapping org.postgresql.xa.PGXAConnection@7904e8c4 on Pooled connection wrapping physical connection org.postgresql.jdbc4.Jdbc4Connection@2b2e24aa
16:05:18.655 [Test worker] DEBUG b.t.r.jdbc.JdbcPooledConnection - releasing to pool a JdbcPooledConnection from datasource jdbc/fulfilment_ds1 in state ACCESSIBLE with usage count 1 wrapping org.postgresql.xa.PGXAConnection@7904e8c4
16:05:18.656 [Test worker] DEBUG b.t.r.c.TransactionContextHelper - delisting a JdbcPooledConnection from datasource jdbc/fulfilment_ds1 in state ACCESSIBLE with usage count 0 wrapping org.postgresql.xa.PGXAConnection@7904e8c4 from a Bitronix Transaction with GTRID [737072696E672D62746D00000145172BD0720000000D], status=ACTIVE, 1 resource(s) enlisted (started Mon Mar 31 16:05:18 CST 2014)
16:05:18.656 [Test worker] DEBUG b.t.r.c.TransactionContextHelper - resource is in enlisting global transaction context: a JdbcPooledConnection from datasource jdbc/fulfilment_ds1 in state ACCESSIBLE with usage count 0 wrapping org.postgresql.xa.PGXAConnection@7904e8c4
16:05:18.665 [Test worker] DEBUG b.t.r.c.TransactionContextHelper - requeuing a JdbcPooledConnection from datasource jdbc/fulfilment_ds1 in state ACCESSIBLE with usage count 0 wrapping org.postgresql.xa.PGXAConnection@7904e8c4 from a Bitronix Transaction with GTRID [737072696E672D62746D00000145172BD0720000000D], status=ACTIVE, 1 resource(s) enlisted (started Mon Mar 31 16:05:18 CST 2014)
16:05:18.666 [Test worker] DEBUG b.t.r.c.TransactionContextHelper - resource is in enlisting global transaction context: a JdbcPooledConnection from datasource jdbc/fulfilment_ds1 in state ACCESSIBLE with usage count 0 wrapping org.postgresql.xa.PGXAConnection@7904e8c4
16:05:18.666 [Test worker] DEBUG b.t.r.c.TransactionContextHelper - deferring release to pool of a JdbcPooledConnection from datasource jdbc/fulfilment_ds1 in state ACCESSIBLE with usage count 0 wrapping org.postgresql.xa.PGXAConnection@7904e8c4
16:05:18.666 [Test worker] DEBUG b.t.r.c.TransactionContextHelper - a JdbcPooledConnection from datasource jdbc/fulfilment_ds1 in state ACCESSIBLE with usage count 0 wrapping org.postgresql.xa.PGXAConnection@7904e8c4 is not already registered for deferred release in a Bitronix Transaction with GTRID [737072696E672D62746D00000145172BD0720000000D], status=ACTIVE, 1 resource(s) enlisted (started Mon Mar 31 16:05:18 CST 2014)
16:05:18.666 [Test worker] DEBUG b.t.r.c.TransactionContextHelper - registering DeferredReleaseSynchronization for a JdbcPooledConnection from datasource jdbc/fulfilment_ds1 in state ACCESSIBLE with usage count 0 wrapping org.postgresql.xa.PGXAConnection@7904e8c4
16:05:18.667 [Test worker] DEBUG b.t.r.c.AbstractXAStatefulHolder - notifying 2 stateChangeEventListener(s) about state changing from ACCESSIBLE to NOT_ACCESSIBLE in a JdbcPooledConnection from datasource jdbc/fulfilment_ds1 in state ACCESSIBLE with usage count 0 wrapping org.postgresql.xa.PGXAConnection@7904e8c4
16:05:18.667 [Test worker] DEBUG b.t.r.jdbc.JdbcPooledConnection - closing 0 dangling uncached statement(s)
16:05:18.668 [Test worker] DEBUG bitronix.tm.resource.common.XAPool - removed a JdbcPooledConnection from datasource jdbc/fulfilment_ds1 in state ACCESSIBLE with usage count 0 wrapping org.postgresql.xa.PGXAConnection@7904e8c4 from the accessible pool
16:05:18.668 [Test worker] DEBUG b.t.r.c.AbstractXAStatefulHolder - state changing from ACCESSIBLE to NOT_ACCESSIBLE in a JdbcPooledConnection from datasource jdbc/fulfilment_ds1 in state ACCESSIBLE with usage count 0 wrapping org.postgresql.xa.PGXAConnection@7904e8c4
16:05:18.668 [Test worker] DEBUG b.t.r.c.AbstractXAStatefulHolder - notifying 2 stateChangeEventListener(s) about state changed from ACCESSIBLE to NOT_ACCESSIBLE in a JdbcPooledConnection from datasource jdbc/fulfilment_ds1 in state NOT_ACCESSIBLE with usage count 0 wrapping org.postgresql.xa.PGXAConnection@7904e8c4
16:05:18.668 [Test worker] DEBUG bitronix.tm.resource.common.XAPool - added a JdbcPooledConnection from datasource jdbc/fulfilment_ds1 in state NOT_ACCESSIBLE with usage count 0 wrapping org.postgresql.xa.PGXAConnection@7904e8c4 to the inaccessible pool
16:05:18.668 [Test worker] DEBUG b.t.r.jdbc.JdbcPooledConnection - released to pool a JdbcPooledConnection from datasource jdbc/fulfilment_ds1 in state NOT_ACCESSIBLE with usage count 0 wrapping org.postgresql.xa.PGXAConnection@7904e8c4
16:05:18.668 [Test worker] DEBUG o.h.e.j.i.LogicalConnectionImpl - Released JDBC connection
16:05:18.669 [Test worker] DEBUG o.h.e.i.StatefulPersistenceContext - Initializing non-lazy collections
]]></system-out>
  <system-err><![CDATA[]]></system-err>
</testsuite>
