<?xml version="1.1" encoding="UTF-8"?>
<testsuite name="com.junbo.order.db.repo.OrderRepositoryTest" tests="2" failures="0" errors="0" timestamp="2014-04-04T09:27:51" hostname="XumengChendeMacBook-Pro.local" time="0.74">
  <properties/>
  <testcase name="testCreateOrder" classname="com.junbo.order.db.repo.OrderRepositoryTest" time="0.272"/>
  <testcase name="testUpdateOrder" classname="com.junbo.order.db.repo.OrderRepositoryTest" time="0.462"/>
  <system-out><![CDATA[17:27:51.192 [Test worker] DEBUG o.s.b.f.s.DefaultListableBeanFactory - Returning cached instance of singleton bean 'org.springframework.transaction.interceptor.TransactionInterceptor#0'
17:27:51.194 [Test worker] DEBUG o.s.t.a.AnnotationTransactionAttributeSource - Adding transactional method 'OculusGlobalCounterInDBImpl.getAndIncrease' with attribute: PROPAGATION_REQUIRES_NEW,ISOLATION_DEFAULT; ''
17:27:51.195 [Test worker] DEBUG o.s.b.f.s.DefaultListableBeanFactory - Returning cached instance of singleton bean 'transactionManager'
17:27:51.196 [Test worker] DEBUG o.s.t.jta.JtaTransactionManager - Suspending current transaction, creating new transaction with name [com.junbo.sharding.id.oculus.OculusGlobalCounterInDBImpl.getAndIncrease]
17:27:51.196 [Test worker] DEBUG b.tm.BitronixTransactionManager - suspending transaction a Bitronix Transaction with GTRID [737072696E672D62746D000001452C10D26300000051], status=ACTIVE, 0 resource(s) enlisted (started Fri Apr 04 17:27:51 CST 2014)
17:27:51.196 [Test worker] DEBUG b.tm.BitronixTransactionManager - clearing current thread context: a ThreadContext (684457570) with transaction a Bitronix Transaction with GTRID [737072696E672D62746D000001452C10D26300000051], status=ACTIVE, 0 resource(s) enlisted (started Fri Apr 04 17:27:51 CST 2014), default timeout 60s
17:27:51.196 [Test worker] DEBUG b.tm.BitronixTransactionManager - beginning a new transaction
17:27:51.196 [Test worker] DEBUG b.tm.BitronixTransactionManager - dumping 1 transaction context(s)
17:27:51.196 [Test worker] DEBUG b.tm.BitronixTransactionManager - a Bitronix Transaction with GTRID [737072696E672D62746D000001452C10D26300000051], status=ACTIVE, 0 resource(s) enlisted (started Fri Apr 04 17:27:51 CST 2014)
17:27:51.196 [Test worker] DEBUG bitronix.tm.BitronixTransaction - creating new transaction with GTRID [737072696E672D62746D000001452C10D29C00000052]
17:27:51.196 [Test worker] DEBUG bitronix.tm.internal.ThreadContext - assigning <a Bitronix Transaction with GTRID [737072696E672D62746D000001452C10D29C00000052], status=NO_TRANSACTION, 0 resource(s) enlisted (started null)> to <a ThreadContext (684457570) with transaction null, default timeout 60s>
17:27:51.197 [Test worker] DEBUG bitronix.tm.BitronixTransaction - changing transaction status to ACTIVE
17:27:51.197 [Test worker] DEBUG bitronix.tm.BitronixTransaction - transaction status is changing from NO_TRANSACTION to ACTIVE - executing 0 listener(s)
17:27:51.197 [Test worker] DEBUG bitronix.tm.timer.TaskScheduler - scheduling transaction timeout task on a Bitronix Transaction with GTRID [737072696E672D62746D000001452C10D29C00000052], status=ACTIVE, 0 resource(s) enlisted (started Fri Apr 04 17:27:51 CST 2014) for Fri Apr 04 17:28:51 CST 2014
17:27:51.197 [Test worker] DEBUG bitronix.tm.timer.TaskScheduler - removing task by a Bitronix Transaction with GTRID [737072696E672D62746D000001452C10D29C00000052], status=ACTIVE, 0 resource(s) enlisted (started Fri Apr 04 17:27:51 CST 2014)
17:27:51.197 [Test worker] DEBUG bitronix.tm.timer.TaskScheduler - scheduled a TransactionTimeoutTask on a Bitronix Transaction with GTRID [737072696E672D62746D000001452C10D29C00000052], status=ACTIVE, 0 resource(s) enlisted (started Fri Apr 04 17:27:51 CST 2014) scheduled for Fri Apr 04 17:28:51 CST 2014, total task(s) queued: 5
17:27:51.197 [Test worker] DEBUG b.tm.BitronixTransactionManager - begun new transaction at Fri Apr 04 17:27:51 CST 2014
17:27:51.201 [Test worker] DEBUG o.s.t.a.AnnotationTransactionAttributeSource - Adding transactional method 'IdGlobalCounterDAOImpl.get' with attribute: PROPAGATION_REQUIRED,ISOLATION_DEFAULT; ''
17:27:51.201 [Test worker] DEBUG o.s.b.f.s.DefaultListableBeanFactory - Returning cached instance of singleton bean 'transactionManager'
17:27:51.201 [Test worker] DEBUG o.s.t.jta.JtaTransactionManager - Participating in existing transaction
17:27:51.201 [Test worker] DEBUG bitronix.tm.BitronixTransaction - registering synchronization org.hibernate.engine.transaction.synchronization.internal.RegisteredSynchronization@21bb386b
17:27:51.201 [Test worker] DEBUG bitronix.tm.BitronixTransaction - registering synchronization org.hibernate.context.internal.JTASessionContext$CleanupSynch@7bd111
17:27:51.217 [Test worker] DEBUG b.tm.resource.jdbc.PoolingDataSource - acquiring connection from a PoolingDataSource containing an XAPool of resource jdbc/sharding with 3 connection(s) (3 still available)
17:27:51.217 [Test worker] DEBUG bitronix.tm.resource.common.XAPool - trying to recycle a NOT_ACCESSIBLE connection of an XAPool of resource jdbc/sharding with 3 connection(s) (3 still available)
17:27:51.217 [Test worker] DEBUG bitronix.tm.resource.common.XAPool - current transaction GTRID is [737072696E672D62746D000001452C10D29C00000052]
17:27:51.217 [Test worker] DEBUG bitronix.tm.resource.common.XAPool - no NOT_ACCESSIBLE connection enlisted in this transaction
17:27:51.217 [Test worker] DEBUG bitronix.tm.resource.common.XAPool - getting IN_POOL connection from an XAPool of resource jdbc/sharding with 3 connection(s) (3 still available), waiting if necessary
17:27:51.217 [Test worker] DEBUG bitronix.tm.resource.common.XAPool - checking if connection can be closed: a JdbcPooledConnection from datasource jdbc/sharding in state IN_POOL with usage count 0 wrapping org.postgresql.xa.PGXAConnection@69dd174a - closing time: 1396603727681, now time: 1396603671217
17:27:51.217 [Test worker] DEBUG bitronix.tm.resource.common.XAPool - found IN_POOL connection a JdbcPooledConnection from datasource jdbc/sharding in state IN_POOL with usage count 0 wrapping org.postgresql.xa.PGXAConnection@69dd174a from an XAPool of resource jdbc/sharding with 3 connection(s) (2 still available)
17:27:51.217 [Test worker] DEBUG b.t.r.jdbc.JdbcPooledConnection - getting connection handle from a JdbcPooledConnection from datasource jdbc/sharding in state IN_POOL with usage count 0 wrapping org.postgresql.xa.PGXAConnection@69dd174a
17:27:51.217 [Test worker] DEBUG b.t.r.c.AbstractXAStatefulHolder - notifying 2 stateChangeEventListener(s) about state changing from IN_POOL to ACCESSIBLE in a JdbcPooledConnection from datasource jdbc/sharding in state IN_POOL with usage count 1 wrapping org.postgresql.xa.PGXAConnection@69dd174a
17:27:51.217 [Test worker] DEBUG b.t.r.c.AbstractXAStatefulHolder - state changing from IN_POOL to ACCESSIBLE in a JdbcPooledConnection from datasource jdbc/sharding in state IN_POOL with usage count 1 wrapping org.postgresql.xa.PGXAConnection@69dd174a
17:27:51.217 [Test worker] DEBUG b.t.r.c.AbstractXAStatefulHolder - notifying 2 stateChangeEventListener(s) about state changed from IN_POOL to ACCESSIBLE in a JdbcPooledConnection from datasource jdbc/sharding in state ACCESSIBLE with usage count 1 wrapping org.postgresql.xa.PGXAConnection@69dd174a
17:27:51.217 [Test worker] DEBUG bitronix.tm.resource.common.XAPool - added a JdbcPooledConnection from datasource jdbc/sharding in state ACCESSIBLE with usage count 1 wrapping org.postgresql.xa.PGXAConnection@69dd174a to the accessible pool
17:27:51.217 [Test worker] DEBUG b.t.r.jdbc.JdbcPooledConnection - connection org.postgresql.xa.PGXAConnection@69dd174a was in state IN_POOL, testing it
17:27:51.217 [Test worker] DEBUG b.t.r.jdbc.JdbcPooledConnection - no query to test connection of a JdbcPooledConnection from datasource jdbc/sharding in state ACCESSIBLE with usage count 1 wrapping org.postgresql.xa.PGXAConnection@69dd174a, skipping test
17:27:51.217 [Test worker] DEBUG b.t.r.jdbc.JdbcPooledConnection - got connection handle from a JdbcPooledConnection from datasource jdbc/sharding in state ACCESSIBLE with usage count 1 wrapping org.postgresql.xa.PGXAConnection@69dd174a
17:27:51.217 [Test worker] DEBUG b.tm.resource.jdbc.PoolingDataSource - acquired connection from a PoolingDataSource containing an XAPool of resource jdbc/sharding with 3 connection(s) (2 still available)
17:27:51.217 [Test worker] DEBUG b.t.r.c.TransactionContextHelper - enlisting a JdbcPooledConnection from datasource jdbc/sharding in state ACCESSIBLE with usage count 1 wrapping org.postgresql.xa.PGXAConnection@69dd174a into a Bitronix Transaction with GTRID [737072696E672D62746D000001452C10D29C00000052], status=ACTIVE, 0 resource(s) enlisted (started Fri Apr 04 17:27:51 CST 2014)
17:27:51.217 [Test worker] DEBUG b.tm.resource.ResourceRegistrar - XAResource org.postgresql.xa.PGXAConnection@69dd174a does not belong to any resource of a PoolingDataSource containing an XAPool of resource jdbc/order_ds1 with 3 connection(s) (3 still available)
17:27:51.217 [Test worker] DEBUG b.tm.resource.ResourceRegistrar - XAResource org.postgresql.xa.PGXAConnection@69dd174a belongs to a JdbcPooledConnection from datasource jdbc/sharding in state ACCESSIBLE with usage count 1 wrapping org.postgresql.xa.PGXAConnection@69dd174a that itself belongs to a PoolingDataSource containing an XAPool of resource jdbc/sharding with 3 connection(s) (2 still available)
17:27:51.217 [Test worker] DEBUG b.tm.internal.XAResourceManager - creating new branch with a Bitronix XID [737072696E672D62746D000001452C10D29C00000052 : 737072696E672D62746D000001452C10D2B100000053]
17:27:51.218 [Test worker] DEBUG b.tm.internal.XAResourceHolderState - assigning <a Bitronix XID [737072696E672D62746D000001452C10D29C00000052 : 737072696E672D62746D000001452C10D2B100000053]> to <an XAResourceHolderState with uniqueName=jdbc/sharding XAResource=org.postgresql.xa.PGXAConnection@69dd174a with XID null>
17:27:51.218 [Test worker] DEBUG b.tm.internal.XAResourceHolderState - starting an XAResourceHolderState with uniqueName=jdbc/sharding XAResource=org.postgresql.xa.PGXAConnection@69dd174a with XID a Bitronix XID [737072696E672D62746D000001452C10D29C00000052 : 737072696E672D62746D000001452C10D2B100000053] with NOFLAGS
17:27:51.218 [Test worker] DEBUG b.tm.internal.XAResourceHolderState - started an XAResourceHolderState with uniqueName=jdbc/sharding XAResource=org.postgresql.xa.PGXAConnection@69dd174a (started) with XID a Bitronix XID [737072696E672D62746D000001452C10D29C00000052 : 737072696E672D62746D000001452C10D2B100000053] with NOFLAGS
17:27:51.218 [Test worker] DEBUG b.t.r.c.AbstractXAResourceHolder - putting XAResourceHolderState [an XAResourceHolderState with uniqueName=jdbc/sharding XAResource=org.postgresql.xa.PGXAConnection@69dd174a (started) with XID a Bitronix XID [737072696E672D62746D000001452C10D29C00000052 : 737072696E672D62746D000001452C10D2B100000053]] on a JdbcPooledConnection from datasource jdbc/sharding in state ACCESSIBLE with usage count 1 wrapping org.postgresql.xa.PGXAConnection@69dd174a
17:27:51.218 [Test worker] DEBUG b.t.r.c.AbstractXAResourceHolder - GTRID [737072696E672D62746D000001452C10D29C00000052] previously unknown to a JdbcPooledConnection from datasource jdbc/sharding in state ACCESSIBLE with usage count 1 wrapping org.postgresql.xa.PGXAConnection@69dd174a, adding it to the resource's transactions list
Hibernate: select * from id_global_counter where shard_id = ? and option_mode = ?
17:27:51.222 [Test worker] DEBUG b.t.r.jdbc.proxy.ConnectionJavaProxy - closing a ConnectionJavaProxy of a JdbcPooledConnection from datasource jdbc/sharding in state ACCESSIBLE with usage count 1 wrapping org.postgresql.xa.PGXAConnection@69dd174a on Pooled connection wrapping physical connection org.postgresql.jdbc4.Jdbc4Connection@10ac8e98
17:27:51.222 [Test worker] DEBUG b.t.r.jdbc.JdbcPooledConnection - releasing to pool a JdbcPooledConnection from datasource jdbc/sharding in state ACCESSIBLE with usage count 1 wrapping org.postgresql.xa.PGXAConnection@69dd174a
17:27:51.222 [Test worker] DEBUG b.t.r.c.TransactionContextHelper - delisting a JdbcPooledConnection from datasource jdbc/sharding in state ACCESSIBLE with usage count 0 wrapping org.postgresql.xa.PGXAConnection@69dd174a from a Bitronix Transaction with GTRID [737072696E672D62746D000001452C10D29C00000052], status=ACTIVE, 1 resource(s) enlisted (started Fri Apr 04 17:27:51 CST 2014)
17:27:51.222 [Test worker] DEBUG b.t.r.c.TransactionContextHelper - resource is in enlisting global transaction context: a JdbcPooledConnection from datasource jdbc/sharding in state ACCESSIBLE with usage count 0 wrapping org.postgresql.xa.PGXAConnection@69dd174a
17:27:51.222 [Test worker] DEBUG b.t.r.c.TransactionContextHelper - requeuing a JdbcPooledConnection from datasource jdbc/sharding in state ACCESSIBLE with usage count 0 wrapping org.postgresql.xa.PGXAConnection@69dd174a from a Bitronix Transaction with GTRID [737072696E672D62746D000001452C10D29C00000052], status=ACTIVE, 1 resource(s) enlisted (started Fri Apr 04 17:27:51 CST 2014)
17:27:51.222 [Test worker] DEBUG b.t.r.c.TransactionContextHelper - resource is in enlisting global transaction context: a JdbcPooledConnection from datasource jdbc/sharding in state ACCESSIBLE with usage count 0 wrapping org.postgresql.xa.PGXAConnection@69dd174a
17:27:51.222 [Test worker] DEBUG b.t.r.c.TransactionContextHelper - deferring release to pool of a JdbcPooledConnection from datasource jdbc/sharding in state ACCESSIBLE with usage count 0 wrapping org.postgresql.xa.PGXAConnection@69dd174a
17:27:51.222 [Test worker] DEBUG b.t.r.c.TransactionContextHelper - a JdbcPooledConnection from datasource jdbc/sharding in state ACCESSIBLE with usage count 0 wrapping org.postgresql.xa.PGXAConnection@69dd174a is not already registered for deferred release in a Bitronix Transaction with GTRID [737072696E672D62746D000001452C10D29C00000052], status=ACTIVE, 1 resource(s) enlisted (started Fri Apr 04 17:27:51 CST 2014)
17:27:51.222 [Test worker] DEBUG b.t.r.c.TransactionContextHelper - registering DeferredReleaseSynchronization for a JdbcPooledConnection from datasource jdbc/sharding in state ACCESSIBLE with usage count 0 wrapping org.postgresql.xa.PGXAConnection@69dd174a
17:27:51.222 [Test worker] DEBUG b.t.r.c.AbstractXAStatefulHolder - notifying 2 stateChangeEventListener(s) about state changing from ACCESSIBLE to NOT_ACCESSIBLE in a JdbcPooledConnection from datasource jdbc/sharding in state ACCESSIBLE with usage count 0 wrapping org.postgresql.xa.PGXAConnection@69dd174a
17:27:51.222 [Test worker] DEBUG b.t.r.jdbc.JdbcPooledConnection - closing 0 dangling uncached statement(s)
17:27:51.222 [Test worker] DEBUG bitronix.tm.resource.common.XAPool - removed a JdbcPooledConnection from datasource jdbc/sharding in state ACCESSIBLE with usage count 0 wrapping org.postgresql.xa.PGXAConnection@69dd174a from the accessible pool
17:27:51.222 [Test worker] DEBUG b.t.r.c.AbstractXAStatefulHolder - state changing from ACCESSIBLE to NOT_ACCESSIBLE in a JdbcPooledConnection from datasource jdbc/sharding in state ACCESSIBLE with usage count 0 wrapping org.postgresql.xa.PGXAConnection@69dd174a
17:27:51.222 [Test worker] DEBUG b.t.r.c.AbstractXAStatefulHolder - notifying 2 stateChangeEventListener(s) about state changed from ACCESSIBLE to NOT_ACCESSIBLE in a JdbcPooledConnection from datasource jdbc/sharding in state NOT_ACCESSIBLE with usage count 0 wrapping org.postgresql.xa.PGXAConnection@69dd174a
17:27:51.222 [Test worker] DEBUG bitronix.tm.resource.common.XAPool - added a JdbcPooledConnection from datasource jdbc/sharding in state NOT_ACCESSIBLE with usage count 0 wrapping org.postgresql.xa.PGXAConnection@69dd174a to the inaccessible pool
17:27:51.222 [Test worker] DEBUG b.t.r.jdbc.JdbcPooledConnection - released to pool a JdbcPooledConnection from datasource jdbc/sharding in state NOT_ACCESSIBLE with usage count 0 wrapping org.postgresql.xa.PGXAConnection@69dd174a
17:27:51.224 [Test worker] DEBUG o.s.t.a.AnnotationTransactionAttributeSource - Adding transactional method 'IdGlobalCounterDAOImpl.saveOrUpdate' with attribute: PROPAGATION_REQUIRED,ISOLATION_DEFAULT; ''
17:27:51.224 [Test worker] DEBUG o.s.b.f.s.DefaultListableBeanFactory - Returning cached instance of singleton bean 'transactionManager'
17:27:51.224 [Test worker] DEBUG o.s.t.jta.JtaTransactionManager - Participating in existing transaction
17:27:51.226 [Test worker] DEBUG b.tm.resource.jdbc.PoolingDataSource - acquiring connection from a PoolingDataSource containing an XAPool of resource jdbc/sharding with 3 connection(s) (2 still available)
17:27:51.226 [Test worker] DEBUG bitronix.tm.resource.common.XAPool - trying to recycle a NOT_ACCESSIBLE connection of an XAPool of resource jdbc/sharding with 3 connection(s) (2 still available)
17:27:51.226 [Test worker] DEBUG bitronix.tm.resource.common.XAPool - current transaction GTRID is [737072696E672D62746D000001452C10D29C00000052]
17:27:51.227 [Test worker] DEBUG bitronix.tm.resource.common.XAPool - found a connection in NOT_ACCESSIBLE state: a JdbcPooledConnection from datasource jdbc/sharding in state NOT_ACCESSIBLE with usage count 0 wrapping org.postgresql.xa.PGXAConnection@69dd174a
17:27:51.227 [Test worker] DEBUG bitronix.tm.resource.common.XAPool - 1 xa resource(s) created by connection in NOT_ACCESSIBLE state: a JdbcPooledConnection from datasource jdbc/sharding in state NOT_ACCESSIBLE with usage count 0 wrapping org.postgresql.xa.PGXAConnection@69dd174a
17:27:51.227 [Test worker] DEBUG bitronix.tm.resource.common.XAPool - NOT_ACCESSIBLE xa resource GTRID: 737072696E672D62746D000001452C10D29C00000052
17:27:51.227 [Test worker] DEBUG bitronix.tm.resource.common.XAPool - NOT_ACCESSIBLE xa resource's GTRID matched this transaction's GTRID, recycling it
17:27:51.227 [Test worker] DEBUG bitronix.tm.resource.common.XAPool - found NOT_ACCESSIBLE connection a JdbcPooledConnection from datasource jdbc/sharding in state NOT_ACCESSIBLE with usage count 0 wrapping org.postgresql.xa.PGXAConnection@69dd174a from an XAPool of resource jdbc/sharding with 3 connection(s) (2 still available)
17:27:51.227 [Test worker] DEBUG b.t.r.jdbc.JdbcPooledConnection - getting connection handle from a JdbcPooledConnection from datasource jdbc/sharding in state NOT_ACCESSIBLE with usage count 0 wrapping org.postgresql.xa.PGXAConnection@69dd174a
17:27:51.227 [Test worker] DEBUG b.t.r.c.AbstractXAStatefulHolder - notifying 2 stateChangeEventListener(s) about state changing from NOT_ACCESSIBLE to ACCESSIBLE in a JdbcPooledConnection from datasource jdbc/sharding in state NOT_ACCESSIBLE with usage count 1 wrapping org.postgresql.xa.PGXAConnection@69dd174a
17:27:51.227 [Test worker] DEBUG bitronix.tm.resource.common.XAPool - removed a JdbcPooledConnection from datasource jdbc/sharding in state NOT_ACCESSIBLE with usage count 1 wrapping org.postgresql.xa.PGXAConnection@69dd174a from the inaccessible pool
17:27:51.227 [Test worker] DEBUG b.t.r.c.AbstractXAStatefulHolder - state changing from NOT_ACCESSIBLE to ACCESSIBLE in a JdbcPooledConnection from datasource jdbc/sharding in state NOT_ACCESSIBLE with usage count 1 wrapping org.postgresql.xa.PGXAConnection@69dd174a
17:27:51.227 [Test worker] DEBUG b.t.r.c.AbstractXAStatefulHolder - notifying 2 stateChangeEventListener(s) about state changed from NOT_ACCESSIBLE to ACCESSIBLE in a JdbcPooledConnection from datasource jdbc/sharding in state ACCESSIBLE with usage count 1 wrapping org.postgresql.xa.PGXAConnection@69dd174a
17:27:51.227 [Test worker] DEBUG b.t.r.c.TransactionContextHelper - marking a JdbcPooledConnection from datasource jdbc/sharding in state ACCESSIBLE with usage count 1 wrapping org.postgresql.xa.PGXAConnection@69dd174a as recycled in a Bitronix Transaction with GTRID [737072696E672D62746D000001452C10D29C00000052], status=ACTIVE, 1 resource(s) enlisted (started Fri Apr 04 17:27:51 CST 2014)
17:27:51.227 [Test worker] DEBUG b.t.r.c.TransactionContextHelper - a JdbcPooledConnection from datasource jdbc/sharding in state ACCESSIBLE with usage count 1 wrapping org.postgresql.xa.PGXAConnection@69dd174a has been recycled, unregistering deferred release from a Bitronix Transaction with GTRID [737072696E672D62746D000001452C10D29C00000052], status=ACTIVE, 1 resource(s) enlisted (started Fri Apr 04 17:27:51 CST 2014)
17:27:51.227 [Test worker] DEBUG bitronix.tm.resource.common.XAPool - added a JdbcPooledConnection from datasource jdbc/sharding in state ACCESSIBLE with usage count 1 wrapping org.postgresql.xa.PGXAConnection@69dd174a to the accessible pool
17:27:51.227 [Test worker] DEBUG b.t.r.jdbc.JdbcPooledConnection - connection org.postgresql.xa.PGXAConnection@69dd174a was in state NOT_ACCESSIBLE, no need to test it
17:27:51.227 [Test worker] DEBUG b.t.r.jdbc.JdbcPooledConnection - got connection handle from a JdbcPooledConnection from datasource jdbc/sharding in state ACCESSIBLE with usage count 1 wrapping org.postgresql.xa.PGXAConnection@69dd174a
17:27:51.227 [Test worker] DEBUG b.tm.resource.jdbc.PoolingDataSource - acquired connection from a PoolingDataSource containing an XAPool of resource jdbc/sharding with 3 connection(s) (2 still available)
17:27:51.227 [Test worker] DEBUG b.t.r.c.TransactionContextHelper - enlisting a JdbcPooledConnection from datasource jdbc/sharding in state ACCESSIBLE with usage count 1 wrapping org.postgresql.xa.PGXAConnection@69dd174a into a Bitronix Transaction with GTRID [737072696E672D62746D000001452C10D29C00000052], status=ACTIVE, 1 resource(s) enlisted (started Fri Apr 04 17:27:51 CST 2014)
17:27:51.227 [Test worker] DEBUG b.t.r.c.TransactionContextHelper - avoiding re-enlistment of already enlisted but not ended resource an XAResourceHolderState with uniqueName=jdbc/sharding XAResource=org.postgresql.xa.PGXAConnection@69dd174a (started) with XID a Bitronix XID [737072696E672D62746D000001452C10D29C00000052 : 737072696E672D62746D000001452C10D2B100000053]
Hibernate: update id_global_counter set global_count=?, option_mode=?, shard_id=? where id=?
17:27:51.228 [Test worker] DEBUG b.t.r.jdbc.proxy.ConnectionJavaProxy - closing a ConnectionJavaProxy of a JdbcPooledConnection from datasource jdbc/sharding in state ACCESSIBLE with usage count 1 wrapping org.postgresql.xa.PGXAConnection@69dd174a on Pooled connection wrapping physical connection org.postgresql.jdbc4.Jdbc4Connection@10ac8e98
17:27:51.228 [Test worker] DEBUG b.t.r.jdbc.JdbcPooledConnection - releasing to pool a JdbcPooledConnection from datasource jdbc/sharding in state ACCESSIBLE with usage count 1 wrapping org.postgresql.xa.PGXAConnection@69dd174a
17:27:51.228 [Test worker] DEBUG b.t.r.c.TransactionContextHelper - delisting a JdbcPooledConnection from datasource jdbc/sharding in state ACCESSIBLE with usage count 0 wrapping org.postgresql.xa.PGXAConnection@69dd174a from a Bitronix Transaction with GTRID [737072696E672D62746D000001452C10D29C00000052], status=ACTIVE, 1 resource(s) enlisted (started Fri Apr 04 17:27:51 CST 2014)
17:27:51.229 [Test worker] DEBUG b.t.r.c.TransactionContextHelper - resource is in enlisting global transaction context: a JdbcPooledConnection from datasource jdbc/sharding in state ACCESSIBLE with usage count 0 wrapping org.postgresql.xa.PGXAConnection@69dd174a
17:27:51.229 [Test worker] DEBUG b.t.r.c.TransactionContextHelper - requeuing a JdbcPooledConnection from datasource jdbc/sharding in state ACCESSIBLE with usage count 0 wrapping org.postgresql.xa.PGXAConnection@69dd174a from a Bitronix Transaction with GTRID [737072696E672D62746D000001452C10D29C00000052], status=ACTIVE, 1 resource(s) enlisted (started Fri Apr 04 17:27:51 CST 2014)
17:27:51.229 [Test worker] DEBUG b.t.r.c.TransactionContextHelper - resource is in enlisting global transaction context: a JdbcPooledConnection from datasource jdbc/sharding in state ACCESSIBLE with usage count 0 wrapping org.postgresql.xa.PGXAConnection@69dd174a
17:27:51.229 [Test worker] DEBUG b.t.r.c.TransactionContextHelper - deferring release to pool of a JdbcPooledConnection from datasource jdbc/sharding in state ACCESSIBLE with usage count 0 wrapping org.postgresql.xa.PGXAConnection@69dd174a
17:27:51.229 [Test worker] DEBUG b.t.r.c.TransactionContextHelper - a JdbcPooledConnection from datasource jdbc/sharding in state ACCESSIBLE with usage count 0 wrapping org.postgresql.xa.PGXAConnection@69dd174a is not already registered for deferred release in a Bitronix Transaction with GTRID [737072696E672D62746D000001452C10D29C00000052], status=ACTIVE, 1 resource(s) enlisted (started Fri Apr 04 17:27:51 CST 2014)
17:27:51.229 [Test worker] DEBUG b.t.r.c.TransactionContextHelper - registering DeferredReleaseSynchronization for a JdbcPooledConnection from datasource jdbc/sharding in state ACCESSIBLE with usage count 0 wrapping org.postgresql.xa.PGXAConnection@69dd174a
17:27:51.229 [Test worker] DEBUG b.t.r.c.AbstractXAStatefulHolder - notifying 2 stateChangeEventListener(s) about state changing from ACCESSIBLE to NOT_ACCESSIBLE in a JdbcPooledConnection from datasource jdbc/sharding in state ACCESSIBLE with usage count 0 wrapping org.postgresql.xa.PGXAConnection@69dd174a
17:27:51.229 [Test worker] DEBUG b.t.r.jdbc.JdbcPooledConnection - closing 0 dangling uncached statement(s)
17:27:51.229 [Test worker] DEBUG bitronix.tm.resource.common.XAPool - removed a JdbcPooledConnection from datasource jdbc/sharding in state ACCESSIBLE with usage count 0 wrapping org.postgresql.xa.PGXAConnection@69dd174a from the accessible pool
17:27:51.229 [Test worker] DEBUG b.t.r.c.AbstractXAStatefulHolder - state changing from ACCESSIBLE to NOT_ACCESSIBLE in a JdbcPooledConnection from datasource jdbc/sharding in state ACCESSIBLE with usage count 0 wrapping org.postgresql.xa.PGXAConnection@69dd174a
17:27:51.229 [Test worker] DEBUG b.t.r.c.AbstractXAStatefulHolder - notifying 2 stateChangeEventListener(s) about state changed from ACCESSIBLE to NOT_ACCESSIBLE in a JdbcPooledConnection from datasource jdbc/sharding in state NOT_ACCESSIBLE with usage count 0 wrapping org.postgresql.xa.PGXAConnection@69dd174a
17:27:51.229 [Test worker] DEBUG bitronix.tm.resource.common.XAPool - added a JdbcPooledConnection from datasource jdbc/sharding in state NOT_ACCESSIBLE with usage count 0 wrapping org.postgresql.xa.PGXAConnection@69dd174a to the inaccessible pool
17:27:51.229 [Test worker] DEBUG b.t.r.jdbc.JdbcPooledConnection - released to pool a JdbcPooledConnection from datasource jdbc/sharding in state NOT_ACCESSIBLE with usage count 0 wrapping org.postgresql.xa.PGXAConnection@69dd174a
17:27:51.229 [Test worker] DEBUG b.tm.resource.jdbc.PoolingDataSource - acquiring connection from a PoolingDataSource containing an XAPool of resource jdbc/sharding with 3 connection(s) (2 still available)
17:27:51.229 [Test worker] DEBUG bitronix.tm.resource.common.XAPool - trying to recycle a NOT_ACCESSIBLE connection of an XAPool of resource jdbc/sharding with 3 connection(s) (2 still available)
17:27:51.229 [Test worker] DEBUG bitronix.tm.resource.common.XAPool - current transaction GTRID is [737072696E672D62746D000001452C10D29C00000052]
17:27:51.229 [Test worker] DEBUG bitronix.tm.resource.common.XAPool - found a connection in NOT_ACCESSIBLE state: a JdbcPooledConnection from datasource jdbc/sharding in state NOT_ACCESSIBLE with usage count 0 wrapping org.postgresql.xa.PGXAConnection@69dd174a
17:27:51.229 [Test worker] DEBUG bitronix.tm.resource.common.XAPool - 1 xa resource(s) created by connection in NOT_ACCESSIBLE state: a JdbcPooledConnection from datasource jdbc/sharding in state NOT_ACCESSIBLE with usage count 0 wrapping org.postgresql.xa.PGXAConnection@69dd174a
17:27:51.229 [Test worker] DEBUG bitronix.tm.resource.common.XAPool - NOT_ACCESSIBLE xa resource GTRID: 737072696E672D62746D000001452C10D29C00000052
17:27:51.229 [Test worker] DEBUG bitronix.tm.resource.common.XAPool - NOT_ACCESSIBLE xa resource's GTRID matched this transaction's GTRID, recycling it
17:27:51.229 [Test worker] DEBUG bitronix.tm.resource.common.XAPool - found NOT_ACCESSIBLE connection a JdbcPooledConnection from datasource jdbc/sharding in state NOT_ACCESSIBLE with usage count 0 wrapping org.postgresql.xa.PGXAConnection@69dd174a from an XAPool of resource jdbc/sharding with 3 connection(s) (2 still available)
17:27:51.229 [Test worker] DEBUG b.t.r.jdbc.JdbcPooledConnection - getting connection handle from a JdbcPooledConnection from datasource jdbc/sharding in state NOT_ACCESSIBLE with usage count 0 wrapping org.postgresql.xa.PGXAConnection@69dd174a
17:27:51.229 [Test worker] DEBUG b.t.r.c.AbstractXAStatefulHolder - notifying 2 stateChangeEventListener(s) about state changing from NOT_ACCESSIBLE to ACCESSIBLE in a JdbcPooledConnection from datasource jdbc/sharding in state NOT_ACCESSIBLE with usage count 1 wrapping org.postgresql.xa.PGXAConnection@69dd174a
17:27:51.230 [Test worker] DEBUG bitronix.tm.resource.common.XAPool - removed a JdbcPooledConnection from datasource jdbc/sharding in state NOT_ACCESSIBLE with usage count 1 wrapping org.postgresql.xa.PGXAConnection@69dd174a from the inaccessible pool
17:27:51.230 [Test worker] DEBUG b.t.r.c.AbstractXAStatefulHolder - state changing from NOT_ACCESSIBLE to ACCESSIBLE in a JdbcPooledConnection from datasource jdbc/sharding in state NOT_ACCESSIBLE with usage count 1 wrapping org.postgresql.xa.PGXAConnection@69dd174a
17:27:51.230 [Test worker] DEBUG b.t.r.c.AbstractXAStatefulHolder - notifying 2 stateChangeEventListener(s) about state changed from NOT_ACCESSIBLE to ACCESSIBLE in a JdbcPooledConnection from datasource jdbc/sharding in state ACCESSIBLE with usage count 1 wrapping org.postgresql.xa.PGXAConnection@69dd174a
17:27:51.230 [Test worker] DEBUG b.t.r.c.TransactionContextHelper - marking a JdbcPooledConnection from datasource jdbc/sharding in state ACCESSIBLE with usage count 1 wrapping org.postgresql.xa.PGXAConnection@69dd174a as recycled in a Bitronix Transaction with GTRID [737072696E672D62746D000001452C10D29C00000052], status=ACTIVE, 1 resource(s) enlisted (started Fri Apr 04 17:27:51 CST 2014)
17:27:51.230 [Test worker] DEBUG b.t.r.c.TransactionContextHelper - a JdbcPooledConnection from datasource jdbc/sharding in state ACCESSIBLE with usage count 1 wrapping org.postgresql.xa.PGXAConnection@69dd174a has been recycled, unregistering deferred release from a Bitronix Transaction with GTRID [737072696E672D62746D000001452C10D29C00000052], status=ACTIVE, 1 resource(s) enlisted (started Fri Apr 04 17:27:51 CST 2014)
17:27:51.230 [Test worker] DEBUG bitronix.tm.resource.common.XAPool - added a JdbcPooledConnection from datasource jdbc/sharding in state ACCESSIBLE with usage count 1 wrapping org.postgresql.xa.PGXAConnection@69dd174a to the accessible pool
17:27:51.230 [Test worker] DEBUG b.t.r.jdbc.JdbcPooledConnection - connection org.postgresql.xa.PGXAConnection@69dd174a was in state NOT_ACCESSIBLE, no need to test it
17:27:51.230 [Test worker] DEBUG b.t.r.jdbc.JdbcPooledConnection - got connection handle from a JdbcPooledConnection from datasource jdbc/sharding in state ACCESSIBLE with usage count 1 wrapping org.postgresql.xa.PGXAConnection@69dd174a
17:27:51.230 [Test worker] DEBUG b.tm.resource.jdbc.PoolingDataSource - acquired connection from a PoolingDataSource containing an XAPool of resource jdbc/sharding with 3 connection(s) (2 still available)
17:27:51.230 [Test worker] DEBUG b.t.r.c.TransactionContextHelper - enlisting a JdbcPooledConnection from datasource jdbc/sharding in state ACCESSIBLE with usage count 1 wrapping org.postgresql.xa.PGXAConnection@69dd174a into a Bitronix Transaction with GTRID [737072696E672D62746D000001452C10D29C00000052], status=ACTIVE, 1 resource(s) enlisted (started Fri Apr 04 17:27:51 CST 2014)
17:27:51.230 [Test worker] DEBUG b.t.r.c.TransactionContextHelper - avoiding re-enlistment of already enlisted but not ended resource an XAResourceHolderState with uniqueName=jdbc/sharding XAResource=org.postgresql.xa.PGXAConnection@69dd174a (started) with XID a Bitronix XID [737072696E672D62746D000001452C10D29C00000052 : 737072696E672D62746D000001452C10D2B100000053]
Hibernate: select * from id_global_counter where shard_id = ? and option_mode = ?
17:27:51.231 [Test worker] DEBUG b.t.r.jdbc.proxy.ConnectionJavaProxy - closing a ConnectionJavaProxy of a JdbcPooledConnection from datasource jdbc/sharding in state ACCESSIBLE with usage count 1 wrapping org.postgresql.xa.PGXAConnection@69dd174a on Pooled connection wrapping physical connection org.postgresql.jdbc4.Jdbc4Connection@10ac8e98
17:27:51.231 [Test worker] DEBUG b.t.r.jdbc.JdbcPooledConnection - releasing to pool a JdbcPooledConnection from datasource jdbc/sharding in state ACCESSIBLE with usage count 1 wrapping org.postgresql.xa.PGXAConnection@69dd174a
17:27:51.231 [Test worker] DEBUG b.t.r.c.TransactionContextHelper - delisting a JdbcPooledConnection from datasource jdbc/sharding in state ACCESSIBLE with usage count 0 wrapping org.postgresql.xa.PGXAConnection@69dd174a from a Bitronix Transaction with GTRID [737072696E672D62746D000001452C10D29C00000052], status=ACTIVE, 1 resource(s) enlisted (started Fri Apr 04 17:27:51 CST 2014)
17:27:51.232 [Test worker] DEBUG b.t.r.c.TransactionContextHelper - resource is in enlisting global transaction context: a JdbcPooledConnection from datasource jdbc/sharding in state ACCESSIBLE with usage count 0 wrapping org.postgresql.xa.PGXAConnection@69dd174a
17:27:51.232 [Test worker] DEBUG b.t.r.c.TransactionContextHelper - requeuing a JdbcPooledConnection from datasource jdbc/sharding in state ACCESSIBLE with usage count 0 wrapping org.postgresql.xa.PGXAConnection@69dd174a from a Bitronix Transaction with GTRID [737072696E672D62746D000001452C10D29C00000052], status=ACTIVE, 1 resource(s) enlisted (started Fri Apr 04 17:27:51 CST 2014)
17:27:51.232 [Test worker] DEBUG b.t.r.c.TransactionContextHelper - resource is in enlisting global transaction context: a JdbcPooledConnection from datasource jdbc/sharding in state ACCESSIBLE with usage count 0 wrapping org.postgresql.xa.PGXAConnection@69dd174a
17:27:51.232 [Test worker] DEBUG b.t.r.c.TransactionContextHelper - deferring release to pool of a JdbcPooledConnection from datasource jdbc/sharding in state ACCESSIBLE with usage count 0 wrapping org.postgresql.xa.PGXAConnection@69dd174a
17:27:51.232 [Test worker] DEBUG b.t.r.c.TransactionContextHelper - a JdbcPooledConnection from datasource jdbc/sharding in state ACCESSIBLE with usage count 0 wrapping org.postgresql.xa.PGXAConnection@69dd174a is not already registered for deferred release in a Bitronix Transaction with GTRID [737072696E672D62746D000001452C10D29C00000052], status=ACTIVE, 1 resource(s) enlisted (started Fri Apr 04 17:27:51 CST 2014)
17:27:51.232 [Test worker] DEBUG b.t.r.c.TransactionContextHelper - registering DeferredReleaseSynchronization for a JdbcPooledConnection from datasource jdbc/sharding in state ACCESSIBLE with usage count 0 wrapping org.postgresql.xa.PGXAConnection@69dd174a
17:27:51.232 [Test worker] DEBUG b.t.r.c.AbstractXAStatefulHolder - notifying 2 stateChangeEventListener(s) about state changing from ACCESSIBLE to NOT_ACCESSIBLE in a JdbcPooledConnection from datasource jdbc/sharding in state ACCESSIBLE with usage count 0 wrapping org.postgresql.xa.PGXAConnection@69dd174a
17:27:51.232 [Test worker] DEBUG b.t.r.jdbc.JdbcPooledConnection - closing 0 dangling uncached statement(s)
17:27:51.232 [Test worker] DEBUG bitronix.tm.resource.common.XAPool - removed a JdbcPooledConnection from datasource jdbc/sharding in state ACCESSIBLE with usage count 0 wrapping org.postgresql.xa.PGXAConnection@69dd174a from the accessible pool
17:27:51.232 [Test worker] DEBUG b.t.r.c.AbstractXAStatefulHolder - state changing from ACCESSIBLE to NOT_ACCESSIBLE in a JdbcPooledConnection from datasource jdbc/sharding in state ACCESSIBLE with usage count 0 wrapping org.postgresql.xa.PGXAConnection@69dd174a
17:27:51.232 [Test worker] DEBUG b.t.r.c.AbstractXAStatefulHolder - notifying 2 stateChangeEventListener(s) about state changed from ACCESSIBLE to NOT_ACCESSIBLE in a JdbcPooledConnection from datasource jdbc/sharding in state NOT_ACCESSIBLE with usage count 0 wrapping org.postgresql.xa.PGXAConnection@69dd174a
17:27:51.232 [Test worker] DEBUG bitronix.tm.resource.common.XAPool - added a JdbcPooledConnection from datasource jdbc/sharding in state NOT_ACCESSIBLE with usage count 0 wrapping org.postgresql.xa.PGXAConnection@69dd174a to the inaccessible pool
17:27:51.232 [Test worker] DEBUG b.t.r.jdbc.JdbcPooledConnection - released to pool a JdbcPooledConnection from datasource jdbc/sharding in state NOT_ACCESSIBLE with usage count 0 wrapping org.postgresql.xa.PGXAConnection@69dd174a
17:27:51.235 [Test worker] DEBUG b.tm.resource.jdbc.PoolingDataSource - acquiring connection from a PoolingDataSource containing an XAPool of resource jdbc/sharding with 3 connection(s) (2 still available)
17:27:51.235 [Test worker] DEBUG bitronix.tm.resource.common.XAPool - trying to recycle a NOT_ACCESSIBLE connection of an XAPool of resource jdbc/sharding with 3 connection(s) (2 still available)
17:27:51.235 [Test worker] DEBUG bitronix.tm.resource.common.XAPool - current transaction GTRID is [737072696E672D62746D000001452C10D29C00000052]
17:27:51.235 [Test worker] DEBUG bitronix.tm.resource.common.XAPool - found a connection in NOT_ACCESSIBLE state: a JdbcPooledConnection from datasource jdbc/sharding in state NOT_ACCESSIBLE with usage count 0 wrapping org.postgresql.xa.PGXAConnection@69dd174a
17:27:51.235 [Test worker] DEBUG bitronix.tm.resource.common.XAPool - 1 xa resource(s) created by connection in NOT_ACCESSIBLE state: a JdbcPooledConnection from datasource jdbc/sharding in state NOT_ACCESSIBLE with usage count 0 wrapping org.postgresql.xa.PGXAConnection@69dd174a
17:27:51.235 [Test worker] DEBUG bitronix.tm.resource.common.XAPool - NOT_ACCESSIBLE xa resource GTRID: 737072696E672D62746D000001452C10D29C00000052
17:27:51.235 [Test worker] DEBUG bitronix.tm.resource.common.XAPool - NOT_ACCESSIBLE xa resource's GTRID matched this transaction's GTRID, recycling it
17:27:51.235 [Test worker] DEBUG bitronix.tm.resource.common.XAPool - found NOT_ACCESSIBLE connection a JdbcPooledConnection from datasource jdbc/sharding in state NOT_ACCESSIBLE with usage count 0 wrapping org.postgresql.xa.PGXAConnection@69dd174a from an XAPool of resource jdbc/sharding with 3 connection(s) (2 still available)
17:27:51.235 [Test worker] DEBUG b.t.r.jdbc.JdbcPooledConnection - getting connection handle from a JdbcPooledConnection from datasource jdbc/sharding in state NOT_ACCESSIBLE with usage count 0 wrapping org.postgresql.xa.PGXAConnection@69dd174a
17:27:51.235 [Test worker] DEBUG b.t.r.c.AbstractXAStatefulHolder - notifying 2 stateChangeEventListener(s) about state changing from NOT_ACCESSIBLE to ACCESSIBLE in a JdbcPooledConnection from datasource jdbc/sharding in state NOT_ACCESSIBLE with usage count 1 wrapping org.postgresql.xa.PGXAConnection@69dd174a
17:27:51.235 [Test worker] DEBUG bitronix.tm.resource.common.XAPool - removed a JdbcPooledConnection from datasource jdbc/sharding in state NOT_ACCESSIBLE with usage count 1 wrapping org.postgresql.xa.PGXAConnection@69dd174a from the inaccessible pool
17:27:51.235 [Test worker] DEBUG b.t.r.c.AbstractXAStatefulHolder - state changing from NOT_ACCESSIBLE to ACCESSIBLE in a JdbcPooledConnection from datasource jdbc/sharding in state NOT_ACCESSIBLE with usage count 1 wrapping org.postgresql.xa.PGXAConnection@69dd174a
17:27:51.235 [Test worker] DEBUG b.t.r.c.AbstractXAStatefulHolder - notifying 2 stateChangeEventListener(s) about state changed from NOT_ACCESSIBLE to ACCESSIBLE in a JdbcPooledConnection from datasource jdbc/sharding in state ACCESSIBLE with usage count 1 wrapping org.postgresql.xa.PGXAConnection@69dd174a
17:27:51.235 [Test worker] DEBUG b.t.r.c.TransactionContextHelper - marking a JdbcPooledConnection from datasource jdbc/sharding in state ACCESSIBLE with usage count 1 wrapping org.postgresql.xa.PGXAConnection@69dd174a as recycled in a Bitronix Transaction with GTRID [737072696E672D62746D000001452C10D29C00000052], status=ACTIVE, 1 resource(s) enlisted (started Fri Apr 04 17:27:51 CST 2014)
17:27:51.235 [Test worker] DEBUG b.t.r.c.TransactionContextHelper - a JdbcPooledConnection from datasource jdbc/sharding in state ACCESSIBLE with usage count 1 wrapping org.postgresql.xa.PGXAConnection@69dd174a has been recycled, unregistering deferred release from a Bitronix Transaction with GTRID [737072696E672D62746D000001452C10D29C00000052], status=ACTIVE, 1 resource(s) enlisted (started Fri Apr 04 17:27:51 CST 2014)
17:27:51.235 [Test worker] DEBUG bitronix.tm.resource.common.XAPool - added a JdbcPooledConnection from datasource jdbc/sharding in state ACCESSIBLE with usage count 1 wrapping org.postgresql.xa.PGXAConnection@69dd174a to the accessible pool
17:27:51.235 [Test worker] DEBUG b.t.r.jdbc.JdbcPooledConnection - connection org.postgresql.xa.PGXAConnection@69dd174a was in state NOT_ACCESSIBLE, no need to test it
17:27:51.235 [Test worker] DEBUG b.t.r.jdbc.JdbcPooledConnection - got connection handle from a JdbcPooledConnection from datasource jdbc/sharding in state ACCESSIBLE with usage count 1 wrapping org.postgresql.xa.PGXAConnection@69dd174a
17:27:51.235 [Test worker] DEBUG b.tm.resource.jdbc.PoolingDataSource - acquired connection from a PoolingDataSource containing an XAPool of resource jdbc/sharding with 3 connection(s) (2 still available)
17:27:51.235 [Test worker] DEBUG b.t.r.c.TransactionContextHelper - enlisting a JdbcPooledConnection from datasource jdbc/sharding in state ACCESSIBLE with usage count 1 wrapping org.postgresql.xa.PGXAConnection@69dd174a into a Bitronix Transaction with GTRID [737072696E672D62746D000001452C10D29C00000052], status=ACTIVE, 1 resource(s) enlisted (started Fri Apr 04 17:27:51 CST 2014)
17:27:51.235 [Test worker] DEBUG b.t.r.c.TransactionContextHelper - avoiding re-enlistment of already enlisted but not ended resource an XAResourceHolderState with uniqueName=jdbc/sharding XAResource=org.postgresql.xa.PGXAConnection@69dd174a (started) with XID a Bitronix XID [737072696E672D62746D000001452C10D29C00000052 : 737072696E672D62746D000001452C10D2B100000053]
Hibernate: update id_global_counter set global_count=?, option_mode=?, shard_id=? where id=?
17:27:51.237 [Test worker] DEBUG b.t.r.jdbc.proxy.ConnectionJavaProxy - closing a ConnectionJavaProxy of a JdbcPooledConnection from datasource jdbc/sharding in state ACCESSIBLE with usage count 1 wrapping org.postgresql.xa.PGXAConnection@69dd174a on Pooled connection wrapping physical connection org.postgresql.jdbc4.Jdbc4Connection@10ac8e98
17:27:51.237 [Test worker] DEBUG b.t.r.jdbc.JdbcPooledConnection - releasing to pool a JdbcPooledConnection from datasource jdbc/sharding in state ACCESSIBLE with usage count 1 wrapping org.postgresql.xa.PGXAConnection@69dd174a
17:27:51.237 [Test worker] DEBUG b.t.r.c.TransactionContextHelper - delisting a JdbcPooledConnection from datasource jdbc/sharding in state ACCESSIBLE with usage count 0 wrapping org.postgresql.xa.PGXAConnection@69dd174a from a Bitronix Transaction with GTRID [737072696E672D62746D000001452C10D29C00000052], status=ACTIVE, 1 resource(s) enlisted (started Fri Apr 04 17:27:51 CST 2014)
17:27:51.237 [Test worker] DEBUG b.t.r.c.TransactionContextHelper - resource is in enlisting global transaction context: a JdbcPooledConnection from datasource jdbc/sharding in state ACCESSIBLE with usage count 0 wrapping org.postgresql.xa.PGXAConnection@69dd174a
17:27:51.237 [Test worker] DEBUG b.t.r.c.TransactionContextHelper - requeuing a JdbcPooledConnection from datasource jdbc/sharding in state ACCESSIBLE with usage count 0 wrapping org.postgresql.xa.PGXAConnection@69dd174a from a Bitronix Transaction with GTRID [737072696E672D62746D000001452C10D29C00000052], status=ACTIVE, 1 resource(s) enlisted (started Fri Apr 04 17:27:51 CST 2014)
17:27:51.237 [Test worker] DEBUG b.t.r.c.TransactionContextHelper - resource is in enlisting global transaction context: a JdbcPooledConnection from datasource jdbc/sharding in state ACCESSIBLE with usage count 0 wrapping org.postgresql.xa.PGXAConnection@69dd174a
17:27:51.237 [Test worker] DEBUG b.t.r.c.TransactionContextHelper - deferring release to pool of a JdbcPooledConnection from datasource jdbc/sharding in state ACCESSIBLE with usage count 0 wrapping org.postgresql.xa.PGXAConnection@69dd174a
17:27:51.237 [Test worker] DEBUG b.t.r.c.TransactionContextHelper - a JdbcPooledConnection from datasource jdbc/sharding in state ACCESSIBLE with usage count 0 wrapping org.postgresql.xa.PGXAConnection@69dd174a is not already registered for deferred release in a Bitronix Transaction with GTRID [737072696E672D62746D000001452C10D29C00000052], status=ACTIVE, 1 resource(s) enlisted (started Fri Apr 04 17:27:51 CST 2014)
17:27:51.237 [Test worker] DEBUG b.t.r.c.TransactionContextHelper - registering DeferredReleaseSynchronization for a JdbcPooledConnection from datasource jdbc/sharding in state ACCESSIBLE with usage count 0 wrapping org.postgresql.xa.PGXAConnection@69dd174a
17:27:51.237 [Test worker] DEBUG b.t.r.c.AbstractXAStatefulHolder - notifying 2 stateChangeEventListener(s) about state changing from ACCESSIBLE to NOT_ACCESSIBLE in a JdbcPooledConnection from datasource jdbc/sharding in state ACCESSIBLE with usage count 0 wrapping org.postgresql.xa.PGXAConnection@69dd174a
17:27:51.237 [Test worker] DEBUG b.t.r.jdbc.JdbcPooledConnection - closing 0 dangling uncached statement(s)
17:27:51.237 [Test worker] DEBUG bitronix.tm.resource.common.XAPool - removed a JdbcPooledConnection from datasource jdbc/sharding in state ACCESSIBLE with usage count 0 wrapping org.postgresql.xa.PGXAConnection@69dd174a from the accessible pool
17:27:51.237 [Test worker] DEBUG b.t.r.c.AbstractXAStatefulHolder - state changing from ACCESSIBLE to NOT_ACCESSIBLE in a JdbcPooledConnection from datasource jdbc/sharding in state ACCESSIBLE with usage count 0 wrapping org.postgresql.xa.PGXAConnection@69dd174a
17:27:51.237 [Test worker] DEBUG b.t.r.c.AbstractXAStatefulHolder - notifying 2 stateChangeEventListener(s) about state changed from ACCESSIBLE to NOT_ACCESSIBLE in a JdbcPooledConnection from datasource jdbc/sharding in state NOT_ACCESSIBLE with usage count 0 wrapping org.postgresql.xa.PGXAConnection@69dd174a
17:27:51.237 [Test worker] DEBUG bitronix.tm.resource.common.XAPool - added a JdbcPooledConnection from datasource jdbc/sharding in state NOT_ACCESSIBLE with usage count 0 wrapping org.postgresql.xa.PGXAConnection@69dd174a to the inaccessible pool
17:27:51.237 [Test worker] DEBUG b.t.r.jdbc.JdbcPooledConnection - released to pool a JdbcPooledConnection from datasource jdbc/sharding in state NOT_ACCESSIBLE with usage count 0 wrapping org.postgresql.xa.PGXAConnection@69dd174a
17:27:51.238 [Test worker] DEBUG b.tm.resource.jdbc.PoolingDataSource - acquiring connection from a PoolingDataSource containing an XAPool of resource jdbc/sharding with 3 connection(s) (2 still available)
17:27:51.238 [Test worker] DEBUG bitronix.tm.resource.common.XAPool - trying to recycle a NOT_ACCESSIBLE connection of an XAPool of resource jdbc/sharding with 3 connection(s) (2 still available)
17:27:51.238 [Test worker] DEBUG bitronix.tm.resource.common.XAPool - current transaction GTRID is [737072696E672D62746D000001452C10D29C00000052]
17:27:51.238 [Test worker] DEBUG bitronix.tm.resource.common.XAPool - found a connection in NOT_ACCESSIBLE state: a JdbcPooledConnection from datasource jdbc/sharding in state NOT_ACCESSIBLE with usage count 0 wrapping org.postgresql.xa.PGXAConnection@69dd174a
17:27:51.238 [Test worker] DEBUG bitronix.tm.resource.common.XAPool - 1 xa resource(s) created by connection in NOT_ACCESSIBLE state: a JdbcPooledConnection from datasource jdbc/sharding in state NOT_ACCESSIBLE with usage count 0 wrapping org.postgresql.xa.PGXAConnection@69dd174a
17:27:51.238 [Test worker] DEBUG bitronix.tm.resource.common.XAPool - NOT_ACCESSIBLE xa resource GTRID: 737072696E672D62746D000001452C10D29C00000052
17:27:51.238 [Test worker] DEBUG bitronix.tm.resource.common.XAPool - NOT_ACCESSIBLE xa resource's GTRID matched this transaction's GTRID, recycling it
17:27:51.238 [Test worker] DEBUG bitronix.tm.resource.common.XAPool - found NOT_ACCESSIBLE connection a JdbcPooledConnection from datasource jdbc/sharding in state NOT_ACCESSIBLE with usage count 0 wrapping org.postgresql.xa.PGXAConnection@69dd174a from an XAPool of resource jdbc/sharding with 3 connection(s) (2 still available)
17:27:51.238 [Test worker] DEBUG b.t.r.jdbc.JdbcPooledConnection - getting connection handle from a JdbcPooledConnection from datasource jdbc/sharding in state NOT_ACCESSIBLE with usage count 0 wrapping org.postgresql.xa.PGXAConnection@69dd174a
17:27:51.238 [Test worker] DEBUG b.t.r.c.AbstractXAStatefulHolder - notifying 2 stateChangeEventListener(s) about state changing from NOT_ACCESSIBLE to ACCESSIBLE in a JdbcPooledConnection from datasource jdbc/sharding in state NOT_ACCESSIBLE with usage count 1 wrapping org.postgresql.xa.PGXAConnection@69dd174a
17:27:51.238 [Test worker] DEBUG bitronix.tm.resource.common.XAPool - removed a JdbcPooledConnection from datasource jdbc/sharding in state NOT_ACCESSIBLE with usage count 1 wrapping org.postgresql.xa.PGXAConnection@69dd174a from the inaccessible pool
17:27:51.238 [Test worker] DEBUG b.t.r.c.AbstractXAStatefulHolder - state changing from NOT_ACCESSIBLE to ACCESSIBLE in a JdbcPooledConnection from datasource jdbc/sharding in state NOT_ACCESSIBLE with usage count 1 wrapping org.postgresql.xa.PGXAConnection@69dd174a
17:27:51.238 [Test worker] DEBUG b.t.r.c.AbstractXAStatefulHolder - notifying 2 stateChangeEventListener(s) about state changed from NOT_ACCESSIBLE to ACCESSIBLE in a JdbcPooledConnection from datasource jdbc/sharding in state ACCESSIBLE with usage count 1 wrapping org.postgresql.xa.PGXAConnection@69dd174a
17:27:51.238 [Test worker] DEBUG b.t.r.c.TransactionContextHelper - marking a JdbcPooledConnection from datasource jdbc/sharding in state ACCESSIBLE with usage count 1 wrapping org.postgresql.xa.PGXAConnection@69dd174a as recycled in a Bitronix Transaction with GTRID [737072696E672D62746D000001452C10D29C00000052], status=ACTIVE, 1 resource(s) enlisted (started Fri Apr 04 17:27:51 CST 2014)
17:27:51.238 [Test worker] DEBUG b.t.r.c.TransactionContextHelper - a JdbcPooledConnection from datasource jdbc/sharding in state ACCESSIBLE with usage count 1 wrapping org.postgresql.xa.PGXAConnection@69dd174a has been recycled, unregistering deferred release from a Bitronix Transaction with GTRID [737072696E672D62746D000001452C10D29C00000052], status=ACTIVE, 1 resource(s) enlisted (started Fri Apr 04 17:27:51 CST 2014)
17:27:51.238 [Test worker] DEBUG bitronix.tm.resource.common.XAPool - added a JdbcPooledConnection from datasource jdbc/sharding in state ACCESSIBLE with usage count 1 wrapping org.postgresql.xa.PGXAConnection@69dd174a to the accessible pool
17:27:51.238 [Test worker] DEBUG b.t.r.jdbc.JdbcPooledConnection - connection org.postgresql.xa.PGXAConnection@69dd174a was in state NOT_ACCESSIBLE, no need to test it
17:27:51.238 [Test worker] DEBUG b.t.r.jdbc.JdbcPooledConnection - got connection handle from a JdbcPooledConnection from datasource jdbc/sharding in state ACCESSIBLE with usage count 1 wrapping org.postgresql.xa.PGXAConnection@69dd174a
17:27:51.238 [Test worker] DEBUG b.tm.resource.jdbc.PoolingDataSource - acquired connection from a PoolingDataSource containing an XAPool of resource jdbc/sharding with 3 connection(s) (2 still available)
17:27:51.238 [Test worker] DEBUG b.t.r.c.TransactionContextHelper - enlisting a JdbcPooledConnection from datasource jdbc/sharding in state ACCESSIBLE with usage count 1 wrapping org.postgresql.xa.PGXAConnection@69dd174a into a Bitronix Transaction with GTRID [737072696E672D62746D000001452C10D29C00000052], status=ACTIVE, 1 resource(s) enlisted (started Fri Apr 04 17:27:51 CST 2014)
17:27:51.238 [Test worker] DEBUG b.t.r.c.TransactionContextHelper - avoiding re-enlistment of already enlisted but not ended resource an XAResourceHolderState with uniqueName=jdbc/sharding XAResource=org.postgresql.xa.PGXAConnection@69dd174a (started) with XID a Bitronix XID [737072696E672D62746D000001452C10D29C00000052 : 737072696E672D62746D000001452C10D2B100000053]
Hibernate: select * from id_global_counter where shard_id = ? and option_mode = ?
17:27:51.239 [Test worker] DEBUG b.t.r.jdbc.proxy.ConnectionJavaProxy - closing a ConnectionJavaProxy of a JdbcPooledConnection from datasource jdbc/sharding in state ACCESSIBLE with usage count 1 wrapping org.postgresql.xa.PGXAConnection@69dd174a on Pooled connection wrapping physical connection org.postgresql.jdbc4.Jdbc4Connection@10ac8e98
17:27:51.240 [Test worker] DEBUG b.t.r.jdbc.JdbcPooledConnection - releasing to pool a JdbcPooledConnection from datasource jdbc/sharding in state ACCESSIBLE with usage count 1 wrapping org.postgresql.xa.PGXAConnection@69dd174a
17:27:51.240 [Test worker] DEBUG b.t.r.c.TransactionContextHelper - delisting a JdbcPooledConnection from datasource jdbc/sharding in state ACCESSIBLE with usage count 0 wrapping org.postgresql.xa.PGXAConnection@69dd174a from a Bitronix Transaction with GTRID [737072696E672D62746D000001452C10D29C00000052], status=ACTIVE, 1 resource(s) enlisted (started Fri Apr 04 17:27:51 CST 2014)
17:27:51.240 [Test worker] DEBUG b.t.r.c.TransactionContextHelper - resource is in enlisting global transaction context: a JdbcPooledConnection from datasource jdbc/sharding in state ACCESSIBLE with usage count 0 wrapping org.postgresql.xa.PGXAConnection@69dd174a
17:27:51.240 [Test worker] DEBUG b.t.r.c.TransactionContextHelper - requeuing a JdbcPooledConnection from datasource jdbc/sharding in state ACCESSIBLE with usage count 0 wrapping org.postgresql.xa.PGXAConnection@69dd174a from a Bitronix Transaction with GTRID [737072696E672D62746D000001452C10D29C00000052], status=ACTIVE, 1 resource(s) enlisted (started Fri Apr 04 17:27:51 CST 2014)
17:27:51.240 [Test worker] DEBUG b.t.r.c.TransactionContextHelper - resource is in enlisting global transaction context: a JdbcPooledConnection from datasource jdbc/sharding in state ACCESSIBLE with usage count 0 wrapping org.postgresql.xa.PGXAConnection@69dd174a
17:27:51.240 [Test worker] DEBUG b.t.r.c.TransactionContextHelper - deferring release to pool of a JdbcPooledConnection from datasource jdbc/sharding in state ACCESSIBLE with usage count 0 wrapping org.postgresql.xa.PGXAConnection@69dd174a
17:27:51.240 [Test worker] DEBUG b.t.r.c.TransactionContextHelper - a JdbcPooledConnection from datasource jdbc/sharding in state ACCESSIBLE with usage count 0 wrapping org.postgresql.xa.PGXAConnection@69dd174a is not already registered for deferred release in a Bitronix Transaction with GTRID [737072696E672D62746D000001452C10D29C00000052], status=ACTIVE, 1 resource(s) enlisted (started Fri Apr 04 17:27:51 CST 2014)
17:27:51.240 [Test worker] DEBUG b.t.r.c.TransactionContextHelper - registering DeferredReleaseSynchronization for a JdbcPooledConnection from datasource jdbc/sharding in state ACCESSIBLE with usage count 0 wrapping org.postgresql.xa.PGXAConnection@69dd174a
17:27:51.240 [Test worker] DEBUG b.t.r.c.AbstractXAStatefulHolder - notifying 2 stateChangeEventListener(s) about state changing from ACCESSIBLE to NOT_ACCESSIBLE in a JdbcPooledConnection from datasource jdbc/sharding in state ACCESSIBLE with usage count 0 wrapping org.postgresql.xa.PGXAConnection@69dd174a
17:27:51.240 [Test worker] DEBUG b.t.r.jdbc.JdbcPooledConnection - closing 0 dangling uncached statement(s)
17:27:51.240 [Test worker] DEBUG bitronix.tm.resource.common.XAPool - removed a JdbcPooledConnection from datasource jdbc/sharding in state ACCESSIBLE with usage count 0 wrapping org.postgresql.xa.PGXAConnection@69dd174a from the accessible pool
17:27:51.240 [Test worker] DEBUG b.t.r.c.AbstractXAStatefulHolder - state changing from ACCESSIBLE to NOT_ACCESSIBLE in a JdbcPooledConnection from datasource jdbc/sharding in state ACCESSIBLE with usage count 0 wrapping org.postgresql.xa.PGXAConnection@69dd174a
17:27:51.240 [Test worker] DEBUG b.t.r.c.AbstractXAStatefulHolder - notifying 2 stateChangeEventListener(s) about state changed from ACCESSIBLE to NOT_ACCESSIBLE in a JdbcPooledConnection from datasource jdbc/sharding in state NOT_ACCESSIBLE with usage count 0 wrapping org.postgresql.xa.PGXAConnection@69dd174a
17:27:51.240 [Test worker] DEBUG bitronix.tm.resource.common.XAPool - added a JdbcPooledConnection from datasource jdbc/sharding in state NOT_ACCESSIBLE with usage count 0 wrapping org.postgresql.xa.PGXAConnection@69dd174a to the inaccessible pool
17:27:51.240 [Test worker] DEBUG b.t.r.jdbc.JdbcPooledConnection - released to pool a JdbcPooledConnection from datasource jdbc/sharding in state NOT_ACCESSIBLE with usage count 0 wrapping org.postgresql.xa.PGXAConnection@69dd174a
17:27:51.241 [Test worker] DEBUG b.tm.resource.jdbc.PoolingDataSource - acquiring connection from a PoolingDataSource containing an XAPool of resource jdbc/sharding with 3 connection(s) (2 still available)
17:27:51.241 [Test worker] DEBUG bitronix.tm.resource.common.XAPool - trying to recycle a NOT_ACCESSIBLE connection of an XAPool of resource jdbc/sharding with 3 connection(s) (2 still available)
17:27:51.241 [Test worker] DEBUG bitronix.tm.resource.common.XAPool - current transaction GTRID is [737072696E672D62746D000001452C10D29C00000052]
17:27:51.241 [Test worker] DEBUG bitronix.tm.resource.common.XAPool - found a connection in NOT_ACCESSIBLE state: a JdbcPooledConnection from datasource jdbc/sharding in state NOT_ACCESSIBLE with usage count 0 wrapping org.postgresql.xa.PGXAConnection@69dd174a
17:27:51.241 [Test worker] DEBUG bitronix.tm.resource.common.XAPool - 1 xa resource(s) created by connection in NOT_ACCESSIBLE state: a JdbcPooledConnection from datasource jdbc/sharding in state NOT_ACCESSIBLE with usage count 0 wrapping org.postgresql.xa.PGXAConnection@69dd174a
17:27:51.241 [Test worker] DEBUG bitronix.tm.resource.common.XAPool - NOT_ACCESSIBLE xa resource GTRID: 737072696E672D62746D000001452C10D29C00000052
17:27:51.241 [Test worker] DEBUG bitronix.tm.resource.common.XAPool - NOT_ACCESSIBLE xa resource's GTRID matched this transaction's GTRID, recycling it
17:27:51.241 [Test worker] DEBUG bitronix.tm.resource.common.XAPool - found NOT_ACCESSIBLE connection a JdbcPooledConnection from datasource jdbc/sharding in state NOT_ACCESSIBLE with usage count 0 wrapping org.postgresql.xa.PGXAConnection@69dd174a from an XAPool of resource jdbc/sharding with 3 connection(s) (2 still available)
17:27:51.241 [Test worker] DEBUG b.t.r.jdbc.JdbcPooledConnection - getting connection handle from a JdbcPooledConnection from datasource jdbc/sharding in state NOT_ACCESSIBLE with usage count 0 wrapping org.postgresql.xa.PGXAConnection@69dd174a
17:27:51.241 [Test worker] DEBUG b.t.r.c.AbstractXAStatefulHolder - notifying 2 stateChangeEventListener(s) about state changing from NOT_ACCESSIBLE to ACCESSIBLE in a JdbcPooledConnection from datasource jdbc/sharding in state NOT_ACCESSIBLE with usage count 1 wrapping org.postgresql.xa.PGXAConnection@69dd174a
17:27:51.241 [Test worker] DEBUG bitronix.tm.resource.common.XAPool - removed a JdbcPooledConnection from datasource jdbc/sharding in state NOT_ACCESSIBLE with usage count 1 wrapping org.postgresql.xa.PGXAConnection@69dd174a from the inaccessible pool
17:27:51.241 [Test worker] DEBUG b.t.r.c.AbstractXAStatefulHolder - state changing from NOT_ACCESSIBLE to ACCESSIBLE in a JdbcPooledConnection from datasource jdbc/sharding in state NOT_ACCESSIBLE with usage count 1 wrapping org.postgresql.xa.PGXAConnection@69dd174a
17:27:51.241 [Test worker] DEBUG b.t.r.c.AbstractXAStatefulHolder - notifying 2 stateChangeEventListener(s) about state changed from NOT_ACCESSIBLE to ACCESSIBLE in a JdbcPooledConnection from datasource jdbc/sharding in state ACCESSIBLE with usage count 1 wrapping org.postgresql.xa.PGXAConnection@69dd174a
17:27:51.241 [Test worker] DEBUG b.t.r.c.TransactionContextHelper - marking a JdbcPooledConnection from datasource jdbc/sharding in state ACCESSIBLE with usage count 1 wrapping org.postgresql.xa.PGXAConnection@69dd174a as recycled in a Bitronix Transaction with GTRID [737072696E672D62746D000001452C10D29C00000052], status=ACTIVE, 1 resource(s) enlisted (started Fri Apr 04 17:27:51 CST 2014)
17:27:51.241 [Test worker] DEBUG b.t.r.c.TransactionContextHelper - a JdbcPooledConnection from datasource jdbc/sharding in state ACCESSIBLE with usage count 1 wrapping org.postgresql.xa.PGXAConnection@69dd174a has been recycled, unregistering deferred release from a Bitronix Transaction with GTRID [737072696E672D62746D000001452C10D29C00000052], status=ACTIVE, 1 resource(s) enlisted (started Fri Apr 04 17:27:51 CST 2014)
17:27:51.241 [Test worker] DEBUG bitronix.tm.resource.common.XAPool - added a JdbcPooledConnection from datasource jdbc/sharding in state ACCESSIBLE with usage count 1 wrapping org.postgresql.xa.PGXAConnection@69dd174a to the accessible pool
17:27:51.241 [Test worker] DEBUG b.t.r.jdbc.JdbcPooledConnection - connection org.postgresql.xa.PGXAConnection@69dd174a was in state NOT_ACCESSIBLE, no need to test it
17:27:51.242 [Test worker] DEBUG b.t.r.jdbc.JdbcPooledConnection - got connection handle from a JdbcPooledConnection from datasource jdbc/sharding in state ACCESSIBLE with usage count 1 wrapping org.postgresql.xa.PGXAConnection@69dd174a
17:27:51.242 [Test worker] DEBUG b.tm.resource.jdbc.PoolingDataSource - acquired connection from a PoolingDataSource containing an XAPool of resource jdbc/sharding with 3 connection(s) (2 still available)
17:27:51.242 [Test worker] DEBUG b.t.r.c.TransactionContextHelper - enlisting a JdbcPooledConnection from datasource jdbc/sharding in state ACCESSIBLE with usage count 1 wrapping org.postgresql.xa.PGXAConnection@69dd174a into a Bitronix Transaction with GTRID [737072696E672D62746D000001452C10D29C00000052], status=ACTIVE, 1 resource(s) enlisted (started Fri Apr 04 17:27:51 CST 2014)
17:27:51.242 [Test worker] DEBUG b.t.r.c.TransactionContextHelper - avoiding re-enlistment of already enlisted but not ended resource an XAResourceHolderState with uniqueName=jdbc/sharding XAResource=org.postgresql.xa.PGXAConnection@69dd174a (started) with XID a Bitronix XID [737072696E672D62746D000001452C10D29C00000052 : 737072696E672D62746D000001452C10D2B100000053]
Hibernate: select * from id_global_counter where shard_id = ? and option_mode = ?
17:27:51.243 [Test worker] DEBUG b.t.r.jdbc.proxy.ConnectionJavaProxy - closing a ConnectionJavaProxy of a JdbcPooledConnection from datasource jdbc/sharding in state ACCESSIBLE with usage count 1 wrapping org.postgresql.xa.PGXAConnection@69dd174a on Pooled connection wrapping physical connection org.postgresql.jdbc4.Jdbc4Connection@10ac8e98
17:27:51.243 [Test worker] DEBUG b.t.r.jdbc.JdbcPooledConnection - releasing to pool a JdbcPooledConnection from datasource jdbc/sharding in state ACCESSIBLE with usage count 1 wrapping org.postgresql.xa.PGXAConnection@69dd174a
17:27:51.244 [Test worker] DEBUG b.t.r.c.TransactionContextHelper - delisting a JdbcPooledConnection from datasource jdbc/sharding in state ACCESSIBLE with usage count 0 wrapping org.postgresql.xa.PGXAConnection@69dd174a from a Bitronix Transaction with GTRID [737072696E672D62746D000001452C10D29C00000052], status=ACTIVE, 1 resource(s) enlisted (started Fri Apr 04 17:27:51 CST 2014)
17:27:51.244 [Test worker] DEBUG b.t.r.c.TransactionContextHelper - resource is in enlisting global transaction context: a JdbcPooledConnection from datasource jdbc/sharding in state ACCESSIBLE with usage count 0 wrapping org.postgresql.xa.PGXAConnection@69dd174a
17:27:51.244 [Test worker] DEBUG b.t.r.c.TransactionContextHelper - requeuing a JdbcPooledConnection from datasource jdbc/sharding in state ACCESSIBLE with usage count 0 wrapping org.postgresql.xa.PGXAConnection@69dd174a from a Bitronix Transaction with GTRID [737072696E672D62746D000001452C10D29C00000052], status=ACTIVE, 1 resource(s) enlisted (started Fri Apr 04 17:27:51 CST 2014)
17:27:51.244 [Test worker] DEBUG b.t.r.c.TransactionContextHelper - resource is in enlisting global transaction context: a JdbcPooledConnection from datasource jdbc/sharding in state ACCESSIBLE with usage count 0 wrapping org.postgresql.xa.PGXAConnection@69dd174a
17:27:51.244 [Test worker] DEBUG b.t.r.c.TransactionContextHelper - deferring release to pool of a JdbcPooledConnection from datasource jdbc/sharding in state ACCESSIBLE with usage count 0 wrapping org.postgresql.xa.PGXAConnection@69dd174a
17:27:51.244 [Test worker] DEBUG b.t.r.c.TransactionContextHelper - a JdbcPooledConnection from datasource jdbc/sharding in state ACCESSIBLE with usage count 0 wrapping org.postgresql.xa.PGXAConnection@69dd174a is not already registered for deferred release in a Bitronix Transaction with GTRID [737072696E672D62746D000001452C10D29C00000052], status=ACTIVE, 1 resource(s) enlisted (started Fri Apr 04 17:27:51 CST 2014)
17:27:51.244 [Test worker] DEBUG b.t.r.c.TransactionContextHelper - registering DeferredReleaseSynchronization for a JdbcPooledConnection from datasource jdbc/sharding in state ACCESSIBLE with usage count 0 wrapping org.postgresql.xa.PGXAConnection@69dd174a
17:27:51.244 [Test worker] DEBUG b.t.r.c.AbstractXAStatefulHolder - notifying 2 stateChangeEventListener(s) about state changing from ACCESSIBLE to NOT_ACCESSIBLE in a JdbcPooledConnection from datasource jdbc/sharding in state ACCESSIBLE with usage count 0 wrapping org.postgresql.xa.PGXAConnection@69dd174a
17:27:51.244 [Test worker] DEBUG b.t.r.jdbc.JdbcPooledConnection - closing 0 dangling uncached statement(s)
17:27:51.244 [Test worker] DEBUG bitronix.tm.resource.common.XAPool - removed a JdbcPooledConnection from datasource jdbc/sharding in state ACCESSIBLE with usage count 0 wrapping org.postgresql.xa.PGXAConnection@69dd174a from the accessible pool
17:27:51.244 [Test worker] DEBUG b.t.r.c.AbstractXAStatefulHolder - state changing from ACCESSIBLE to NOT_ACCESSIBLE in a JdbcPooledConnection from datasource jdbc/sharding in state ACCESSIBLE with usage count 0 wrapping org.postgresql.xa.PGXAConnection@69dd174a
17:27:51.244 [Test worker] DEBUG b.t.r.c.AbstractXAStatefulHolder - notifying 2 stateChangeEventListener(s) about state changed from ACCESSIBLE to NOT_ACCESSIBLE in a JdbcPooledConnection from datasource jdbc/sharding in state NOT_ACCESSIBLE with usage count 0 wrapping org.postgresql.xa.PGXAConnection@69dd174a
17:27:51.244 [Test worker] DEBUG bitronix.tm.resource.common.XAPool - added a JdbcPooledConnection from datasource jdbc/sharding in state NOT_ACCESSIBLE with usage count 0 wrapping org.postgresql.xa.PGXAConnection@69dd174a to the inaccessible pool
17:27:51.244 [Test worker] DEBUG b.t.r.jdbc.JdbcPooledConnection - released to pool a JdbcPooledConnection from datasource jdbc/sharding in state NOT_ACCESSIBLE with usage count 0 wrapping org.postgresql.xa.PGXAConnection@69dd174a
17:27:51.244 [Test worker] DEBUG o.s.t.jta.JtaTransactionManager - Initiating transaction commit
17:27:51.244 [bitronix-async-jmx-worker] DEBUG b.tm.utils.ManagementRegistrar - Calling ManagementUnregisterCommand on object with name bitronix.tm:type=Transaction,Gtrid=737072696E672D62746D000001452C10D1D10000004B
17:27:51.245 [Test worker] DEBUG b.tm.BitronixTransactionManager - committing transaction a Bitronix Transaction with GTRID [737072696E672D62746D000001452C10D29C00000052], status=ACTIVE, 1 resource(s) enlisted (started Fri Apr 04 17:27:51 CST 2014)
17:27:51.245 [bitronix-async-jmx-worker] DEBUG b.tm.utils.ManagementRegistrar - Calling ManagementRegisterCommand on object with name bitronix.tm:type=Transaction,Gtrid=737072696E672D62746D000001452C10D26300000051
17:27:51.245 [Test worker] DEBUG bitronix.tm.timer.TaskScheduler - cancelling transaction timeout task on a Bitronix Transaction with GTRID [737072696E672D62746D000001452C10D29C00000052], status=ACTIVE, 1 resource(s) enlisted (started Fri Apr 04 17:27:51 CST 2014)
17:27:51.245 [Test worker] DEBUG bitronix.tm.timer.TaskScheduler - removing task by a Bitronix Transaction with GTRID [737072696E672D62746D000001452C10D29C00000052], status=ACTIVE, 1 resource(s) enlisted (started Fri Apr 04 17:27:51 CST 2014)
17:27:51.245 [bitronix-async-jmx-worker] DEBUG b.tm.utils.ManagementRegistrar - Calling ManagementRegisterCommand on object with name bitronix.tm:type=Transaction,Gtrid=737072696E672D62746D000001452C10D29C00000052
17:27:51.245 [Test worker] DEBUG bitronix.tm.timer.TaskScheduler - cancelled a TransactionTimeoutTask on a Bitronix Transaction with GTRID [737072696E672D62746D000001452C10D29C00000052], status=ACTIVE, 1 resource(s) enlisted (started Fri Apr 04 17:27:51 CST 2014) scheduled for Fri Apr 04 17:28:51 CST 2014, total task(s) still queued: 4
17:27:51.245 [Test worker] DEBUG bitronix.tm.BitronixTransaction - before completion, 4 synchronization(s) to execute
17:27:51.246 [Test worker] DEBUG bitronix.tm.BitronixTransaction - executing synchronization a DeferredReleaseSynchronization of a JdbcPooledConnection from datasource jdbc/sharding in state NOT_ACCESSIBLE with usage count 0 wrapping org.postgresql.xa.PGXAConnection@69dd174a
17:27:51.246 [Test worker] DEBUG bitronix.tm.BitronixTransaction - executing synchronization a ClearContextSynchronization for a Bitronix Transaction with GTRID [737072696E672D62746D000001452C10D29C00000052], status=ACTIVE, 1 resource(s) enlisted (started Fri Apr 04 17:27:51 CST 2014)
17:27:51.246 [Test worker] DEBUG bitronix.tm.BitronixTransaction - executing synchronization org.hibernate.engine.transaction.synchronization.internal.RegisteredSynchronization@21bb386b
17:27:51.246 [Test worker] DEBUG bitronix.tm.BitronixTransaction - executing synchronization org.hibernate.context.internal.JTASessionContext$CleanupSynch@7bd111
17:27:51.246 [Test worker] DEBUG bitronix.tm.BitronixTransaction - found unclosed resource to delist: an XAResourceHolderState with uniqueName=jdbc/sharding XAResource=org.postgresql.xa.PGXAConnection@69dd174a (started) with XID a Bitronix XID [737072696E672D62746D000001452C10D29C00000052 : 737072696E672D62746D000001452C10D2B100000053]
17:27:51.246 [Test worker] DEBUG b.tm.internal.XAResourceManager - delisting resource an XAResourceHolderState with uniqueName=jdbc/sharding XAResource=org.postgresql.xa.PGXAConnection@69dd174a (started) with XID a Bitronix XID [737072696E672D62746D000001452C10D29C00000052 : 737072696E672D62746D000001452C10D2B100000053]
17:27:51.247 [Test worker] DEBUG b.tm.internal.XAResourceHolderState - ending an XAResourceHolderState with uniqueName=jdbc/sharding XAResource=org.postgresql.xa.PGXAConnection@69dd174a (started) with XID a Bitronix XID [737072696E672D62746D000001452C10D29C00000052 : 737072696E672D62746D000001452C10D2B100000053] with SUCCESS
17:27:51.247 [Test worker] DEBUG b.tm.internal.XAResourceHolderState - ended an XAResourceHolderState with uniqueName=jdbc/sharding XAResource=org.postgresql.xa.PGXAConnection@69dd174a (started) with XID a Bitronix XID [737072696E672D62746D000001452C10D29C00000052 : 737072696E672D62746D000001452C10D2B100000053] with SUCCESS
17:27:51.247 [Test worker] DEBUG bitronix.tm.BitronixTransaction - committing, 1 enlisted resource(s)
17:27:51.247 [Test worker] DEBUG bitronix.tm.BitronixTransaction - changing transaction status to PREPARING
17:27:51.247 [Test worker] DEBUG bitronix.tm.BitronixTransaction - transaction status is changing from ACTIVE to PREPARING - executing 0 listener(s)
17:27:51.247 [Test worker] DEBUG bitronix.tm.twopc.Preparer - 1 resource enlisted, no prepare needed (1PC)
17:27:51.247 [Test worker] DEBUG bitronix.tm.BitronixTransaction - changing transaction status to PREPARED
17:27:51.247 [Test worker] DEBUG bitronix.tm.BitronixTransaction - transaction status is changing from PREPARING to PREPARED - executing 0 listener(s)
17:27:51.247 [Test worker] DEBUG bitronix.tm.BitronixTransaction - 1 interested resource(s)
17:27:51.247 [Test worker] DEBUG bitronix.tm.BitronixTransaction - changing transaction status to COMMITTING
17:27:51.247 [Test worker] DEBUG bitronix.tm.BitronixTransaction - transaction status is changing from PREPARED to COMMITTING - executing 0 listener(s)
17:27:51.247 [Test worker] DEBUG b.tm.twopc.AbstractPhaseEngine - executing phase on 1 resource(s) enlisted in 1 position(s) in reverse position order
17:27:51.247 [Test worker] DEBUG b.tm.twopc.AbstractPhaseEngine - running 1 job(s) for position '1'
17:27:51.247 [Test worker] DEBUG bitronix.tm.twopc.Committer - committing resource an XAResourceHolderState with uniqueName=jdbc/sharding XAResource=org.postgresql.xa.PGXAConnection@69dd174a (ended) with XID a Bitronix XID [737072696E672D62746D000001452C10D29C00000052 : 737072696E672D62746D000001452C10D2B100000053] (with one-phase optimization)
17:27:51.248 [Test worker] DEBUG bitronix.tm.twopc.Committer - committed resource an XAResourceHolderState with uniqueName=jdbc/sharding XAResource=org.postgresql.xa.PGXAConnection@69dd174a (ended) with XID a Bitronix XID [737072696E672D62746D000001452C10D29C00000052 : 737072696E672D62746D000001452C10D2B100000053]
17:27:51.248 [Test worker] DEBUG b.tm.twopc.AbstractPhaseEngine - phase executed with 0 exception(s)
17:27:51.248 [Test worker] DEBUG b.tm.twopc.AbstractPhaseEngine - ran 1 job(s) for position '1'
17:27:51.248 [Test worker] DEBUG bitronix.tm.twopc.Committer - phase 2 commit executed on resources [jdbc/sharding]
17:27:51.248 [Test worker] DEBUG bitronix.tm.twopc.Committer - phase 2 commit succeeded on resources [jdbc/sharding]
17:27:51.249 [Test worker] DEBUG bitronix.tm.BitronixTransaction - changing transaction status to COMMITTED
17:27:51.249 [Test worker] DEBUG bitronix.tm.BitronixTransaction - transaction status is changing from COMMITTING to COMMITTED - executing 0 listener(s)
17:27:51.249 [Test worker] DEBUG bitronix.tm.BitronixTransaction - successfully committed a Bitronix Transaction with GTRID [737072696E672D62746D000001452C10D29C00000052], status=COMMITTED, 1 resource(s) enlisted (started Fri Apr 04 17:27:51 CST 2014)
17:27:51.249 [Test worker] DEBUG b.tm.internal.XAResourceManager - clearing XAResourceHolder states on 1 resource(s)
17:27:51.249 [Test worker] DEBUG b.t.r.c.AbstractXAResourceHolder - removing XAResourceHolderState of xid a Bitronix XID [737072696E672D62746D000001452C10D29C00000052 : 737072696E672D62746D000001452C10D2B100000053] from a JdbcPooledConnection from datasource jdbc/sharding in state NOT_ACCESSIBLE with usage count 0 wrapping org.postgresql.xa.PGXAConnection@69dd174a
17:27:51.249 [Test worker] DEBUG b.tm.internal.XAResourceManager - resource a JdbcPooledConnection from datasource jdbc/sharding in state NOT_ACCESSIBLE with usage count 0 wrapping org.postgresql.xa.PGXAConnection@69dd174a cleaned up all transaction states for GTRID [737072696E672D62746D000001452C10D29C00000052]
17:27:51.249 [Test worker] DEBUG bitronix.tm.BitronixTransaction - after completion, 4 synchronization(s) to execute
17:27:51.249 [Test worker] DEBUG bitronix.tm.BitronixTransaction - executing synchronization org.hibernate.engine.transaction.synchronization.internal.RegisteredSynchronization@21bb386b with status=COMMITTED
17:27:51.249 [Test worker] DEBUG bitronix.tm.BitronixTransaction - executing synchronization org.hibernate.context.internal.JTASessionContext$CleanupSynch@7bd111 with status=COMMITTED
17:27:51.249 [Test worker] DEBUG bitronix.tm.BitronixTransaction - executing synchronization a ClearContextSynchronization for a Bitronix Transaction with GTRID [737072696E672D62746D000001452C10D29C00000052], status=COMMITTED, 0 resource(s) enlisted (started Fri Apr 04 17:27:51 CST 2014) with status=COMMITTED
17:27:51.249 [Test worker] DEBUG b.tm.BitronixTransactionManager - clearing transaction from thread context: a ThreadContext (684457570) with transaction a Bitronix Transaction with GTRID [737072696E672D62746D000001452C10D29C00000052], status=COMMITTED, 0 resource(s) enlisted (started Fri Apr 04 17:27:51 CST 2014), default timeout 60s
17:27:51.249 [Test worker] DEBUG b.tm.BitronixTransactionManager - removing transaction from in-flight transactions: a Bitronix Transaction with GTRID [737072696E672D62746D000001452C10D29C00000052], status=COMMITTED, 0 resource(s) enlisted (started Fri Apr 04 17:27:51 CST 2014)
17:27:51.249 [Test worker] DEBUG bitronix.tm.BitronixTransaction - executing synchronization a DeferredReleaseSynchronization of a JdbcPooledConnection from datasource jdbc/sharding in state NOT_ACCESSIBLE with usage count 0 wrapping org.postgresql.xa.PGXAConnection@69dd174a with status=COMMITTED
17:27:51.249 [Test worker] DEBUG b.t.r.c.DeferredReleaseSynchronization - DeferredReleaseSynchronization requeuing a JdbcPooledConnection from datasource jdbc/sharding in state NOT_ACCESSIBLE with usage count 0 wrapping org.postgresql.xa.PGXAConnection@69dd174a
17:27:51.249 [Test worker] DEBUG b.t.r.c.AbstractXAStatefulHolder - notifying 2 stateChangeEventListener(s) about state changing from NOT_ACCESSIBLE to IN_POOL in a JdbcPooledConnection from datasource jdbc/sharding in state NOT_ACCESSIBLE with usage count 0 wrapping org.postgresql.xa.PGXAConnection@69dd174a
17:27:51.249 [Test worker] DEBUG b.t.r.jdbc.JdbcPooledConnection - closing 0 dangling uncached statement(s)
17:27:51.249 [Test worker] DEBUG bitronix.tm.resource.common.XAPool - removed a JdbcPooledConnection from datasource jdbc/sharding in state NOT_ACCESSIBLE with usage count 0 wrapping org.postgresql.xa.PGXAConnection@69dd174a from the inaccessible pool
17:27:51.249 [Test worker] DEBUG b.t.r.c.AbstractXAStatefulHolder - state changing from NOT_ACCESSIBLE to IN_POOL in a JdbcPooledConnection from datasource jdbc/sharding in state NOT_ACCESSIBLE with usage count 0 wrapping org.postgresql.xa.PGXAConnection@69dd174a
17:27:51.249 [Test worker] DEBUG b.t.r.c.AbstractXAStatefulHolder - notifying 2 stateChangeEventListener(s) about state changed from NOT_ACCESSIBLE to IN_POOL in a JdbcPooledConnection from datasource jdbc/sharding in state IN_POOL with usage count 0 wrapping org.postgresql.xa.PGXAConnection@69dd174a
17:27:51.249 [Test worker] DEBUG bitronix.tm.resource.common.XAPool - added a JdbcPooledConnection from datasource jdbc/sharding in state IN_POOL with usage count 0 wrapping org.postgresql.xa.PGXAConnection@69dd174a to the available pool
17:27:51.249 [Test worker] DEBUG b.t.r.c.DeferredReleaseSynchronization - DeferredReleaseSynchronization requeued a JdbcPooledConnection from datasource jdbc/sharding in state IN_POOL with usage count 0 wrapping org.postgresql.xa.PGXAConnection@69dd174a
17:27:51.249 [Test worker] DEBUG o.s.t.jta.JtaTransactionManager - Resuming suspended transaction after completion of inner transaction
17:27:51.250 [Test worker] DEBUG b.tm.BitronixTransactionManager - resuming a Bitronix Transaction with GTRID [737072696E672D62746D000001452C10D26300000051], status=ACTIVE, 0 resource(s) enlisted (started Fri Apr 04 17:27:51 CST 2014)
17:27:51.250 [Test worker] DEBUG bitronix.tm.internal.ThreadContext - assigning <a Bitronix Transaction with GTRID [737072696E672D62746D000001452C10D26300000051], status=ACTIVE, 0 resource(s) enlisted (started Fri Apr 04 17:27:51 CST 2014)> to <a ThreadContext (684457570) with transaction null, default timeout 60s>
17:27:51.250 [Test worker] DEBUG bitronix.tm.BitronixTransaction - registering synchronization org.hibernate.engine.transaction.synchronization.internal.RegisteredSynchronization@6cc6510d
17:27:51.250 [Test worker] DEBUG bitronix.tm.BitronixTransaction - registering synchronization org.hibernate.context.internal.JTASessionContext$CleanupSynch@166a9fa1
17:27:51.267 [Test worker] DEBUG b.tm.resource.jdbc.PoolingDataSource - acquiring connection from a PoolingDataSource containing an XAPool of resource jdbc/order_ds1 with 3 connection(s) (3 still available)
[...]
17:27:51.871 [Test worker] DEBUG bitronix.tm.resource.common.XAPool - NOT_ACCESSIBLE xa resource's GTRID matched this transaction's GTRID, recycling it
17:27:51.871 [Test worker] DEBUG bitronix.tm.resource.common.XAPool - found NOT_ACCESSIBLE connection a JdbcPooledConnection from datasource jdbc/order_ds1 in state NOT_ACCESSIBLE with usage count 0 wrapping org.postgresql.xa.PGXAConnection@74626b21 from an XAPool of resource jdbc/order_ds1 with 3 connection(s) (2 still available)
17:27:51.871 [Test worker] DEBUG b.t.r.jdbc.JdbcPooledConnection - getting connection handle from a JdbcPooledConnection from datasource jdbc/order_ds1 in state NOT_ACCESSIBLE with usage count 0 wrapping org.postgresql.xa.PGXAConnection@74626b21
17:27:51.872 [Test worker] DEBUG b.t.r.c.AbstractXAStatefulHolder - notifying 2 stateChangeEventListener(s) about state changing from NOT_ACCESSIBLE to ACCESSIBLE in a JdbcPooledConnection from datasource jdbc/order_ds1 in state NOT_ACCESSIBLE with usage count 1 wrapping org.postgresql.xa.PGXAConnection@74626b21
17:27:51.872 [Test worker] DEBUG bitronix.tm.resource.common.XAPool - removed a JdbcPooledConnection from datasource jdbc/order_ds1 in state NOT_ACCESSIBLE with usage count 1 wrapping org.postgresql.xa.PGXAConnection@74626b21 from the inaccessible pool
17:27:51.872 [Test worker] DEBUG b.t.r.c.AbstractXAStatefulHolder - state changing from NOT_ACCESSIBLE to ACCESSIBLE in a JdbcPooledConnection from datasource jdbc/order_ds1 in state NOT_ACCESSIBLE with usage count 1 wrapping org.postgresql.xa.PGXAConnection@74626b21
17:27:51.872 [Test worker] DEBUG b.t.r.c.AbstractXAStatefulHolder - notifying 2 stateChangeEventListener(s) about state changed from NOT_ACCESSIBLE to ACCESSIBLE in a JdbcPooledConnection from datasource jdbc/order_ds1 in state ACCESSIBLE with usage count 1 wrapping org.postgresql.xa.PGXAConnection@74626b21
17:27:51.872 [Test worker] DEBUG b.t.r.c.TransactionContextHelper - marking a JdbcPooledConnection from datasource jdbc/order_ds1 in state ACCESSIBLE with usage count 1 wrapping org.postgresql.xa.PGXAConnection@74626b21 as recycled in a Bitronix Transaction with GTRID [737072696E672D62746D000001452C10D37A00000057], status=ACTIVE, 1 resource(s) enlisted (started Fri Apr 04 17:27:51 CST 2014)
17:27:51.872 [Test worker] DEBUG b.t.r.c.TransactionContextHelper - a JdbcPooledConnection from datasource jdbc/order_ds1 in state ACCESSIBLE with usage count 1 wrapping org.postgresql.xa.PGXAConnection@74626b21 has been recycled, unregistering deferred release from a Bitronix Transaction with GTRID [737072696E672D62746D000001452C10D37A00000057], status=ACTIVE, 1 resource(s) enlisted (started Fri Apr 04 17:27:51 CST 2014)
17:27:51.872 [Test worker] DEBUG bitronix.tm.resource.common.XAPool - added a JdbcPooledConnection from datasource jdbc/order_ds1 in state ACCESSIBLE with usage count 1 wrapping org.postgresql.xa.PGXAConnection@74626b21 to the accessible pool
17:27:51.872 [Test worker] DEBUG b.t.r.jdbc.JdbcPooledConnection - connection org.postgresql.xa.PGXAConnection@74626b21 was in state NOT_ACCESSIBLE, no need to test it
17:27:51.872 [Test worker] DEBUG b.t.r.jdbc.JdbcPooledConnection - got connection handle from a JdbcPooledConnection from datasource jdbc/order_ds1 in state ACCESSIBLE with usage count 1 wrapping org.postgresql.xa.PGXAConnection@74626b21
17:27:51.872 [Test worker] DEBUG b.tm.resource.jdbc.PoolingDataSource - acquired connection from a PoolingDataSource containing an XAPool of resource jdbc/order_ds1 with 3 connection(s) (2 still available)
17:27:51.872 [Test worker] DEBUG b.t.r.c.TransactionContextHelper - enlisting a JdbcPooledConnection from datasource jdbc/order_ds1 in state ACCESSIBLE with usage count 1 wrapping org.postgresql.xa.PGXAConnection@74626b21 into a Bitronix Transaction with GTRID [737072696E672D62746D000001452C10D37A00000057], status=ACTIVE, 1 resource(s) enlisted (started Fri Apr 04 17:27:51 CST 2014)
17:27:51.872 [Test worker] DEBUG b.t.r.c.TransactionContextHelper - avoiding re-enlistment of already enlisted but not ended resource an XAResourceHolderState with uniqueName=jdbc/order_ds1 XAResource=org.postgresql.xa.PGXAConnection@74626b21 (started) with XID a Bitronix XID [737072696E672D62746D000001452C10D37A00000057 : 737072696E672D62746D000001452C10D38C00000058]
Hibernate: select this_.ORDER_ITEM_DISCOUNT_INFO_ID as ORDER1_1_0_, this_.CREATED_BY as CREATED2_1_0_, this_.CREATED_TIME as CREATED3_1_0_, this_.UPDATED_BY as UPDATED4_1_0_, this_.UPDATED_TIME as UPDATED5_1_0_, this_.IS_DELETED as IS6_1_0_, this_.COUPON as COUPON1_0_, this_.DISCOUNT_AMOUNT as DISCOUNT8_1_0_, this_.DISCOUNT_RATE as DISCOUNT9_1_0_, this_.DISCOUNT_TYPE as DISCOUNT10_1_0_, this_.ORDER_ID as ORDER11_1_0_, this_.ORDER_ITEM_ID as ORDER12_1_0_, this_.PROMOTION_ID as PROMOTION13_1_0_ from ORDER_DISCOUNT_INFO this_ where this_.ORDER_ID=? and this_.IS_DELETED=?
17:27:51.873 [Test worker] DEBUG b.t.r.jdbc.proxy.ConnectionJavaProxy - closing a ConnectionJavaProxy of a JdbcPooledConnection from datasource jdbc/order_ds1 in state ACCESSIBLE with usage count 1 wrapping org.postgresql.xa.PGXAConnection@74626b21 on Pooled connection wrapping physical connection org.postgresql.jdbc4.Jdbc4Connection@19368db4
17:27:51.874 [Test worker] DEBUG b.t.r.jdbc.JdbcPooledConnection - releasing to pool a JdbcPooledConnection from datasource jdbc/order_ds1 in state ACCESSIBLE with usage count 1 wrapping org.postgresql.xa.PGXAConnection@74626b21
17:27:51.874 [Test worker] DEBUG b.t.r.c.TransactionContextHelper - delisting a JdbcPooledConnection from datasource jdbc/order_ds1 in state ACCESSIBLE with usage count 0 wrapping org.postgresql.xa.PGXAConnection@74626b21 from a Bitronix Transaction with GTRID [737072696E672D62746D000001452C10D37A00000057], status=ACTIVE, 1 resource(s) enlisted (started Fri Apr 04 17:27:51 CST 2014)
17:27:51.874 [Test worker] DEBUG b.t.r.c.TransactionContextHelper - resource is in enlisting global transaction context: a JdbcPooledConnection from datasource jdbc/order_ds1 in state ACCESSIBLE with usage count 0 wrapping org.postgresql.xa.PGXAConnection@74626b21
17:27:51.874 [Test worker] DEBUG b.t.r.c.TransactionContextHelper - requeuing a JdbcPooledConnection from datasource jdbc/order_ds1 in state ACCESSIBLE with usage count 0 wrapping org.postgresql.xa.PGXAConnection@74626b21 from a Bitronix Transaction with GTRID [737072696E672D62746D000001452C10D37A00000057], status=ACTIVE, 1 resource(s) enlisted (started Fri Apr 04 17:27:51 CST 2014)
17:27:51.874 [Test worker] DEBUG b.t.r.c.TransactionContextHelper - resource is in enlisting global transaction context: a JdbcPooledConnection from datasource jdbc/order_ds1 in state ACCESSIBLE with usage count 0 wrapping org.postgresql.xa.PGXAConnection@74626b21
17:27:51.874 [Test worker] DEBUG b.t.r.c.TransactionContextHelper - deferring release to pool of a JdbcPooledConnection from datasource jdbc/order_ds1 in state ACCESSIBLE with usage count 0 wrapping org.postgresql.xa.PGXAConnection@74626b21
17:27:51.874 [Test worker] DEBUG b.t.r.c.TransactionContextHelper - a JdbcPooledConnection from datasource jdbc/order_ds1 in state ACCESSIBLE with usage count 0 wrapping org.postgresql.xa.PGXAConnection@74626b21 is not already registered for deferred release in a Bitronix Transaction with GTRID [737072696E672D62746D000001452C10D37A00000057], status=ACTIVE, 1 resource(s) enlisted (started Fri Apr 04 17:27:51 CST 2014)
17:27:51.874 [Test worker] DEBUG b.t.r.c.TransactionContextHelper - registering DeferredReleaseSynchronization for a JdbcPooledConnection from datasource jdbc/order_ds1 in state ACCESSIBLE with usage count 0 wrapping org.postgresql.xa.PGXAConnection@74626b21
17:27:51.874 [Test worker] DEBUG b.t.r.c.AbstractXAStatefulHolder - notifying 2 stateChangeEventListener(s) about state changing from ACCESSIBLE to NOT_ACCESSIBLE in a JdbcPooledConnection from datasource jdbc/order_ds1 in state ACCESSIBLE with usage count 0 wrapping org.postgresql.xa.PGXAConnection@74626b21
17:27:51.874 [Test worker] DEBUG b.t.r.jdbc.JdbcPooledConnection - closing 0 dangling uncached statement(s)
17:27:51.874 [Test worker] DEBUG bitronix.tm.resource.common.XAPool - removed a JdbcPooledConnection from datasource jdbc/order_ds1 in state ACCESSIBLE with usage count 0 wrapping org.postgresql.xa.PGXAConnection@74626b21 from the accessible pool
17:27:51.874 [Test worker] DEBUG b.t.r.c.AbstractXAStatefulHolder - state changing from ACCESSIBLE to NOT_ACCESSIBLE in a JdbcPooledConnection from datasource jdbc/order_ds1 in state ACCESSIBLE with usage count 0 wrapping org.postgresql.xa.PGXAConnection@74626b21
17:27:51.874 [Test worker] DEBUG b.t.r.c.AbstractXAStatefulHolder - notifying 2 stateChangeEventListener(s) about state changed from ACCESSIBLE to NOT_ACCESSIBLE in a JdbcPooledConnection from datasource jdbc/order_ds1 in state NOT_ACCESSIBLE with usage count 0 wrapping org.postgresql.xa.PGXAConnection@74626b21
17:27:51.874 [Test worker] DEBUG bitronix.tm.resource.common.XAPool - added a JdbcPooledConnection from datasource jdbc/order_ds1 in state NOT_ACCESSIBLE with usage count 0 wrapping org.postgresql.xa.PGXAConnection@74626b21 to the inaccessible pool
17:27:51.874 [Test worker] DEBUG b.t.r.jdbc.JdbcPooledConnection - released to pool a JdbcPooledConnection from datasource jdbc/order_ds1 in state NOT_ACCESSIBLE with usage count 0 wrapping org.postgresql.xa.PGXAConnection@74626b21
17:27:51.877 [Test worker] DEBUG b.tm.resource.jdbc.PoolingDataSource - acquiring connection from a PoolingDataSource containing an XAPool of resource jdbc/order_ds1 with 3 connection(s) (2 still available)
17:27:51.877 [Test worker] DEBUG bitronix.tm.resource.common.XAPool - trying to recycle a NOT_ACCESSIBLE connection of an XAPool of resource jdbc/order_ds1 with 3 connection(s) (2 still available)
17:27:51.877 [Test worker] DEBUG bitronix.tm.resource.common.XAPool - current transaction GTRID is [737072696E672D62746D000001452C10D37A00000057]
17:27:51.877 [Test worker] DEBUG bitronix.tm.resource.common.XAPool - found a connection in NOT_ACCESSIBLE state: a JdbcPooledConnection from datasource jdbc/order_ds1 in state NOT_ACCESSIBLE with usage count 0 wrapping org.postgresql.xa.PGXAConnection@74626b21
17:27:51.877 [Test worker] DEBUG bitronix.tm.resource.common.XAPool - 1 xa resource(s) created by connection in NOT_ACCESSIBLE state: a JdbcPooledConnection from datasource jdbc/order_ds1 in state NOT_ACCESSIBLE with usage count 0 wrapping org.postgresql.xa.PGXAConnection@74626b21
17:27:51.877 [Test worker] DEBUG bitronix.tm.resource.common.XAPool - NOT_ACCESSIBLE xa resource GTRID: 737072696E672D62746D000001452C10D37A00000057
17:27:51.877 [Test worker] DEBUG bitronix.tm.resource.common.XAPool - NOT_ACCESSIBLE xa resource's GTRID matched this transaction's GTRID, recycling it
17:27:51.877 [Test worker] DEBUG bitronix.tm.resource.common.XAPool - found NOT_ACCESSIBLE connection a JdbcPooledConnection from datasource jdbc/order_ds1 in state NOT_ACCESSIBLE with usage count 0 wrapping org.postgresql.xa.PGXAConnection@74626b21 from an XAPool of resource jdbc/order_ds1 with 3 connection(s) (2 still available)
17:27:51.877 [Test worker] DEBUG b.t.r.jdbc.JdbcPooledConnection - getting connection handle from a JdbcPooledConnection from datasource jdbc/order_ds1 in state NOT_ACCESSIBLE with usage count 0 wrapping org.postgresql.xa.PGXAConnection@74626b21
17:27:51.877 [Test worker] DEBUG b.t.r.c.AbstractXAStatefulHolder - notifying 2 stateChangeEventListener(s) about state changing from NOT_ACCESSIBLE to ACCESSIBLE in a JdbcPooledConnection from datasource jdbc/order_ds1 in state NOT_ACCESSIBLE with usage count 1 wrapping org.postgresql.xa.PGXAConnection@74626b21
17:27:51.877 [Test worker] DEBUG bitronix.tm.resource.common.XAPool - removed a JdbcPooledConnection from datasource jdbc/order_ds1 in state NOT_ACCESSIBLE with usage count 1 wrapping org.postgresql.xa.PGXAConnection@74626b21 from the inaccessible pool
17:27:51.877 [Test worker] DEBUG b.t.r.c.AbstractXAStatefulHolder - state changing from NOT_ACCESSIBLE to ACCESSIBLE in a JdbcPooledConnection from datasource jdbc/order_ds1 in state NOT_ACCESSIBLE with usage count 1 wrapping org.postgresql.xa.PGXAConnection@74626b21
17:27:51.877 [Test worker] DEBUG b.t.r.c.AbstractXAStatefulHolder - notifying 2 stateChangeEventListener(s) about state changed from NOT_ACCESSIBLE to ACCESSIBLE in a JdbcPooledConnection from datasource jdbc/order_ds1 in state ACCESSIBLE with usage count 1 wrapping org.postgresql.xa.PGXAConnection@74626b21
17:27:51.877 [Test worker] DEBUG b.t.r.c.TransactionContextHelper - marking a JdbcPooledConnection from datasource jdbc/order_ds1 in state ACCESSIBLE with usage count 1 wrapping org.postgresql.xa.PGXAConnection@74626b21 as recycled in a Bitronix Transaction with GTRID [737072696E672D62746D000001452C10D37A00000057], status=ACTIVE, 1 resource(s) enlisted (started Fri Apr 04 17:27:51 CST 2014)
17:27:51.877 [Test worker] DEBUG b.t.r.c.TransactionContextHelper - a JdbcPooledConnection from datasource jdbc/order_ds1 in state ACCESSIBLE with usage count 1 wrapping org.postgresql.xa.PGXAConnection@74626b21 has been recycled, unregistering deferred release from a Bitronix Transaction with GTRID [737072696E672D62746D000001452C10D37A00000057], status=ACTIVE, 1 resource(s) enlisted (started Fri Apr 04 17:27:51 CST 2014)
17:27:51.877 [Test worker] DEBUG bitronix.tm.resource.common.XAPool - added a JdbcPooledConnection from datasource jdbc/order_ds1 in state ACCESSIBLE with usage count 1 wrapping org.postgresql.xa.PGXAConnection@74626b21 to the accessible pool
17:27:51.877 [Test worker] DEBUG b.t.r.jdbc.JdbcPooledConnection - connection org.postgresql.xa.PGXAConnection@74626b21 was in state NOT_ACCESSIBLE, no need to test it
17:27:51.877 [Test worker] DEBUG b.t.r.jdbc.JdbcPooledConnection - got connection handle from a JdbcPooledConnection from datasource jdbc/order_ds1 in state ACCESSIBLE with usage count 1 wrapping org.postgresql.xa.PGXAConnection@74626b21
17:27:51.877 [Test worker] DEBUG b.tm.resource.jdbc.PoolingDataSource - acquired connection from a PoolingDataSource containing an XAPool of resource jdbc/order_ds1 with 3 connection(s) (2 still available)
17:27:51.877 [Test worker] DEBUG b.t.r.c.TransactionContextHelper - enlisting a JdbcPooledConnection from datasource jdbc/order_ds1 in state ACCESSIBLE with usage count 1 wrapping org.postgresql.xa.PGXAConnection@74626b21 into a Bitronix Transaction with GTRID [737072696E672D62746D000001452C10D37A00000057], status=ACTIVE, 1 resource(s) enlisted (started Fri Apr 04 17:27:51 CST 2014)
17:27:51.877 [Test worker] DEBUG b.t.r.c.TransactionContextHelper - avoiding re-enlistment of already enlisted but not ended resource an XAResourceHolderState with uniqueName=jdbc/order_ds1 XAResource=org.postgresql.xa.PGXAConnection@74626b21 (started) with XID a Bitronix XID [737072696E672D62746D000001452C10D37A00000057 : 737072696E672D62746D000001452C10D38C00000058]
Hibernate: select this_.ORDER_PAYMENT_INFO_ID as ORDER1_10_0_, this_.CREATED_BY as CREATED2_10_0_, this_.CREATED_TIME as CREATED3_10_0_, this_.UPDATED_BY as UPDATED4_10_0_, this_.UPDATED_TIME as UPDATED5_10_0_, this_.IS_DELETED as IS6_10_0_, this_.ORDER_ID as ORDER7_10_0_, this_.PAYMENT_METHOD_ID as PAYMENT8_10_0_, this_.PAYMENT_METHOD_TYPE as PAYMENT9_10_0_ from ORDER_PAYMENT_INFO this_ where this_.ORDER_ID=? and this_.IS_DELETED=?
17:27:51.879 [Test worker] DEBUG b.t.r.jdbc.proxy.ConnectionJavaProxy - closing a ConnectionJavaProxy of a JdbcPooledConnection from datasource jdbc/order_ds1 in state ACCESSIBLE with usage count 1 wrapping org.postgresql.xa.PGXAConnection@74626b21 on Pooled connection wrapping physical connection org.postgresql.jdbc4.Jdbc4Connection@19368db4
17:27:51.879 [Test worker] DEBUG b.t.r.jdbc.JdbcPooledConnection - releasing to pool a JdbcPooledConnection from datasource jdbc/order_ds1 in state ACCESSIBLE with usage count 1 wrapping org.postgresql.xa.PGXAConnection@74626b21
17:27:51.879 [Test worker] DEBUG b.t.r.c.TransactionContextHelper - delisting a JdbcPooledConnection from datasource jdbc/order_ds1 in state ACCESSIBLE with usage count 0 wrapping org.postgresql.xa.PGXAConnection@74626b21 from a Bitronix Transaction with GTRID [737072696E672D62746D000001452C10D37A00000057], status=ACTIVE, 1 resource(s) enlisted (started Fri Apr 04 17:27:51 CST 2014)
17:27:51.879 [Test worker] DEBUG b.t.r.c.TransactionContextHelper - resource is in enlisting global transaction context: a JdbcPooledConnection from datasource jdbc/order_ds1 in state ACCESSIBLE with usage count 0 wrapping org.postgresql.xa.PGXAConnection@74626b21
17:27:51.879 [Test worker] DEBUG b.t.r.c.TransactionContextHelper - requeuing a JdbcPooledConnection from datasource jdbc/order_ds1 in state ACCESSIBLE with usage count 0 wrapping org.postgresql.xa.PGXAConnection@74626b21 from a Bitronix Transaction with GTRID [737072696E672D62746D000001452C10D37A00000057], status=ACTIVE, 1 resource(s) enlisted (started Fri Apr 04 17:27:51 CST 2014)
17:27:51.879 [Test worker] DEBUG b.t.r.c.TransactionContextHelper - resource is in enlisting global transaction context: a JdbcPooledConnection from datasource jdbc/order_ds1 in state ACCESSIBLE with usage count 0 wrapping org.postgresql.xa.PGXAConnection@74626b21
17:27:51.879 [Test worker] DEBUG b.t.r.c.TransactionContextHelper - deferring release to pool of a JdbcPooledConnection from datasource jdbc/order_ds1 in state ACCESSIBLE with usage count 0 wrapping org.postgresql.xa.PGXAConnection@74626b21
17:27:51.879 [Test worker] DEBUG b.t.r.c.TransactionContextHelper - a JdbcPooledConnection from datasource jdbc/order_ds1 in state ACCESSIBLE with usage count 0 wrapping org.postgresql.xa.PGXAConnection@74626b21 is not already registered for deferred release in a Bitronix Transaction with GTRID [737072696E672D62746D000001452C10D37A00000057], status=ACTIVE, 1 resource(s) enlisted (started Fri Apr 04 17:27:51 CST 2014)
17:27:51.879 [Test worker] DEBUG b.t.r.c.TransactionContextHelper - registering DeferredReleaseSynchronization for a JdbcPooledConnection from datasource jdbc/order_ds1 in state ACCESSIBLE with usage count 0 wrapping org.postgresql.xa.PGXAConnection@74626b21
17:27:51.879 [Test worker] DEBUG b.t.r.c.AbstractXAStatefulHolder - notifying 2 stateChangeEventListener(s) about state changing from ACCESSIBLE to NOT_ACCESSIBLE in a JdbcPooledConnection from datasource jdbc/order_ds1 in state ACCESSIBLE with usage count 0 wrapping org.postgresql.xa.PGXAConnection@74626b21
17:27:51.879 [Test worker] DEBUG b.t.r.jdbc.JdbcPooledConnection - closing 0 dangling uncached statement(s)
17:27:51.879 [Test worker] DEBUG bitronix.tm.resource.common.XAPool - removed a JdbcPooledConnection from datasource jdbc/order_ds1 in state ACCESSIBLE with usage count 0 wrapping org.postgresql.xa.PGXAConnection@74626b21 from the accessible pool
17:27:51.879 [Test worker] DEBUG b.t.r.c.AbstractXAStatefulHolder - state changing from ACCESSIBLE to NOT_ACCESSIBLE in a JdbcPooledConnection from datasource jdbc/order_ds1 in state ACCESSIBLE with usage count 0 wrapping org.postgresql.xa.PGXAConnection@74626b21
17:27:51.879 [Test worker] DEBUG b.t.r.c.AbstractXAStatefulHolder - notifying 2 stateChangeEventListener(s) about state changed from ACCESSIBLE to NOT_ACCESSIBLE in a JdbcPooledConnection from datasource jdbc/order_ds1 in state NOT_ACCESSIBLE with usage count 0 wrapping org.postgresql.xa.PGXAConnection@74626b21
17:27:51.879 [Test worker] DEBUG bitronix.tm.resource.common.XAPool - added a JdbcPooledConnection from datasource jdbc/order_ds1 in state NOT_ACCESSIBLE with usage count 0 wrapping org.postgresql.xa.PGXAConnection@74626b21 to the inaccessible pool
17:27:51.879 [Test worker] DEBUG b.t.r.jdbc.JdbcPooledConnection - released to pool a JdbcPooledConnection from datasource jdbc/order_ds1 in state NOT_ACCESSIBLE with usage count 0 wrapping org.postgresql.xa.PGXAConnection@74626b21
]]></system-out>
  <system-err><![CDATA[]]></system-err>
</testsuite>
