<?xml version="1.1" encoding="UTF-8"?>
<testsuite name="com.junbo.order.db.OrderDaoTest" tests="6" failures="0" errors="0" timestamp="2014-04-04T09:27:49" hostname="XumengChendeMacBook-Pro.local" time="0.517">
  <properties/>
  <testcase name="testCreateAndRead" classname="com.junbo.order.db.OrderDaoTest" time="0.029"/>
  <testcase name="testReadByUserId" classname="com.junbo.order.db.OrderDaoTest" time="0.085"/>
  <testcase name="testReadByUserIdOnlyTentative" classname="com.junbo.order.db.OrderDaoTest" time="0.085"/>
  <testcase name="testReadByUserIdWithPage" classname="com.junbo.order.db.OrderDaoTest" time="0.105"/>
  <testcase name="testReadByUuid" classname="com.junbo.order.db.OrderDaoTest" time="0.076"/>
  <testcase name="testUpdate" classname="com.junbo.order.db.OrderDaoTest" time="0.031"/>
  <system-out><![CDATA[17:27:49.317 [Test worker] DEBUG bitronix.tm.BitronixTransaction - registering synchronization org.hibernate.engine.transaction.synchronization.internal.RegisteredSynchronization@206b0021
17:27:49.317 [Test worker] DEBUG bitronix.tm.BitronixTransaction - registering synchronization org.hibernate.context.internal.JTASessionContext$CleanupSynch@50d58727
17:27:49.331 [Test worker] DEBUG b.tm.resource.jdbc.PoolingDataSource - acquiring connection from a PoolingDataSource containing an XAPool of resource jdbc/order_ds1 with 3 connection(s) (3 still available)
17:27:49.332 [Test worker] DEBUG bitronix.tm.resource.common.XAPool - trying to recycle a NOT_ACCESSIBLE connection of an XAPool of resource jdbc/order_ds1 with 3 connection(s) (3 still available)
17:27:49.332 [Test worker] DEBUG bitronix.tm.resource.common.XAPool - current transaction GTRID is [737072696E672D62746D000001452C10CB3F0000000F]
17:27:49.332 [Test worker] DEBUG bitronix.tm.resource.common.XAPool - no NOT_ACCESSIBLE connection enlisted in this transaction
17:27:49.332 [Test worker] DEBUG bitronix.tm.resource.common.XAPool - getting IN_POOL connection from an XAPool of resource jdbc/order_ds1 with 3 connection(s) (3 still available), waiting if necessary
17:27:49.332 [Test worker] DEBUG bitronix.tm.resource.common.XAPool - checking if connection can be closed: a JdbcPooledConnection from datasource jdbc/order_ds1 in state IN_POOL with usage count 0 wrapping org.postgresql.xa.PGXAConnection@39741646 - closing time: 1396603726832, now time: 1396603669332
17:27:49.332 [Test worker] DEBUG bitronix.tm.resource.common.XAPool - found IN_POOL connection a JdbcPooledConnection from datasource jdbc/order_ds1 in state IN_POOL with usage count 0 wrapping org.postgresql.xa.PGXAConnection@39741646 from an XAPool of resource jdbc/order_ds1 with 3 connection(s) (2 still available)
17:27:49.332 [Test worker] DEBUG b.t.r.jdbc.JdbcPooledConnection - getting connection handle from a JdbcPooledConnection from datasource jdbc/order_ds1 in state IN_POOL with usage count 0 wrapping org.postgresql.xa.PGXAConnection@39741646
17:27:49.332 [Test worker] DEBUG b.t.r.c.AbstractXAStatefulHolder - notifying 2 stateChangeEventListener(s) about state changing from IN_POOL to ACCESSIBLE in a JdbcPooledConnection from datasource jdbc/order_ds1 in state IN_POOL with usage count 1 wrapping org.postgresql.xa.PGXAConnection@39741646
17:27:49.332 [Test worker] DEBUG b.t.r.c.AbstractXAStatefulHolder - state changing from IN_POOL to ACCESSIBLE in a JdbcPooledConnection from datasource jdbc/order_ds1 in state IN_POOL with usage count 1 wrapping org.postgresql.xa.PGXAConnection@39741646
17:27:49.332 [Test worker] DEBUG b.t.r.c.AbstractXAStatefulHolder - notifying 2 stateChangeEventListener(s) about state changed from IN_POOL to ACCESSIBLE in a JdbcPooledConnection from datasource jdbc/order_ds1 in state ACCESSIBLE with usage count 1 wrapping org.postgresql.xa.PGXAConnection@39741646
17:27:49.332 [Test worker] DEBUG bitronix.tm.resource.common.XAPool - added a JdbcPooledConnection from datasource jdbc/order_ds1 in state ACCESSIBLE with usage count 1 wrapping org.postgresql.xa.PGXAConnection@39741646 to the accessible pool
17:27:49.332 [Test worker] DEBUG b.t.r.jdbc.JdbcPooledConnection - connection org.postgresql.xa.PGXAConnection@39741646 was in state IN_POOL, testing it
17:27:49.332 [Test worker] DEBUG b.t.r.jdbc.JdbcPooledConnection - no query to test connection of a JdbcPooledConnection from datasource jdbc/order_ds1 in state ACCESSIBLE with usage count 1 wrapping org.postgresql.xa.PGXAConnection@39741646, skipping test
17:27:49.332 [Test worker] DEBUG b.t.r.jdbc.JdbcPooledConnection - got connection handle from a JdbcPooledConnection from datasource jdbc/order_ds1 in state ACCESSIBLE with usage count 1 wrapping org.postgresql.xa.PGXAConnection@39741646
17:27:49.332 [Test worker] DEBUG b.tm.resource.jdbc.PoolingDataSource - acquired connection from a PoolingDataSource containing an XAPool of resource jdbc/order_ds1 with 3 connection(s) (2 still available)
17:27:49.332 [Test worker] DEBUG b.t.r.c.TransactionContextHelper - enlisting a JdbcPooledConnection from datasource jdbc/order_ds1 in state ACCESSIBLE with usage count 1 wrapping org.postgresql.xa.PGXAConnection@39741646 into a Bitronix Transaction with GTRID [737072696E672D62746D000001452C10CB3F0000000F], status=ACTIVE, 0 resource(s) enlisted (started Fri Apr 04 17:27:49 CST 2014)
17:27:49.332 [Test worker] DEBUG b.tm.resource.ResourceRegistrar - XAResource org.postgresql.xa.PGXAConnection@39741646 belongs to a JdbcPooledConnection from datasource jdbc/order_ds1 in state ACCESSIBLE with usage count 1 wrapping org.postgresql.xa.PGXAConnection@39741646 that itself belongs to a PoolingDataSource containing an XAPool of resource jdbc/order_ds1 with 3 connection(s) (2 still available)
17:27:49.332 [Test worker] DEBUG b.tm.internal.XAResourceManager - creating new branch with a Bitronix XID [737072696E672D62746D000001452C10CB3F0000000F : 737072696E672D62746D000001452C10CB5400000010]
17:27:49.332 [Test worker] DEBUG b.tm.internal.XAResourceHolderState - assigning <a Bitronix XID [737072696E672D62746D000001452C10CB3F0000000F : 737072696E672D62746D000001452C10CB5400000010]> to <an XAResourceHolderState with uniqueName=jdbc/order_ds1 XAResource=org.postgresql.xa.PGXAConnection@39741646 with XID null>
17:27:49.332 [Test worker] DEBUG b.tm.internal.XAResourceHolderState - starting an XAResourceHolderState with uniqueName=jdbc/order_ds1 XAResource=org.postgresql.xa.PGXAConnection@39741646 with XID a Bitronix XID [737072696E672D62746D000001452C10CB3F0000000F : 737072696E672D62746D000001452C10CB5400000010] with NOFLAGS
17:27:49.332 [Test worker] DEBUG b.tm.internal.XAResourceHolderState - started an XAResourceHolderState with uniqueName=jdbc/order_ds1 XAResource=org.postgresql.xa.PGXAConnection@39741646 (started) with XID a Bitronix XID [737072696E672D62746D000001452C10CB3F0000000F : 737072696E672D62746D000001452C10CB5400000010] with NOFLAGS
17:27:49.332 [Test worker] DEBUG b.t.r.c.AbstractXAResourceHolder - putting XAResourceHolderState [an XAResourceHolderState with uniqueName=jdbc/order_ds1 XAResource=org.postgresql.xa.PGXAConnection@39741646 (started) with XID a Bitronix XID [737072696E672D62746D000001452C10CB3F0000000F : 737072696E672D62746D000001452C10CB5400000010]] on a JdbcPooledConnection from datasource jdbc/order_ds1 in state ACCESSIBLE with usage count 1 wrapping org.postgresql.xa.PGXAConnection@39741646
17:27:49.332 [Test worker] DEBUG b.t.r.c.AbstractXAResourceHolder - GTRID [737072696E672D62746D000001452C10CB3F0000000F] previously unknown to a JdbcPooledConnection from datasource jdbc/order_ds1 in state ACCESSIBLE with usage count 1 wrapping org.postgresql.xa.PGXAConnection@39741646, adding it to the resource's transactions list
Hibernate: insert into USER_ORDER (CREATED_BY, CREATED_TIME, UPDATED_BY, UPDATED_TIME, COUNTRY, CURRENCY, HONOR_UNTIL_TIME, HONORED_TIME, IS_TAX_INCLUSIVE, ORDER_STATUS_ID, ORDER_TYPE_ID, ORIGINAL_ORDER_ID, PROPERTIES, SHIPPING_ADDRESS_ID, SHIPPING_METHOD_ID, IS_TENTATIVE, TOTAL_AMOUNT, TOTAL_DISCOUNT, TOTAL_PREORDER_AMOUNT, TOTAL_PREORDER_TAX, TOTAL_SHIPPING_FEE, TOTAL_SHIPPING_FEE_DISCOUNT, TOTAL_TAX, TRACKING_UUID, USER_ID, ORDER_ID) values (?, ?, ?, ?, ?, ?, ?, ?, ?, ?, ?, ?, ?, ?, ?, ?, ?, ?, ?, ?, ?, ?, ?, ?, ?, ?)
17:27:49.341 [Test worker] DEBUG b.t.r.jdbc.proxy.ConnectionJavaProxy - closing a ConnectionJavaProxy of a JdbcPooledConnection from datasource jdbc/order_ds1 in state ACCESSIBLE with usage count 1 wrapping org.postgresql.xa.PGXAConnection@39741646 on Pooled connection wrapping physical connection org.postgresql.jdbc4.Jdbc4Connection@3e8efac6
17:27:49.341 [Test worker] DEBUG b.t.r.jdbc.JdbcPooledConnection - releasing to pool a JdbcPooledConnection from datasource jdbc/order_ds1 in state ACCESSIBLE with usage count 1 wrapping org.postgresql.xa.PGXAConnection@39741646
17:27:49.341 [Test worker] DEBUG b.t.r.c.TransactionContextHelper - delisting a JdbcPooledConnection from datasource jdbc/order_ds1 in state ACCESSIBLE with usage count 0 wrapping org.postgresql.xa.PGXAConnection@39741646 from a Bitronix Transaction with GTRID [737072696E672D62746D000001452C10CB3F0000000F], status=ACTIVE, 1 resource(s) enlisted (started Fri Apr 04 17:27:49 CST 2014)
17:27:49.341 [Test worker] DEBUG b.t.r.c.TransactionContextHelper - resource is in enlisting global transaction context: a JdbcPooledConnection from datasource jdbc/order_ds1 in state ACCESSIBLE with usage count 0 wrapping org.postgresql.xa.PGXAConnection@39741646
17:27:49.341 [Test worker] DEBUG b.t.r.c.TransactionContextHelper - requeuing a JdbcPooledConnection from datasource jdbc/order_ds1 in state ACCESSIBLE with usage count 0 wrapping org.postgresql.xa.PGXAConnection@39741646 from a Bitronix Transaction with GTRID [737072696E672D62746D000001452C10CB3F0000000F], status=ACTIVE, 1 resource(s) enlisted (started Fri Apr 04 17:27:49 CST 2014)
17:27:49.341 [Test worker] DEBUG b.t.r.c.TransactionContextHelper - resource is in enlisting global transaction context: a JdbcPooledConnection from datasource jdbc/order_ds1 in state ACCESSIBLE with usage count 0 wrapping org.postgresql.xa.PGXAConnection@39741646
17:27:49.342 [Test worker] DEBUG b.t.r.c.TransactionContextHelper - deferring release to pool of a JdbcPooledConnection from datasource jdbc/order_ds1 in state ACCESSIBLE with usage count 0 wrapping org.postgresql.xa.PGXAConnection@39741646
17:27:49.342 [Test worker] DEBUG b.t.r.c.TransactionContextHelper - a JdbcPooledConnection from datasource jdbc/order_ds1 in state ACCESSIBLE with usage count 0 wrapping org.postgresql.xa.PGXAConnection@39741646 is not already registered for deferred release in a Bitronix Transaction with GTRID [737072696E672D62746D000001452C10CB3F0000000F], status=ACTIVE, 1 resource(s) enlisted (started Fri Apr 04 17:27:49 CST 2014)
17:27:49.342 [Test worker] DEBUG b.t.r.c.TransactionContextHelper - registering DeferredReleaseSynchronization for a JdbcPooledConnection from datasource jdbc/order_ds1 in state ACCESSIBLE with usage count 0 wrapping org.postgresql.xa.PGXAConnection@39741646
17:27:49.342 [Test worker] DEBUG b.t.r.c.AbstractXAStatefulHolder - notifying 2 stateChangeEventListener(s) about state changing from ACCESSIBLE to NOT_ACCESSIBLE in a JdbcPooledConnection from datasource jdbc/order_ds1 in state ACCESSIBLE with usage count 0 wrapping org.postgresql.xa.PGXAConnection@39741646
17:27:49.342 [Test worker] DEBUG b.t.r.jdbc.JdbcPooledConnection - closing 0 dangling uncached statement(s)
17:27:49.342 [Test worker] DEBUG bitronix.tm.resource.common.XAPool - removed a JdbcPooledConnection from datasource jdbc/order_ds1 in state ACCESSIBLE with usage count 0 wrapping org.postgresql.xa.PGXAConnection@39741646 from the accessible pool
17:27:49.342 [Test worker] DEBUG b.t.r.c.AbstractXAStatefulHolder - state changing from ACCESSIBLE to NOT_ACCESSIBLE in a JdbcPooledConnection from datasource jdbc/order_ds1 in state ACCESSIBLE with usage count 0 wrapping org.postgresql.xa.PGXAConnection@39741646
17:27:49.342 [Test worker] DEBUG b.t.r.c.AbstractXAStatefulHolder - notifying 2 stateChangeEventListener(s) about state changed from ACCESSIBLE to NOT_ACCESSIBLE in a JdbcPooledConnection from datasource jdbc/order_ds1 in state NOT_ACCESSIBLE with usage count 0 wrapping org.postgresql.xa.PGXAConnection@39741646
17:27:49.342 [Test worker] DEBUG bitronix.tm.resource.common.XAPool - added a JdbcPooledConnection from datasource jdbc/order_ds1 in state NOT_ACCESSIBLE with usage count 0 wrapping org.postgresql.xa.PGXAConnection@39741646 to the inaccessible pool
17:27:49.342 [Test worker] DEBUG b.t.r.jdbc.JdbcPooledConnection - released to pool a JdbcPooledConnection from datasource jdbc/order_ds1 in state NOT_ACCESSIBLE with usage count 0 wrapping org.postgresql.xa.PGXAConnection@39741646
17:27:49.354 [Test worker] DEBUG bitronix.tm.BitronixTransaction - registering synchronization org.hibernate.engine.transaction.synchronization.internal.RegisteredSynchronization@16bcda51
17:27:49.355 [Test worker] DEBUG bitronix.tm.BitronixTransaction - registering synchronization org.hibernate.context.internal.JTASessionContext$CleanupSynch@73304204
17:27:49.378 [Test worker] DEBUG b.tm.resource.jdbc.PoolingDataSource - acquiring connection from a PoolingDataSource containing an XAPool of resource jdbc/order_ds1 with 3 connection(s) (3 still available)
17:27:49.378 [Test worker] DEBUG bitronix.tm.resource.common.XAPool - trying to recycle a NOT_ACCESSIBLE connection of an XAPool of resource jdbc/order_ds1 with 3 connection(s) (3 still available)
17:27:49.378 [Test worker] DEBUG bitronix.tm.resource.common.XAPool - current transaction GTRID is [737072696E672D62746D000001452C10CB6700000011]
17:27:49.378 [Test worker] DEBUG bitronix.tm.resource.common.XAPool - no NOT_ACCESSIBLE connection enlisted in this transaction
17:27:49.378 [Test worker] DEBUG bitronix.tm.resource.common.XAPool - getting IN_POOL connection from an XAPool of resource jdbc/order_ds1 with 3 connection(s) (3 still available), waiting if necessary
17:27:49.378 [Test worker] DEBUG bitronix.tm.resource.common.XAPool - checking if connection can be closed: a JdbcPooledConnection from datasource jdbc/order_ds1 in state IN_POOL with usage count 0 wrapping org.postgresql.xa.PGXAConnection@74626b21 - closing time: 1396603729251, now time: 1396603669378
17:27:49.378 [Test worker] DEBUG bitronix.tm.resource.common.XAPool - found IN_POOL connection a JdbcPooledConnection from datasource jdbc/order_ds1 in state IN_POOL with usage count 0 wrapping org.postgresql.xa.PGXAConnection@74626b21 from an XAPool of resource jdbc/order_ds1 with 3 connection(s) (2 still available)
17:27:49.378 [Test worker] DEBUG b.t.r.jdbc.JdbcPooledConnection - getting connection handle from a JdbcPooledConnection from datasource jdbc/order_ds1 in state IN_POOL with usage count 0 wrapping org.postgresql.xa.PGXAConnection@74626b21
17:27:49.378 [Test worker] DEBUG b.t.r.c.AbstractXAStatefulHolder - notifying 2 stateChangeEventListener(s) about state changing from IN_POOL to ACCESSIBLE in a JdbcPooledConnection from datasource jdbc/order_ds1 in state IN_POOL with usage count 1 wrapping org.postgresql.xa.PGXAConnection@74626b21
17:27:49.379 [Test worker] DEBUG b.t.r.c.AbstractXAStatefulHolder - state changing from IN_POOL to ACCESSIBLE in a JdbcPooledConnection from datasource jdbc/order_ds1 in state IN_POOL with usage count 1 wrapping org.postgresql.xa.PGXAConnection@74626b21
17:27:49.379 [Test worker] DEBUG b.t.r.c.AbstractXAStatefulHolder - notifying 2 stateChangeEventListener(s) about state changed from IN_POOL to ACCESSIBLE in a JdbcPooledConnection from datasource jdbc/order_ds1 in state ACCESSIBLE with usage count 1 wrapping org.postgresql.xa.PGXAConnection@74626b21
17:27:49.379 [Test worker] DEBUG bitronix.tm.resource.common.XAPool - added a JdbcPooledConnection from datasource jdbc/order_ds1 in state ACCESSIBLE with usage count 1 wrapping org.postgresql.xa.PGXAConnection@74626b21 to the accessible pool
17:27:49.379 [Test worker] DEBUG b.t.r.jdbc.JdbcPooledConnection - connection org.postgresql.xa.PGXAConnection@74626b21 was in state IN_POOL, testing it
17:27:49.379 [Test worker] DEBUG b.t.r.jdbc.JdbcPooledConnection - no query to test connection of a JdbcPooledConnection from datasource jdbc/order_ds1 in state ACCESSIBLE with usage count 1 wrapping org.postgresql.xa.PGXAConnection@74626b21, skipping test
17:27:49.379 [Test worker] DEBUG b.t.r.jdbc.JdbcPooledConnection - got connection handle from a JdbcPooledConnection from datasource jdbc/order_ds1 in state ACCESSIBLE with usage count 1 wrapping org.postgresql.xa.PGXAConnection@74626b21
17:27:49.379 [Test worker] DEBUG b.tm.resource.jdbc.PoolingDataSource - acquired connection from a PoolingDataSource containing an XAPool of resource jdbc/order_ds1 with 3 connection(s) (2 still available)
17:27:49.379 [Test worker] DEBUG b.t.r.c.TransactionContextHelper - enlisting a JdbcPooledConnection from datasource jdbc/order_ds1 in state ACCESSIBLE with usage count 1 wrapping org.postgresql.xa.PGXAConnection@74626b21 into a Bitronix Transaction with GTRID [737072696E672D62746D000001452C10CB6700000011], status=ACTIVE, 0 resource(s) enlisted (started Fri Apr 04 17:27:49 CST 2014)
17:27:49.379 [Test worker] DEBUG b.tm.resource.ResourceRegistrar - XAResource org.postgresql.xa.PGXAConnection@74626b21 belongs to a JdbcPooledConnection from datasource jdbc/order_ds1 in state ACCESSIBLE with usage count 1 wrapping org.postgresql.xa.PGXAConnection@74626b21 that itself belongs to a PoolingDataSource containing an XAPool of resource jdbc/order_ds1 with 3 connection(s) (2 still available)
17:27:49.379 [Test worker] DEBUG b.tm.internal.XAResourceManager - creating new branch with a Bitronix XID [737072696E672D62746D000001452C10CB6700000011 : 737072696E672D62746D000001452C10CB8300000012]
17:27:49.379 [Test worker] DEBUG b.tm.internal.XAResourceHolderState - assigning <a Bitronix XID [737072696E672D62746D000001452C10CB6700000011 : 737072696E672D62746D000001452C10CB8300000012]> to <an XAResourceHolderState with uniqueName=jdbc/order_ds1 XAResource=org.postgresql.xa.PGXAConnection@74626b21 with XID null>
17:27:49.379 [Test worker] DEBUG b.tm.internal.XAResourceHolderState - starting an XAResourceHolderState with uniqueName=jdbc/order_ds1 XAResource=org.postgresql.xa.PGXAConnection@74626b21 with XID a Bitronix XID [737072696E672D62746D000001452C10CB6700000011 : 737072696E672D62746D000001452C10CB8300000012] with NOFLAGS
17:27:49.379 [Test worker] DEBUG b.tm.internal.XAResourceHolderState - started an XAResourceHolderState with uniqueName=jdbc/order_ds1 XAResource=org.postgresql.xa.PGXAConnection@74626b21 (started) with XID a Bitronix XID [737072696E672D62746D000001452C10CB6700000011 : 737072696E672D62746D000001452C10CB8300000012] with NOFLAGS
17:27:49.379 [Test worker] DEBUG b.t.r.c.AbstractXAResourceHolder - putting XAResourceHolderState [an XAResourceHolderState with uniqueName=jdbc/order_ds1 XAResource=org.postgresql.xa.PGXAConnection@74626b21 (started) with XID a Bitronix XID [737072696E672D62746D000001452C10CB6700000011 : 737072696E672D62746D000001452C10CB8300000012]] on a JdbcPooledConnection from datasource jdbc/order_ds1 in state ACCESSIBLE with usage count 1 wrapping org.postgresql.xa.PGXAConnection@74626b21
17:27:49.379 [Test worker] DEBUG b.t.r.c.AbstractXAResourceHolder - GTRID [737072696E672D62746D000001452C10CB6700000011] previously unknown to a JdbcPooledConnection from datasource jdbc/order_ds1 in state ACCESSIBLE with usage count 1 wrapping org.postgresql.xa.PGXAConnection@74626b21, adding it to the resource's transactions list
Hibernate: select this_.ORDER_ID as ORDER1_2_0_, this_.CREATED_BY as CREATED2_2_0_, this_.CREATED_TIME as CREATED3_2_0_, this_.UPDATED_BY as UPDATED4_2_0_, this_.UPDATED_TIME as UPDATED5_2_0_, this_.COUNTRY as COUNTRY2_0_, this_.CURRENCY as CURRENCY2_0_, this_.HONOR_UNTIL_TIME as HONOR8_2_0_, this_.HONORED_TIME as HONORED9_2_0_, this_.IS_TAX_INCLUSIVE as IS10_2_0_, this_.ORDER_STATUS_ID as ORDER11_2_0_, this_.ORDER_TYPE_ID as ORDER12_2_0_, this_.ORIGINAL_ORDER_ID as ORIGINAL13_2_0_, this_.PROPERTIES as PROPERTIES2_0_, this_.SHIPPING_ADDRESS_ID as SHIPPING15_2_0_, this_.SHIPPING_METHOD_ID as SHIPPING16_2_0_, this_.IS_TENTATIVE as IS17_2_0_, this_.TOTAL_AMOUNT as TOTAL18_2_0_, this_.TOTAL_DISCOUNT as TOTAL19_2_0_, this_.TOTAL_PREORDER_AMOUNT as TOTAL20_2_0_, this_.TOTAL_PREORDER_TAX as TOTAL21_2_0_, this_.TOTAL_SHIPPING_FEE as TOTAL22_2_0_, this_.TOTAL_SHIPPING_FEE_DISCOUNT as TOTAL23_2_0_, this_.TOTAL_TAX as TOTAL24_2_0_, this_.TRACKING_UUID as TRACKING25_2_0_, this_.USER_ID as USER26_2_0_ from USER_ORDER this_ where this_.USER_ID=? order by this_.ORDER_ID desc
17:27:49.414 [Test worker] DEBUG b.t.r.jdbc.proxy.ConnectionJavaProxy - closing a ConnectionJavaProxy of a JdbcPooledConnection from datasource jdbc/order_ds1 in state ACCESSIBLE with usage count 1 wrapping org.postgresql.xa.PGXAConnection@74626b21 on Pooled connection wrapping physical connection org.postgresql.jdbc4.Jdbc4Connection@19368db4
17:27:49.414 [Test worker] DEBUG b.t.r.jdbc.JdbcPooledConnection - releasing to pool a JdbcPooledConnection from datasource jdbc/order_ds1 in state ACCESSIBLE with usage count 1 wrapping org.postgresql.xa.PGXAConnection@74626b21
17:27:49.414 [Test worker] DEBUG b.t.r.c.TransactionContextHelper - delisting a JdbcPooledConnection from datasource jdbc/order_ds1 in state ACCESSIBLE with usage count 0 wrapping org.postgresql.xa.PGXAConnection@74626b21 from a Bitronix Transaction with GTRID [737072696E672D62746D000001452C10CB6700000011], status=ACTIVE, 1 resource(s) enlisted (started Fri Apr 04 17:27:49 CST 2014)
17:27:49.414 [Test worker] DEBUG b.t.r.c.TransactionContextHelper - resource is in enlisting global transaction context: a JdbcPooledConnection from datasource jdbc/order_ds1 in state ACCESSIBLE with usage count 0 wrapping org.postgresql.xa.PGXAConnection@74626b21
17:27:49.414 [Test worker] DEBUG b.t.r.c.TransactionContextHelper - requeuing a JdbcPooledConnection from datasource jdbc/order_ds1 in state ACCESSIBLE with usage count 0 wrapping org.postgresql.xa.PGXAConnection@74626b21 from a Bitronix Transaction with GTRID [737072696E672D62746D000001452C10CB6700000011], status=ACTIVE, 1 resource(s) enlisted (started Fri Apr 04 17:27:49 CST 2014)
17:27:49.414 [Test worker] DEBUG b.t.r.c.TransactionContextHelper - resource is in enlisting global transaction context: a JdbcPooledConnection from datasource jdbc/order_ds1 in state ACCESSIBLE with usage count 0 wrapping org.postgresql.xa.PGXAConnection@74626b21
17:27:49.414 [Test worker] DEBUG b.t.r.c.TransactionContextHelper - deferring release to pool of a JdbcPooledConnection from datasource jdbc/order_ds1 in state ACCESSIBLE with usage count 0 wrapping org.postgresql.xa.PGXAConnection@74626b21
17:27:49.414 [Test worker] DEBUG b.t.r.c.TransactionContextHelper - a JdbcPooledConnection from datasource jdbc/order_ds1 in state ACCESSIBLE with usage count 0 wrapping org.postgresql.xa.PGXAConnection@74626b21 is not already registered for deferred release in a Bitronix Transaction with GTRID [737072696E672D62746D000001452C10CB6700000011], status=ACTIVE, 1 resource(s) enlisted (started Fri Apr 04 17:27:49 CST 2014)
17:27:49.414 [Test worker] DEBUG b.t.r.c.TransactionContextHelper - registering DeferredReleaseSynchronization for a JdbcPooledConnection from datasource jdbc/order_ds1 in state ACCESSIBLE with usage count 0 wrapping org.postgresql.xa.PGXAConnection@74626b21
17:27:49.414 [Test worker] DEBUG b.t.r.c.AbstractXAStatefulHolder - notifying 2 stateChangeEventListener(s) about state changing from ACCESSIBLE to NOT_ACCESSIBLE in a JdbcPooledConnection from datasource jdbc/order_ds1 in state ACCESSIBLE with usage count 0 wrapping org.postgresql.xa.PGXAConnection@74626b21
17:27:49.415 [Test worker] DEBUG b.t.r.jdbc.JdbcPooledConnection - closing 0 dangling uncached statement(s)
17:27:49.415 [Test worker] DEBUG bitronix.tm.resource.common.XAPool - removed a JdbcPooledConnection from datasource jdbc/order_ds1 in state ACCESSIBLE with usage count 0 wrapping org.postgresql.xa.PGXAConnection@74626b21 from the accessible pool
17:27:49.415 [Test worker] DEBUG b.t.r.c.AbstractXAStatefulHolder - state changing from ACCESSIBLE to NOT_ACCESSIBLE in a JdbcPooledConnection from datasource jdbc/order_ds1 in state ACCESSIBLE with usage count 0 wrapping org.postgresql.xa.PGXAConnection@74626b21
17:27:49.415 [Test worker] DEBUG b.t.r.c.AbstractXAStatefulHolder - notifying 2 stateChangeEventListener(s) about state changed from ACCESSIBLE to NOT_ACCESSIBLE in a JdbcPooledConnection from datasource jdbc/order_ds1 in state NOT_ACCESSIBLE with usage count 0 wrapping org.postgresql.xa.PGXAConnection@74626b21
17:27:49.415 [Test worker] DEBUG bitronix.tm.resource.common.XAPool - added a JdbcPooledConnection from datasource jdbc/order_ds1 in state NOT_ACCESSIBLE with usage count 0 wrapping org.postgresql.xa.PGXAConnection@74626b21 to the inaccessible pool
17:27:49.415 [Test worker] DEBUG b.t.r.jdbc.JdbcPooledConnection - released to pool a JdbcPooledConnection from datasource jdbc/order_ds1 in state NOT_ACCESSIBLE with usage count 0 wrapping org.postgresql.xa.PGXAConnection@74626b21
17:27:49.419 [Test worker] DEBUG b.tm.resource.jdbc.PoolingDataSource - acquiring connection from a PoolingDataSource containing an XAPool of resource jdbc/order_ds1 with 3 connection(s) (2 still available)
17:27:49.419 [Test worker] DEBUG bitronix.tm.resource.common.XAPool - trying to recycle a NOT_ACCESSIBLE connection of an XAPool of resource jdbc/order_ds1 with 3 connection(s) (2 still available)
17:27:49.419 [Test worker] DEBUG bitronix.tm.resource.common.XAPool - current transaction GTRID is [737072696E672D62746D000001452C10CB6700000011]
17:27:49.419 [Test worker] DEBUG bitronix.tm.resource.common.XAPool - found a connection in NOT_ACCESSIBLE state: a JdbcPooledConnection from datasource jdbc/order_ds1 in state NOT_ACCESSIBLE with usage count 0 wrapping org.postgresql.xa.PGXAConnection@74626b21
17:27:49.420 [Test worker] DEBUG bitronix.tm.resource.common.XAPool - 1 xa resource(s) created by connection in NOT_ACCESSIBLE state: a JdbcPooledConnection from datasource jdbc/order_ds1 in state NOT_ACCESSIBLE with usage count 0 wrapping org.postgresql.xa.PGXAConnection@74626b21
17:27:49.420 [Test worker] DEBUG bitronix.tm.resource.common.XAPool - NOT_ACCESSIBLE xa resource GTRID: 737072696E672D62746D000001452C10CB6700000011
17:27:49.420 [Test worker] DEBUG bitronix.tm.resource.common.XAPool - NOT_ACCESSIBLE xa resource's GTRID matched this transaction's GTRID, recycling it
17:27:49.420 [Test worker] DEBUG bitronix.tm.resource.common.XAPool - found NOT_ACCESSIBLE connection a JdbcPooledConnection from datasource jdbc/order_ds1 in state NOT_ACCESSIBLE with usage count 0 wrapping org.postgresql.xa.PGXAConnection@74626b21 from an XAPool of resource jdbc/order_ds1 with 3 connection(s) (2 still available)
17:27:49.420 [Test worker] DEBUG b.t.r.jdbc.JdbcPooledConnection - getting connection handle from a JdbcPooledConnection from datasource jdbc/order_ds1 in state NOT_ACCESSIBLE with usage count 0 wrapping org.postgresql.xa.PGXAConnection@74626b21
17:27:49.420 [Test worker] DEBUG b.t.r.c.AbstractXAStatefulHolder - notifying 2 stateChangeEventListener(s) about state changing from NOT_ACCESSIBLE to ACCESSIBLE in a JdbcPooledConnection from datasource jdbc/order_ds1 in state NOT_ACCESSIBLE with usage count 1 wrapping org.postgresql.xa.PGXAConnection@74626b21
17:27:49.420 [Test worker] DEBUG bitronix.tm.resource.common.XAPool - removed a JdbcPooledConnection from datasource jdbc/order_ds1 in state NOT_ACCESSIBLE with usage count 1 wrapping org.postgresql.xa.PGXAConnection@74626b21 from the inaccessible pool
17:27:49.420 [Test worker] DEBUG b.t.r.c.AbstractXAStatefulHolder - state changing from NOT_ACCESSIBLE to ACCESSIBLE in a JdbcPooledConnection from datasource jdbc/order_ds1 in state NOT_ACCESSIBLE with usage count 1 wrapping org.postgresql.xa.PGXAConnection@74626b21
17:27:49.420 [Test worker] DEBUG b.t.r.c.AbstractXAStatefulHolder - notifying 2 stateChangeEventListener(s) about state changed from NOT_ACCESSIBLE to ACCESSIBLE in a JdbcPooledConnection from datasource jdbc/order_ds1 in state ACCESSIBLE with usage count 1 wrapping org.postgresql.xa.PGXAConnection@74626b21
17:27:49.420 [Test worker] DEBUG b.t.r.c.TransactionContextHelper - marking a JdbcPooledConnection from datasource jdbc/order_ds1 in state ACCESSIBLE with usage count 1 wrapping org.postgresql.xa.PGXAConnection@74626b21 as recycled in a Bitronix Transaction with GTRID [737072696E672D62746D000001452C10CB6700000011], status=ACTIVE, 1 resource(s) enlisted (started Fri Apr 04 17:27:49 CST 2014)
17:27:49.420 [Test worker] DEBUG b.t.r.c.TransactionContextHelper - a JdbcPooledConnection from datasource jdbc/order_ds1 in state ACCESSIBLE with usage count 1 wrapping org.postgresql.xa.PGXAConnection@74626b21 has been recycled, unregistering deferred release from a Bitronix Transaction with GTRID [737072696E672D62746D000001452C10CB6700000011], status=ACTIVE, 1 resource(s) enlisted (started Fri Apr 04 17:27:49 CST 2014)
17:27:49.420 [Test worker] DEBUG bitronix.tm.resource.common.XAPool - added a JdbcPooledConnection from datasource jdbc/order_ds1 in state ACCESSIBLE with usage count 1 wrapping org.postgresql.xa.PGXAConnection@74626b21 to the accessible pool
17:27:49.420 [Test worker] DEBUG b.t.r.jdbc.JdbcPooledConnection - connection org.postgresql.xa.PGXAConnection@74626b21 was in state NOT_ACCESSIBLE, no need to test it
17:27:49.420 [Test worker] DEBUG b.t.r.jdbc.JdbcPooledConnection - got connection handle from a JdbcPooledConnection from datasource jdbc/order_ds1 in state ACCESSIBLE with usage count 1 wrapping org.postgresql.xa.PGXAConnection@74626b21
17:27:49.420 [Test worker] DEBUG b.tm.resource.jdbc.PoolingDataSource - acquired connection from a PoolingDataSource containing an XAPool of resource jdbc/order_ds1 with 3 connection(s) (2 still available)
17:27:49.421 [Test worker] DEBUG b.t.r.c.TransactionContextHelper - enlisting a JdbcPooledConnection from datasource jdbc/order_ds1 in state ACCESSIBLE with usage count 1 wrapping org.postgresql.xa.PGXAConnection@74626b21 into a Bitronix Transaction with GTRID [737072696E672D62746D000001452C10CB6700000011], status=ACTIVE, 1 resource(s) enlisted (started Fri Apr 04 17:27:49 CST 2014)
17:27:49.421 [Test worker] DEBUG b.t.r.c.TransactionContextHelper - avoiding re-enlistment of already enlisted but not ended resource an XAResourceHolderState with uniqueName=jdbc/order_ds1 XAResource=org.postgresql.xa.PGXAConnection@74626b21 (started) with XID a Bitronix XID [737072696E672D62746D000001452C10CB6700000011 : 737072696E672D62746D000001452C10CB8300000012]
Hibernate: insert into USER_ORDER (CREATED_BY, CREATED_TIME, UPDATED_BY, UPDATED_TIME, COUNTRY, CURRENCY, HONOR_UNTIL_TIME, HONORED_TIME, IS_TAX_INCLUSIVE, ORDER_STATUS_ID, ORDER_TYPE_ID, ORIGINAL_ORDER_ID, PROPERTIES, SHIPPING_ADDRESS_ID, SHIPPING_METHOD_ID, IS_TENTATIVE, TOTAL_AMOUNT, TOTAL_DISCOUNT, TOTAL_PREORDER_AMOUNT, TOTAL_PREORDER_TAX, TOTAL_SHIPPING_FEE, TOTAL_SHIPPING_FEE_DISCOUNT, TOTAL_TAX, TRACKING_UUID, USER_ID, ORDER_ID) values (?, ?, ?, ?, ?, ?, ?, ?, ?, ?, ?, ?, ?, ?, ?, ?, ?, ?, ?, ?, ?, ?, ?, ?, ?, ?)
17:27:49.424 [Test worker] DEBUG b.t.r.jdbc.proxy.ConnectionJavaProxy - closing a ConnectionJavaProxy of a JdbcPooledConnection from datasource jdbc/order_ds1 in state ACCESSIBLE with usage count 1 wrapping org.postgresql.xa.PGXAConnection@74626b21 on Pooled connection wrapping physical connection org.postgresql.jdbc4.Jdbc4Connection@19368db4
17:27:49.424 [Test worker] DEBUG b.t.r.jdbc.JdbcPooledConnection - releasing to pool a JdbcPooledConnection from datasource jdbc/order_ds1 in state ACCESSIBLE with usage count 1 wrapping org.postgresql.xa.PGXAConnection@74626b21
17:27:49.425 [Test worker] DEBUG b.t.r.c.TransactionContextHelper - delisting a JdbcPooledConnection from datasource jdbc/order_ds1 in state ACCESSIBLE with usage count 0 wrapping org.postgresql.xa.PGXAConnection@74626b21 from a Bitronix Transaction with GTRID [737072696E672D62746D000001452C10CB6700000011], status=ACTIVE, 1 resource(s) enlisted (started Fri Apr 04 17:27:49 CST 2014)
17:27:49.425 [Test worker] DEBUG b.t.r.c.TransactionContextHelper - resource is in enlisting global transaction context: a JdbcPooledConnection from datasource jdbc/order_ds1 in state ACCESSIBLE with usage count 0 wrapping org.postgresql.xa.PGXAConnection@74626b21
17:27:49.425 [Test worker] DEBUG b.t.r.c.TransactionContextHelper - requeuing a JdbcPooledConnection from datasource jdbc/order_ds1 in state ACCESSIBLE with usage count 0 wrapping org.postgresql.xa.PGXAConnection@74626b21 from a Bitronix Transaction with GTRID [737072696E672D62746D000001452C10CB6700000011], status=ACTIVE, 1 resource(s) enlisted (started Fri Apr 04 17:27:49 CST 2014)
17:27:49.425 [Test worker] DEBUG b.t.r.c.TransactionContextHelper - resource is in enlisting global transaction context: a JdbcPooledConnection from datasource jdbc/order_ds1 in state ACCESSIBLE with usage count 0 wrapping org.postgresql.xa.PGXAConnection@74626b21
17:27:49.425 [Test worker] DEBUG b.t.r.c.TransactionContextHelper - deferring release to pool of a JdbcPooledConnection from datasource jdbc/order_ds1 in state ACCESSIBLE with usage count 0 wrapping org.postgresql.xa.PGXAConnection@74626b21
17:27:49.425 [Test worker] DEBUG b.t.r.c.TransactionContextHelper - a JdbcPooledConnection from datasource jdbc/order_ds1 in state ACCESSIBLE with usage count 0 wrapping org.postgresql.xa.PGXAConnection@74626b21 is not already registered for deferred release in a Bitronix Transaction with GTRID [737072696E672D62746D000001452C10CB6700000011], status=ACTIVE, 1 resource(s) enlisted (started Fri Apr 04 17:27:49 CST 2014)
17:27:49.425 [Test worker] DEBUG b.t.r.c.TransactionContextHelper - registering DeferredReleaseSynchronization for a JdbcPooledConnection from datasource jdbc/order_ds1 in state ACCESSIBLE with usage count 0 wrapping org.postgresql.xa.PGXAConnection@74626b21
17:27:49.425 [Test worker] DEBUG b.t.r.c.AbstractXAStatefulHolder - notifying 2 stateChangeEventListener(s) about state changing from ACCESSIBLE to NOT_ACCESSIBLE in a JdbcPooledConnection from datasource jdbc/order_ds1 in state ACCESSIBLE with usage count 0 wrapping org.postgresql.xa.PGXAConnection@74626b21
17:27:49.425 [Test worker] DEBUG b.t.r.jdbc.JdbcPooledConnection - closing 0 dangling uncached statement(s)
17:27:49.425 [Test worker] DEBUG bitronix.tm.resource.common.XAPool - removed a JdbcPooledConnection from datasource jdbc/order_ds1 in state ACCESSIBLE with usage count 0 wrapping org.postgresql.xa.PGXAConnection@74626b21 from the accessible pool
17:27:49.425 [Test worker] DEBUG b.t.r.c.AbstractXAStatefulHolder - state changing from ACCESSIBLE to NOT_ACCESSIBLE in a JdbcPooledConnection from datasource jdbc/order_ds1 in state ACCESSIBLE with usage count 0 wrapping org.postgresql.xa.PGXAConnection@74626b21
17:27:49.425 [Test worker] DEBUG b.t.r.c.AbstractXAStatefulHolder - notifying 2 stateChangeEventListener(s) about state changed from ACCESSIBLE to NOT_ACCESSIBLE in a JdbcPooledConnection from datasource jdbc/order_ds1 in state NOT_ACCESSIBLE with usage count 0 wrapping org.postgresql.xa.PGXAConnection@74626b21
17:27:49.426 [Test worker] DEBUG bitronix.tm.resource.common.XAPool - added a JdbcPooledConnection from datasource jdbc/order_ds1 in state NOT_ACCESSIBLE with usage count 0 wrapping org.postgresql.xa.PGXAConnection@74626b21 to the inaccessible pool
17:27:49.426 [Test worker] DEBUG b.t.r.jdbc.JdbcPooledConnection - released to pool a JdbcPooledConnection from datasource jdbc/order_ds1 in state NOT_ACCESSIBLE with usage count 0 wrapping org.postgresql.xa.PGXAConnection@74626b21
17:27:49.428 [Test worker] DEBUG b.tm.resource.jdbc.PoolingDataSource - acquiring connection from a PoolingDataSource containing an XAPool of resource jdbc/order_ds1 with 3 connection(s) (2 still available)
17:27:49.428 [Test worker] DEBUG bitronix.tm.resource.common.XAPool - trying to recycle a NOT_ACCESSIBLE connection of an XAPool of resource jdbc/order_ds1 with 3 connection(s) (2 still available)
17:27:49.428 [Test worker] DEBUG bitronix.tm.resource.common.XAPool - current transaction GTRID is [737072696E672D62746D000001452C10CB6700000011]
17:27:49.428 [Test worker] DEBUG bitronix.tm.resource.common.XAPool - found a connection in NOT_ACCESSIBLE state: a JdbcPooledConnection from datasource jdbc/order_ds1 in state NOT_ACCESSIBLE with usage count 0 wrapping org.postgresql.xa.PGXAConnection@74626b21
17:27:49.428 [Test worker] DEBUG bitronix.tm.resource.common.XAPool - 1 xa resource(s) created by connection in NOT_ACCESSIBLE state: a JdbcPooledConnection from datasource jdbc/order_ds1 in state NOT_ACCESSIBLE with usage count 0 wrapping org.postgresql.xa.PGXAConnection@74626b21
17:27:49.428 [Test worker] DEBUG bitronix.tm.resource.common.XAPool - NOT_ACCESSIBLE xa resource GTRID: 737072696E672D62746D000001452C10CB6700000011
17:27:49.428 [Test worker] DEBUG bitronix.tm.resource.common.XAPool - NOT_ACCESSIBLE xa resource's GTRID matched this transaction's GTRID, recycling it
17:27:49.428 [Test worker] DEBUG bitronix.tm.resource.common.XAPool - found NOT_ACCESSIBLE connection a JdbcPooledConnection from datasource jdbc/order_ds1 in state NOT_ACCESSIBLE with usage count 0 wrapping org.postgresql.xa.PGXAConnection@74626b21 from an XAPool of resource jdbc/order_ds1 with 3 connection(s) (2 still available)
17:27:49.428 [Test worker] DEBUG b.t.r.jdbc.JdbcPooledConnection - getting connection handle from a JdbcPooledConnection from datasource jdbc/order_ds1 in state NOT_ACCESSIBLE with usage count 0 wrapping org.postgresql.xa.PGXAConnection@74626b21
17:27:49.428 [Test worker] DEBUG b.t.r.c.AbstractXAStatefulHolder - notifying 2 stateChangeEventListener(s) about state changing from NOT_ACCESSIBLE to ACCESSIBLE in a JdbcPooledConnection from datasource jdbc/order_ds1 in state NOT_ACCESSIBLE with usage count 1 wrapping org.postgresql.xa.PGXAConnection@74626b21
17:27:49.428 [Test worker] DEBUG bitronix.tm.resource.common.XAPool - removed a JdbcPooledConnection from datasource jdbc/order_ds1 in state NOT_ACCESSIBLE with usage count 1 wrapping org.postgresql.xa.PGXAConnection@74626b21 from the inaccessible pool
17:27:49.428 [Test worker] DEBUG b.t.r.c.AbstractXAStatefulHolder - state changing from NOT_ACCESSIBLE to ACCESSIBLE in a JdbcPooledConnection from datasource jdbc/order_ds1 in state NOT_ACCESSIBLE with usage count 1 wrapping org.postgresql.xa.PGXAConnection@74626b21
17:27:49.429 [Test worker] DEBUG b.t.r.c.AbstractXAStatefulHolder - notifying 2 stateChangeEventListener(s) about state changed from NOT_ACCESSIBLE to ACCESSIBLE in a JdbcPooledConnection from datasource jdbc/order_ds1 in state ACCESSIBLE with usage count 1 wrapping org.postgresql.xa.PGXAConnection@74626b21
17:27:49.429 [Test worker] DEBUG b.t.r.c.TransactionContextHelper - marking a JdbcPooledConnection from datasource jdbc/order_ds1 in state ACCESSIBLE with usage count 1 wrapping org.postgresql.xa.PGXAConnection@74626b21 as recycled in a Bitronix Transaction with GTRID [737072696E672D62746D000001452C10CB6700000011], status=ACTIVE, 1 resource(s) enlisted (started Fri Apr 04 17:27:49 CST 2014)
17:27:49.429 [Test worker] DEBUG b.t.r.c.TransactionContextHelper - a JdbcPooledConnection from datasource jdbc/order_ds1 in state ACCESSIBLE with usage count 1 wrapping org.postgresql.xa.PGXAConnection@74626b21 has been recycled, unregistering deferred release from a Bitronix Transaction with GTRID [737072696E672D62746D000001452C10CB6700000011], status=ACTIVE, 1 resource(s) enlisted (started Fri Apr 04 17:27:49 CST 2014)
17:27:49.429 [Test worker] DEBUG bitronix.tm.resource.common.XAPool - added a JdbcPooledConnection from datasource jdbc/order_ds1 in state ACCESSIBLE with usage count 1 wrapping org.postgresql.xa.PGXAConnection@74626b21 to the accessible pool
17:27:49.429 [Test worker] DEBUG b.t.r.jdbc.JdbcPooledConnection - connection org.postgresql.xa.PGXAConnection@74626b21 was in state NOT_ACCESSIBLE, no need to test it
17:27:49.429 [Test worker] DEBUG b.t.r.jdbc.JdbcPooledConnection - got connection handle from a JdbcPooledConnection from datasource jdbc/order_ds1 in state ACCESSIBLE with usage count 1 wrapping org.postgresql.xa.PGXAConnection@74626b21
17:27:49.429 [Test worker] DEBUG b.tm.resource.jdbc.PoolingDataSource - acquired connection from a PoolingDataSource containing an XAPool of resource jdbc/order_ds1 with 3 connection(s) (2 still available)
17:27:49.429 [Test worker] DEBUG b.t.r.c.TransactionContextHelper - enlisting a JdbcPooledConnection from datasource jdbc/order_ds1 in state ACCESSIBLE with usage count 1 wrapping org.postgresql.xa.PGXAConnection@74626b21 into a Bitronix Transaction with GTRID [737072696E672D62746D000001452C10CB6700000011], status=ACTIVE, 1 resource(s) enlisted (started Fri Apr 04 17:27:49 CST 2014)
17:27:49.430 [Test worker] DEBUG b.t.r.c.TransactionContextHelper - avoiding re-enlistment of already enlisted but not ended resource an XAResourceHolderState with uniqueName=jdbc/order_ds1 XAResource=org.postgresql.xa.PGXAConnection@74626b21 (started) with XID a Bitronix XID [737072696E672D62746D000001452C10CB6700000011 : 737072696E672D62746D000001452C10CB8300000012]
Hibernate: select this_.ORDER_ID as ORDER1_2_0_, this_.CREATED_BY as CREATED2_2_0_, this_.CREATED_TIME as CREATED3_2_0_, this_.UPDATED_BY as UPDATED4_2_0_, this_.UPDATED_TIME as UPDATED5_2_0_, this_.COUNTRY as COUNTRY2_0_, this_.CURRENCY as CURRENCY2_0_, this_.HONOR_UNTIL_TIME as HONOR8_2_0_, this_.HONORED_TIME as HONORED9_2_0_, this_.IS_TAX_INCLUSIVE as IS10_2_0_, this_.ORDER_STATUS_ID as ORDER11_2_0_, this_.ORDER_TYPE_ID as ORDER12_2_0_, this_.ORIGINAL_ORDER_ID as ORIGINAL13_2_0_, this_.PROPERTIES as PROPERTIES2_0_, this_.SHIPPING_ADDRESS_ID as SHIPPING15_2_0_, this_.SHIPPING_METHOD_ID as SHIPPING16_2_0_, this_.IS_TENTATIVE as IS17_2_0_, this_.TOTAL_AMOUNT as TOTAL18_2_0_, this_.TOTAL_DISCOUNT as TOTAL19_2_0_, this_.TOTAL_PREORDER_AMOUNT as TOTAL20_2_0_, this_.TOTAL_PREORDER_TAX as TOTAL21_2_0_, this_.TOTAL_SHIPPING_FEE as TOTAL22_2_0_, this_.TOTAL_SHIPPING_FEE_DISCOUNT as TOTAL23_2_0_, this_.TOTAL_TAX as TOTAL24_2_0_, this_.TRACKING_UUID as TRACKING25_2_0_, this_.USER_ID as USER26_2_0_ from USER_ORDER this_ where this_.USER_ID=? order by this_.ORDER_ID desc
17:27:49.436 [Test worker] DEBUG b.t.r.jdbc.proxy.ConnectionJavaProxy - closing a ConnectionJavaProxy of a JdbcPooledConnection from datasource jdbc/order_ds1 in state ACCESSIBLE with usage count 1 wrapping org.postgresql.xa.PGXAConnection@74626b21 on Pooled connection wrapping physical connection org.postgresql.jdbc4.Jdbc4Connection@19368db4
17:27:49.436 [Test worker] DEBUG b.t.r.jdbc.JdbcPooledConnection - releasing to pool a JdbcPooledConnection from datasource jdbc/order_ds1 in state ACCESSIBLE with usage count 1 wrapping org.postgresql.xa.PGXAConnection@74626b21
17:27:49.436 [Test worker] DEBUG b.t.r.c.TransactionContextHelper - delisting a JdbcPooledConnection from datasource jdbc/order_ds1 in state ACCESSIBLE with usage count 0 wrapping org.postgresql.xa.PGXAConnection@74626b21 from a Bitronix Transaction with GTRID [737072696E672D62746D000001452C10CB6700000011], status=ACTIVE, 1 resource(s) enlisted (started Fri Apr 04 17:27:49 CST 2014)
17:27:49.436 [Test worker] DEBUG b.t.r.c.TransactionContextHelper - resource is in enlisting global transaction context: a JdbcPooledConnection from datasource jdbc/order_ds1 in state ACCESSIBLE with usage count 0 wrapping org.postgresql.xa.PGXAConnection@74626b21
17:27:49.436 [Test worker] DEBUG b.t.r.c.TransactionContextHelper - requeuing a JdbcPooledConnection from datasource jdbc/order_ds1 in state ACCESSIBLE with usage count 0 wrapping org.postgresql.xa.PGXAConnection@74626b21 from a Bitronix Transaction with GTRID [737072696E672D62746D000001452C10CB6700000011], status=ACTIVE, 1 resource(s) enlisted (started Fri Apr 04 17:27:49 CST 2014)
17:27:49.437 [Test worker] DEBUG b.t.r.c.TransactionContextHelper - resource is in enlisting global transaction context: a JdbcPooledConnection from datasource jdbc/order_ds1 in state ACCESSIBLE with usage count 0 wrapping org.postgresql.xa.PGXAConnection@74626b21
17:27:49.437 [Test worker] DEBUG b.t.r.c.TransactionContextHelper - deferring release to pool of a JdbcPooledConnection from datasource jdbc/order_ds1 in state ACCESSIBLE with usage count 0 wrapping org.postgresql.xa.PGXAConnection@74626b21
17:27:49.437 [Test worker] DEBUG b.t.r.c.TransactionContextHelper - a JdbcPooledConnection from datasource jdbc/order_ds1 in state ACCESSIBLE with usage count 0 wrapping org.postgresql.xa.PGXAConnection@74626b21 is not already registered for deferred release in a Bitronix Transaction with GTRID [737072696E672D62746D000001452C10CB6700000011], status=ACTIVE, 1 resource(s) enlisted (started Fri Apr 04 17:27:49 CST 2014)
17:27:49.437 [Test worker] DEBUG b.t.r.c.TransactionContextHelper - registering DeferredReleaseSynchronization for a JdbcPooledConnection from datasource jdbc/order_ds1 in state ACCESSIBLE with usage count 0 wrapping org.postgresql.xa.PGXAConnection@74626b21
17:27:49.437 [Test worker] DEBUG b.t.r.c.AbstractXAStatefulHolder - notifying 2 stateChangeEventListener(s) about state changing from ACCESSIBLE to NOT_ACCESSIBLE in a JdbcPooledConnection from datasource jdbc/order_ds1 in state ACCESSIBLE with usage count 0 wrapping org.postgresql.xa.PGXAConnection@74626b21
17:27:49.437 [Test worker] DEBUG b.t.r.jdbc.JdbcPooledConnection - closing 0 dangling uncached statement(s)
17:27:49.437 [Test worker] DEBUG bitronix.tm.resource.common.XAPool - removed a JdbcPooledConnection from datasource jdbc/order_ds1 in state ACCESSIBLE with usage count 0 wrapping org.postgresql.xa.PGXAConnection@74626b21 from the accessible pool
17:27:49.437 [Test worker] DEBUG b.t.r.c.AbstractXAStatefulHolder - state changing from ACCESSIBLE to NOT_ACCESSIBLE in a JdbcPooledConnection from datasource jdbc/order_ds1 in state ACCESSIBLE with usage count 0 wrapping org.postgresql.xa.PGXAConnection@74626b21
17:27:49.437 [Test worker] DEBUG b.t.r.c.AbstractXAStatefulHolder - notifying 2 stateChangeEventListener(s) about state changed from ACCESSIBLE to NOT_ACCESSIBLE in a JdbcPooledConnection from datasource jdbc/order_ds1 in state NOT_ACCESSIBLE with usage count 0 wrapping org.postgresql.xa.PGXAConnection@74626b21
17:27:49.437 [Test worker] DEBUG bitronix.tm.resource.common.XAPool - added a JdbcPooledConnection from datasource jdbc/order_ds1 in state NOT_ACCESSIBLE with usage count 0 wrapping org.postgresql.xa.PGXAConnection@74626b21 to the inaccessible pool
17:27:49.437 [Test worker] DEBUG b.t.r.jdbc.JdbcPooledConnection - released to pool a JdbcPooledConnection from datasource jdbc/order_ds1 in state NOT_ACCESSIBLE with usage count 0 wrapping org.postgresql.xa.PGXAConnection@74626b21
17:27:49.470 [Test worker] DEBUG bitronix.tm.BitronixTransaction - registering synchronization org.hibernate.engine.transaction.synchronization.internal.RegisteredSynchronization@353bed7f
17:27:49.470 [Test worker] DEBUG bitronix.tm.BitronixTransaction - registering synchronization org.hibernate.context.internal.JTASessionContext$CleanupSynch@71654826
17:27:49.473 [Test worker] DEBUG b.tm.resource.jdbc.PoolingDataSource - acquiring connection from a PoolingDataSource containing an XAPool of resource jdbc/order_ds1 with 3 connection(s) (3 still available)
17:27:49.473 [Test worker] DEBUG bitronix.tm.resource.common.XAPool - trying to recycle a NOT_ACCESSIBLE connection of an XAPool of resource jdbc/order_ds1 with 3 connection(s) (3 still available)
17:27:49.473 [Test worker] DEBUG bitronix.tm.resource.common.XAPool - current transaction GTRID is [737072696E672D62746D000001452C10CBC900000013]
17:27:49.473 [Test worker] DEBUG bitronix.tm.resource.common.XAPool - no NOT_ACCESSIBLE connection enlisted in this transaction
17:27:49.473 [Test worker] DEBUG bitronix.tm.resource.common.XAPool - getting IN_POOL connection from an XAPool of resource jdbc/order_ds1 with 3 connection(s) (3 still available), waiting if necessary
17:27:49.473 [Test worker] DEBUG bitronix.tm.resource.common.XAPool - checking if connection can be closed: a JdbcPooledConnection from datasource jdbc/order_ds1 in state IN_POOL with usage count 0 wrapping org.postgresql.xa.PGXAConnection@4b6498ed - closing time: 1396603729296, now time: 1396603669473
17:27:49.473 [Test worker] DEBUG bitronix.tm.resource.common.XAPool - found IN_POOL connection a JdbcPooledConnection from datasource jdbc/order_ds1 in state IN_POOL with usage count 0 wrapping org.postgresql.xa.PGXAConnection@4b6498ed from an XAPool of resource jdbc/order_ds1 with 3 connection(s) (2 still available)
17:27:49.473 [Test worker] DEBUG b.t.r.jdbc.JdbcPooledConnection - getting connection handle from a JdbcPooledConnection from datasource jdbc/order_ds1 in state IN_POOL with usage count 0 wrapping org.postgresql.xa.PGXAConnection@4b6498ed
17:27:49.473 [Test worker] DEBUG b.t.r.c.AbstractXAStatefulHolder - notifying 2 stateChangeEventListener(s) about state changing from IN_POOL to ACCESSIBLE in a JdbcPooledConnection from datasource jdbc/order_ds1 in state IN_POOL with usage count 1 wrapping org.postgresql.xa.PGXAConnection@4b6498ed
17:27:49.473 [Test worker] DEBUG b.t.r.c.AbstractXAStatefulHolder - state changing from IN_POOL to ACCESSIBLE in a JdbcPooledConnection from datasource jdbc/order_ds1 in state IN_POOL with usage count 1 wrapping org.postgresql.xa.PGXAConnection@4b6498ed
17:27:49.473 [Test worker] DEBUG b.t.r.c.AbstractXAStatefulHolder - notifying 2 stateChangeEventListener(s) about state changed from IN_POOL to ACCESSIBLE in a JdbcPooledConnection from datasource jdbc/order_ds1 in state ACCESSIBLE with usage count 1 wrapping org.postgresql.xa.PGXAConnection@4b6498ed
17:27:49.473 [Test worker] DEBUG bitronix.tm.resource.common.XAPool - added a JdbcPooledConnection from datasource jdbc/order_ds1 in state ACCESSIBLE with usage count 1 wrapping org.postgresql.xa.PGXAConnection@4b6498ed to the accessible pool
17:27:49.473 [Test worker] DEBUG b.t.r.jdbc.JdbcPooledConnection - connection org.postgresql.xa.PGXAConnection@4b6498ed was in state IN_POOL, testing it
17:27:49.473 [Test worker] DEBUG b.t.r.jdbc.JdbcPooledConnection - no query to test connection of a JdbcPooledConnection from datasource jdbc/order_ds1 in state ACCESSIBLE with usage count 1 wrapping org.postgresql.xa.PGXAConnection@4b6498ed, skipping test
17:27:49.473 [Test worker] DEBUG b.t.r.jdbc.JdbcPooledConnection - got connection handle from a JdbcPooledConnection from datasource jdbc/order_ds1 in state ACCESSIBLE with usage count 1 wrapping org.postgresql.xa.PGXAConnection@4b6498ed
17:27:49.473 [Test worker] DEBUG b.tm.resource.jdbc.PoolingDataSource - acquired connection from a PoolingDataSource containing an XAPool of resource jdbc/order_ds1 with 3 connection(s) (2 still available)
17:27:49.473 [Test worker] DEBUG b.t.r.c.TransactionContextHelper - enlisting a JdbcPooledConnection from datasource jdbc/order_ds1 in state ACCESSIBLE with usage count 1 wrapping org.postgresql.xa.PGXAConnection@4b6498ed into a Bitronix Transaction with GTRID [737072696E672D62746D000001452C10CBC900000013], status=ACTIVE, 0 resource(s) enlisted (started Fri Apr 04 17:27:49 CST 2014)
17:27:49.474 [Test worker] DEBUG b.tm.resource.ResourceRegistrar - XAResource org.postgresql.xa.PGXAConnection@4b6498ed belongs to a JdbcPooledConnection from datasource jdbc/order_ds1 in state ACCESSIBLE with usage count 1 wrapping org.postgresql.xa.PGXAConnection@4b6498ed that itself belongs to a PoolingDataSource containing an XAPool of resource jdbc/order_ds1 with 3 connection(s) (2 still available)
17:27:49.474 [Test worker] DEBUG b.tm.internal.XAResourceManager - creating new branch with a Bitronix XID [737072696E672D62746D000001452C10CBC900000013 : 737072696E672D62746D000001452C10CBE200000014]
17:27:49.474 [Test worker] DEBUG b.tm.internal.XAResourceHolderState - assigning <a Bitronix XID [737072696E672D62746D000001452C10CBC900000013 : 737072696E672D62746D000001452C10CBE200000014]> to <an XAResourceHolderState with uniqueName=jdbc/order_ds1 XAResource=org.postgresql.xa.PGXAConnection@4b6498ed with XID null>
17:27:49.474 [Test worker] DEBUG b.tm.internal.XAResourceHolderState - starting an XAResourceHolderState with uniqueName=jdbc/order_ds1 XAResource=org.postgresql.xa.PGXAConnection@4b6498ed with XID a Bitronix XID [737072696E672D62746D000001452C10CBC900000013 : 737072696E672D62746D000001452C10CBE200000014] with NOFLAGS
17:27:49.474 [Test worker] DEBUG b.tm.internal.XAResourceHolderState - started an XAResourceHolderState with uniqueName=jdbc/order_ds1 XAResource=org.postgresql.xa.PGXAConnection@4b6498ed (started) with XID a Bitronix XID [737072696E672D62746D000001452C10CBC900000013 : 737072696E672D62746D000001452C10CBE200000014] with NOFLAGS
17:27:49.474 [Test worker] DEBUG b.t.r.c.AbstractXAResourceHolder - putting XAResourceHolderState [an XAResourceHolderState with uniqueName=jdbc/order_ds1 XAResource=org.postgresql.xa.PGXAConnection@4b6498ed (started) with XID a Bitronix XID [737072696E672D62746D000001452C10CBC900000013 : 737072696E672D62746D000001452C10CBE200000014]] on a JdbcPooledConnection from datasource jdbc/order_ds1 in state ACCESSIBLE with usage count 1 wrapping org.postgresql.xa.PGXAConnection@4b6498ed
17:27:49.474 [Test worker] DEBUG b.t.r.c.AbstractXAResourceHolder - GTRID [737072696E672D62746D000001452C10CBC900000013] previously unknown to a JdbcPooledConnection from datasource jdbc/order_ds1 in state ACCESSIBLE with usage count 1 wrapping org.postgresql.xa.PGXAConnection@4b6498ed, adding it to the resource's transactions list
Hibernate: insert into USER_ORDER (CREATED_BY, CREATED_TIME, UPDATED_BY, UPDATED_TIME, COUNTRY, CURRENCY, HONOR_UNTIL_TIME, HONORED_TIME, IS_TAX_INCLUSIVE, ORDER_STATUS_ID, ORDER_TYPE_ID, ORIGINAL_ORDER_ID, PROPERTIES, SHIPPING_ADDRESS_ID, SHIPPING_METHOD_ID, IS_TENTATIVE, TOTAL_AMOUNT, TOTAL_DISCOUNT, TOTAL_PREORDER_AMOUNT, TOTAL_PREORDER_TAX, TOTAL_SHIPPING_FEE, TOTAL_SHIPPING_FEE_DISCOUNT, TOTAL_TAX, TRACKING_UUID, USER_ID, ORDER_ID) values (?, ?, ?, ?, ?, ?, ?, ?, ?, ?, ?, ?, ?, ?, ?, ?, ?, ?, ?, ?, ?, ?, ?, ?, ?, ?)
17:27:49.477 [bitronix-async-jmx-worker] DEBUG b.tm.utils.ManagementRegistrar - Calling ManagementUnregisterCommand on object with name bitronix.tm:type=Transaction,Gtrid=737072696E672D62746D000001452C10CA000000000B
17:27:49.478 [bitronix-async-jmx-worker] DEBUG b.tm.utils.ManagementRegistrar - Calling ManagementRegisterCommand on object with name bitronix.tm:type=Transaction,Gtrid=737072696E672D62746D000001452C10CBC900000013
17:27:49.480 [Test worker] DEBUG b.t.r.c.TransactionContextHelper - enlisting a JdbcPooledConnection from datasource jdbc/order_ds1 in state ACCESSIBLE with usage count 1 wrapping org.postgresql.xa.PGXAConnection@4b6498ed into a Bitronix Transaction with GTRID [737072696E672D62746D000001452C10CBC900000013], status=ACTIVE, 1 resource(s) enlisted (started Fri Apr 04 17:27:49 CST 2014)
17:27:49.480 [Test worker] DEBUG b.t.r.c.TransactionContextHelper - avoiding re-enlistment of already enlisted but not ended resource an XAResourceHolderState with uniqueName=jdbc/order_ds1 XAResource=org.postgresql.xa.PGXAConnection@4b6498ed (started) with XID a Bitronix XID [737072696E672D62746D000001452C10CBC900000013 : 737072696E672D62746D000001452C10CBE200000014]
Hibernate: update USER_ORDER set CREATED_BY=?, CREATED_TIME=?, UPDATED_BY=?, UPDATED_TIME=?, COUNTRY=?, CURRENCY=?, HONOR_UNTIL_TIME=?, HONORED_TIME=?, IS_TAX_INCLUSIVE=?, ORDER_STATUS_ID=?, ORDER_TYPE_ID=?, ORIGINAL_ORDER_ID=?, PROPERTIES=?, SHIPPING_ADDRESS_ID=?, SHIPPING_METHOD_ID=?, IS_TENTATIVE=?, TOTAL_AMOUNT=?, TOTAL_DISCOUNT=?, TOTAL_PREORDER_AMOUNT=?, TOTAL_PREORDER_TAX=?, TOTAL_SHIPPING_FEE=?, TOTAL_SHIPPING_FEE_DISCOUNT=?, TOTAL_TAX=?, TRACKING_UUID=?, USER_ID=? where ORDER_ID=?
17:27:49.492 [Test worker] DEBUG b.t.r.jdbc.proxy.ConnectionJavaProxy - closing a ConnectionJavaProxy of a JdbcPooledConnection from datasource jdbc/order_ds1 in state ACCESSIBLE with usage count 1 wrapping org.postgresql.xa.PGXAConnection@4b6498ed on Pooled connection wrapping physical connection org.postgresql.jdbc4.Jdbc4Connection@27b170a3
17:27:49.493 [Test worker] DEBUG b.t.r.jdbc.JdbcPooledConnection - releasing to pool a JdbcPooledConnection from datasource jdbc/order_ds1 in state ACCESSIBLE with usage count 1 wrapping org.postgresql.xa.PGXAConnection@4b6498ed
17:27:49.493 [Test worker] DEBUG b.t.r.c.TransactionContextHelper - delisting a JdbcPooledConnection from datasource jdbc/order_ds1 in state ACCESSIBLE with usage count 0 wrapping org.postgresql.xa.PGXAConnection@4b6498ed from a Bitronix Transaction with GTRID [737072696E672D62746D000001452C10CBC900000013], status=ACTIVE, 1 resource(s) enlisted (started Fri Apr 04 17:27:49 CST 2014)
17:27:49.493 [Test worker] DEBUG b.t.r.c.TransactionContextHelper - resource is in enlisting global transaction context: a JdbcPooledConnection from datasource jdbc/order_ds1 in state ACCESSIBLE with usage count 0 wrapping org.postgresql.xa.PGXAConnection@4b6498ed
17:27:49.493 [Test worker] DEBUG b.t.r.c.TransactionContextHelper - requeuing a JdbcPooledConnection from datasource jdbc/order_ds1 in state ACCESSIBLE with usage count 0 wrapping org.postgresql.xa.PGXAConnection@4b6498ed from a Bitronix Transaction with GTRID [737072696E672D62746D000001452C10CBC900000013], status=ACTIVE, 1 resource(s) enlisted (started Fri Apr 04 17:27:49 CST 2014)
17:27:49.494 [Test worker] DEBUG b.t.r.c.TransactionContextHelper - resource is in enlisting global transaction context: a JdbcPooledConnection from datasource jdbc/order_ds1 in state ACCESSIBLE with usage count 0 wrapping org.postgresql.xa.PGXAConnection@4b6498ed
17:27:49.494 [Test worker] DEBUG b.t.r.c.TransactionContextHelper - deferring release to pool of a JdbcPooledConnection from datasource jdbc/order_ds1 in state ACCESSIBLE with usage count 0 wrapping org.postgresql.xa.PGXAConnection@4b6498ed
17:27:49.494 [Test worker] DEBUG b.t.r.c.TransactionContextHelper - a JdbcPooledConnection from datasource jdbc/order_ds1 in state ACCESSIBLE with usage count 0 wrapping org.postgresql.xa.PGXAConnection@4b6498ed is not already registered for deferred release in a Bitronix Transaction with GTRID [737072696E672D62746D000001452C10CBC900000013], status=ACTIVE, 1 resource(s) enlisted (started Fri Apr 04 17:27:49 CST 2014)
17:27:49.494 [Test worker] DEBUG b.t.r.c.TransactionContextHelper - registering DeferredReleaseSynchronization for a JdbcPooledConnection from datasource jdbc/order_ds1 in state ACCESSIBLE with usage count 0 wrapping org.postgresql.xa.PGXAConnection@4b6498ed
17:27:49.494 [Test worker] DEBUG b.t.r.c.AbstractXAStatefulHolder - notifying 2 stateChangeEventListener(s) about state changing from ACCESSIBLE to NOT_ACCESSIBLE in a JdbcPooledConnection from datasource jdbc/order_ds1 in state ACCESSIBLE with usage count 0 wrapping org.postgresql.xa.PGXAConnection@4b6498ed
17:27:49.494 [Test worker] DEBUG b.t.r.jdbc.JdbcPooledConnection - closing 0 dangling uncached statement(s)
17:27:49.495 [Test worker] DEBUG bitronix.tm.resource.common.XAPool - removed a JdbcPooledConnection from datasource jdbc/order_ds1 in state ACCESSIBLE with usage count 0 wrapping org.postgresql.xa.PGXAConnection@4b6498ed from the accessible pool
17:27:49.495 [Test worker] DEBUG b.t.r.c.AbstractXAStatefulHolder - state changing from ACCESSIBLE to NOT_ACCESSIBLE in a JdbcPooledConnection from datasource jdbc/order_ds1 in state ACCESSIBLE with usage count 0 wrapping org.postgresql.xa.PGXAConnection@4b6498ed
17:27:49.495 [Test worker] DEBUG b.t.r.c.AbstractXAStatefulHolder - notifying 2 stateChangeEventListener(s) about state changed from ACCESSIBLE to NOT_ACCESSIBLE in a JdbcPooledConnection from datasource jdbc/order_ds1 in state NOT_ACCESSIBLE with usage count 0 wrapping org.postgresql.xa.PGXAConnection@4b6498ed
17:27:49.495 [Test worker] DEBUG bitronix.tm.resource.common.XAPool - added a JdbcPooledConnection from datasource jdbc/order_ds1 in state NOT_ACCESSIBLE with usage count 0 wrapping org.postgresql.xa.PGXAConnection@4b6498ed to the inaccessible pool
17:27:49.495 [Test worker] DEBUG b.t.r.jdbc.JdbcPooledConnection - released to pool a JdbcPooledConnection from datasource jdbc/order_ds1 in state NOT_ACCESSIBLE with usage count 0 wrapping org.postgresql.xa.PGXAConnection@4b6498ed
17:27:49.505 [Test worker] DEBUG b.tm.resource.jdbc.PoolingDataSource - acquiring connection from a PoolingDataSource containing an XAPool of resource jdbc/order_ds1 with 3 connection(s) (2 still available)
17:27:49.505 [Test worker] DEBUG bitronix.tm.resource.common.XAPool - trying to recycle a NOT_ACCESSIBLE connection of an XAPool of resource jdbc/order_ds1 with 3 connection(s) (2 still available)
17:27:49.505 [Test worker] DEBUG bitronix.tm.resource.common.XAPool - current transaction GTRID is [737072696E672D62746D000001452C10CBC900000013]
17:27:49.505 [Test worker] DEBUG bitronix.tm.resource.common.XAPool - found a connection in NOT_ACCESSIBLE state: a JdbcPooledConnection from datasource jdbc/order_ds1 in state NOT_ACCESSIBLE with usage count 0 wrapping org.postgresql.xa.PGXAConnection@4b6498ed
17:27:49.505 [Test worker] DEBUG bitronix.tm.resource.common.XAPool - 1 xa resource(s) created by connection in NOT_ACCESSIBLE state: a JdbcPooledConnection from datasource jdbc/order_ds1 in state NOT_ACCESSIBLE with usage count 0 wrapping org.postgresql.xa.PGXAConnection@4b6498ed
17:27:49.506 [Test worker] DEBUG bitronix.tm.resource.common.XAPool - NOT_ACCESSIBLE xa resource GTRID: 737072696E672D62746D000001452C10CBC900000013
17:27:49.506 [Test worker] DEBUG bitronix.tm.resource.common.XAPool - NOT_ACCESSIBLE xa resource's GTRID matched this transaction's GTRID, recycling it
17:27:49.506 [Test worker] DEBUG bitronix.tm.resource.common.XAPool - found NOT_ACCESSIBLE connection a JdbcPooledConnection from datasource jdbc/order_ds1 in state NOT_ACCESSIBLE with usage count 0 wrapping org.postgresql.xa.PGXAConnection@4b6498ed from an XAPool of resource jdbc/order_ds1 with 3 connection(s) (2 still available)
17:27:49.506 [Test worker] DEBUG b.t.r.jdbc.JdbcPooledConnection - getting connection handle from a JdbcPooledConnection from datasource jdbc/order_ds1 in state NOT_ACCESSIBLE with usage count 0 wrapping org.postgresql.xa.PGXAConnection@4b6498ed
17:27:49.506 [Test worker] DEBUG b.t.r.c.AbstractXAStatefulHolder - notifying 2 stateChangeEventListener(s) about state changing from NOT_ACCESSIBLE to ACCESSIBLE in a JdbcPooledConnection from datasource jdbc/order_ds1 in state NOT_ACCESSIBLE with usage count 1 wrapping org.postgresql.xa.PGXAConnection@4b6498ed
17:27:49.506 [Test worker] DEBUG bitronix.tm.resource.common.XAPool - removed a JdbcPooledConnection from datasource jdbc/order_ds1 in state NOT_ACCESSIBLE with usage count 1 wrapping org.postgresql.xa.PGXAConnection@4b6498ed from the inaccessible pool
17:27:49.506 [Test worker] DEBUG b.t.r.c.AbstractXAStatefulHolder - state changing from NOT_ACCESSIBLE to ACCESSIBLE in a JdbcPooledConnection from datasource jdbc/order_ds1 in state NOT_ACCESSIBLE with usage count 1 wrapping org.postgresql.xa.PGXAConnection@4b6498ed
17:27:49.506 [Test worker] DEBUG b.t.r.c.AbstractXAStatefulHolder - notifying 2 stateChangeEventListener(s) about state changed from NOT_ACCESSIBLE to ACCESSIBLE in a JdbcPooledConnection from datasource jdbc/order_ds1 in state ACCESSIBLE with usage count 1 wrapping org.postgresql.xa.PGXAConnection@4b6498ed
17:27:49.506 [Test worker] DEBUG b.t.r.c.TransactionContextHelper - marking a JdbcPooledConnection from datasource jdbc/order_ds1 in state ACCESSIBLE with usage count 1 wrapping org.postgresql.xa.PGXAConnection@4b6498ed as recycled in a Bitronix Transaction with GTRID [737072696E672D62746D000001452C10CBC900000013], status=ACTIVE, 1 resource(s) enlisted (started Fri Apr 04 17:27:49 CST 2014)
17:27:49.506 [Test worker] DEBUG b.t.r.c.TransactionContextHelper - a JdbcPooledConnection from datasource jdbc/order_ds1 in state ACCESSIBLE with usage count 1 wrapping org.postgresql.xa.PGXAConnection@4b6498ed has been recycled, unregistering deferred release from a Bitronix Transaction with GTRID [737072696E672D62746D000001452C10CBC900000013], status=ACTIVE, 1 resource(s) enlisted (started Fri Apr 04 17:27:49 CST 2014)
17:27:49.506 [Test worker] DEBUG bitronix.tm.resource.common.XAPool - added a JdbcPooledConnection from datasource jdbc/order_ds1 in state ACCESSIBLE with usage count 1 wrapping org.postgresql.xa.PGXAConnection@4b6498ed to the accessible pool
17:27:49.506 [Test worker] DEBUG b.t.r.jdbc.JdbcPooledConnection - connection org.postgresql.xa.PGXAConnection@4b6498ed was in state NOT_ACCESSIBLE, no need to test it
17:27:49.506 [Test worker] DEBUG b.t.r.jdbc.JdbcPooledConnection - got connection handle from a JdbcPooledConnection from datasource jdbc/order_ds1 in state ACCESSIBLE with usage count 1 wrapping org.postgresql.xa.PGXAConnection@4b6498ed
17:27:49.506 [Test worker] DEBUG b.tm.resource.jdbc.PoolingDataSource - acquired connection from a PoolingDataSource containing an XAPool of resource jdbc/order_ds1 with 3 connection(s) (2 still available)
17:27:49.506 [Test worker] DEBUG b.t.r.c.TransactionContextHelper - enlisting a JdbcPooledConnection from datasource jdbc/order_ds1 in state ACCESSIBLE with usage count 1 wrapping org.postgresql.xa.PGXAConnection@4b6498ed into a Bitronix Transaction with GTRID [737072696E672D62746D000001452C10CBC900000013], status=ACTIVE, 1 resource(s) enlisted (started Fri Apr 04 17:27:49 CST 2014)
17:27:49.506 [Test worker] DEBUG b.t.r.c.TransactionContextHelper - avoiding re-enlistment of already enlisted but not ended resource an XAResourceHolderState with uniqueName=jdbc/order_ds1 XAResource=org.postgresql.xa.PGXAConnection@4b6498ed (started) with XID a Bitronix XID [737072696E672D62746D000001452C10CBC900000013 : 737072696E672D62746D000001452C10CBE200000014]
Hibernate: insert into USER_ORDER (CREATED_BY, CREATED_TIME, UPDATED_BY, UPDATED_TIME, COUNTRY, CURRENCY, HONOR_UNTIL_TIME, HONORED_TIME, IS_TAX_INCLUSIVE, ORDER_STATUS_ID, ORDER_TYPE_ID, ORIGINAL_ORDER_ID, PROPERTIES, SHIPPING_ADDRESS_ID, SHIPPING_METHOD_ID, IS_TENTATIVE, TOTAL_AMOUNT, TOTAL_DISCOUNT, TOTAL_PREORDER_AMOUNT, TOTAL_PREORDER_TAX, TOTAL_SHIPPING_FEE, TOTAL_SHIPPING_FEE_DISCOUNT, TOTAL_TAX, TRACKING_UUID, USER_ID, ORDER_ID) values (?, ?, ?, ?, ?, ?, ?, ?, ?, ?, ?, ?, ?, ?, ?, ?, ?, ?, ?, ?, ?, ?, ?, ?, ?, ?)
17:27:49.510 [Test worker] DEBUG b.t.r.jdbc.proxy.ConnectionJavaProxy - closing a ConnectionJavaProxy of a JdbcPooledConnection from datasource jdbc/order_ds1 in state ACCESSIBLE with usage count 1 wrapping org.postgresql.xa.PGXAConnection@4b6498ed on Pooled connection wrapping physical connection org.postgresql.jdbc4.Jdbc4Connection@27b170a3
17:27:49.511 [Test worker] DEBUG b.t.r.jdbc.JdbcPooledConnection - releasing to pool a JdbcPooledConnection from datasource jdbc/order_ds1 in state ACCESSIBLE with usage count 1 wrapping org.postgresql.xa.PGXAConnection@4b6498ed
17:27:49.511 [Test worker] DEBUG b.t.r.c.TransactionContextHelper - delisting a JdbcPooledConnection from datasource jdbc/order_ds1 in state ACCESSIBLE with usage count 0 wrapping org.postgresql.xa.PGXAConnection@4b6498ed from a Bitronix Transaction with GTRID [737072696E672D62746D000001452C10CBC900000013], status=ACTIVE, 1 resource(s) enlisted (started Fri Apr 04 17:27:49 CST 2014)
17:27:49.511 [Test worker] DEBUG b.t.r.c.TransactionContextHelper - resource is in enlisting global transaction context: a JdbcPooledConnection from datasource jdbc/order_ds1 in state ACCESSIBLE with usage count 0 wrapping org.postgresql.xa.PGXAConnection@4b6498ed
17:27:49.511 [Test worker] DEBUG b.t.r.c.TransactionContextHelper - requeuing a JdbcPooledConnection from datasource jdbc/order_ds1 in state ACCESSIBLE with usage count 0 wrapping org.postgresql.xa.PGXAConnection@4b6498ed from a Bitronix Transaction with GTRID [737072696E672D62746D000001452C10CBC900000013], status=ACTIVE, 1 resource(s) enlisted (started Fri Apr 04 17:27:49 CST 2014)
17:27:49.511 [Test worker] DEBUG b.t.r.c.TransactionContextHelper - resource is in enlisting global transaction context: a JdbcPooledConnection from datasource jdbc/order_ds1 in state ACCESSIBLE with usage count 0 wrapping org.postgresql.xa.PGXAConnection@4b6498ed
17:27:49.511 [Test worker] DEBUG b.t.r.c.TransactionContextHelper - deferring release to pool of a JdbcPooledConnection from datasource jdbc/order_ds1 in state ACCESSIBLE with usage count 0 wrapping org.postgresql.xa.PGXAConnection@4b6498ed
17:27:49.511 [Test worker] DEBUG b.t.r.c.TransactionContextHelper - a JdbcPooledConnection from datasource jdbc/order_ds1 in state ACCESSIBLE with usage count 0 wrapping org.postgresql.xa.PGXAConnection@4b6498ed is not already registered for deferred release in a Bitronix Transaction with GTRID [737072696E672D62746D000001452C10CBC900000013], status=ACTIVE, 1 resource(s) enlisted (started Fri Apr 04 17:27:49 CST 2014)
17:27:49.511 [Test worker] DEBUG b.t.r.c.TransactionContextHelper - registering DeferredReleaseSynchronization for a JdbcPooledConnection from datasource jdbc/order_ds1 in state ACCESSIBLE with usage count 0 wrapping org.postgresql.xa.PGXAConnection@4b6498ed
17:27:49.511 [Test worker] DEBUG b.t.r.c.AbstractXAStatefulHolder - notifying 2 stateChangeEventListener(s) about state changing from ACCESSIBLE to NOT_ACCESSIBLE in a JdbcPooledConnection from datasource jdbc/order_ds1 in state ACCESSIBLE with usage count 0 wrapping org.postgresql.xa.PGXAConnection@4b6498ed
17:27:49.511 [Test worker] DEBUG b.t.r.jdbc.JdbcPooledConnection - closing 0 dangling uncached statement(s)
17:27:49.511 [Test worker] DEBUG bitronix.tm.resource.common.XAPool - removed a JdbcPooledConnection from datasource jdbc/order_ds1 in state ACCESSIBLE with usage count 0 wrapping org.postgresql.xa.PGXAConnection@4b6498ed from the accessible pool
17:27:49.511 [Test worker] DEBUG b.t.r.c.AbstractXAStatefulHolder - state changing from ACCESSIBLE to NOT_ACCESSIBLE in a JdbcPooledConnection from datasource jdbc/order_ds1 in state ACCESSIBLE with usage count 0 wrapping org.postgresql.xa.PGXAConnection@4b6498ed
17:27:49.511 [Test worker] DEBUG b.t.r.c.AbstractXAStatefulHolder - notifying 2 stateChangeEventListener(s) about state changed from ACCESSIBLE to NOT_ACCESSIBLE in a JdbcPooledConnection from datasource jdbc/order_ds1 in state NOT_ACCESSIBLE with usage count 0 wrapping org.postgresql.xa.PGXAConnection@4b6498ed
17:27:49.511 [Test worker] DEBUG bitronix.tm.resource.common.XAPool - added a JdbcPooledConnection from datasource jdbc/order_ds1 in state NOT_ACCESSIBLE with usage count 0 wrapping org.postgresql.xa.PGXAConnection@4b6498ed to the inaccessible pool
17:27:49.511 [Test worker] DEBUG b.t.r.jdbc.JdbcPooledConnection - released to pool a JdbcPooledConnection from datasource jdbc/order_ds1 in state NOT_ACCESSIBLE with usage count 0 wrapping org.postgresql.xa.PGXAConnection@4b6498ed
17:27:49.513 [Test worker] DEBUG b.tm.resource.jdbc.PoolingDataSource - acquiring connection from a PoolingDataSource containing an XAPool of resource jdbc/order_ds1 with 3 connection(s) (2 still available)
17:27:49.514 [Test worker] DEBUG bitronix.tm.resource.common.XAPool - trying to recycle a NOT_ACCESSIBLE connection of an XAPool of resource jdbc/order_ds1 with 3 connection(s) (2 still available)
17:27:49.514 [Test worker] DEBUG bitronix.tm.resource.common.XAPool - current transaction GTRID is [737072696E672D62746D000001452C10CBC900000013]
17:27:49.514 [Test worker] DEBUG bitronix.tm.resource.common.XAPool - found a connection in NOT_ACCESSIBLE state: a JdbcPooledConnection from datasource jdbc/order_ds1 in state NOT_ACCESSIBLE with usage count 0 wrapping org.postgresql.xa.PGXAConnection@4b6498ed
17:27:49.514 [Test worker] DEBUG bitronix.tm.resource.common.XAPool - 1 xa resource(s) created by connection in NOT_ACCESSIBLE state: a JdbcPooledConnection from datasource jdbc/order_ds1 in state NOT_ACCESSIBLE with usage count 0 wrapping org.postgresql.xa.PGXAConnection@4b6498ed
17:27:49.514 [Test worker] DEBUG bitronix.tm.resource.common.XAPool - NOT_ACCESSIBLE xa resource GTRID: 737072696E672D62746D000001452C10CBC900000013
17:27:49.514 [Test worker] DEBUG bitronix.tm.resource.common.XAPool - NOT_ACCESSIBLE xa resource's GTRID matched this transaction's GTRID, recycling it
17:27:49.514 [Test worker] DEBUG bitronix.tm.resource.common.XAPool - found NOT_ACCESSIBLE connection a JdbcPooledConnection from datasource jdbc/order_ds1 in state NOT_ACCESSIBLE with usage count 0 wrapping org.postgresql.xa.PGXAConnection@4b6498ed from an XAPool of resource jdbc/order_ds1 with 3 connection(s) (2 still available)
17:27:49.514 [Test worker] DEBUG b.t.r.jdbc.JdbcPooledConnection - getting connection handle from a JdbcPooledConnection from datasource jdbc/order_ds1 in state NOT_ACCESSIBLE with usage count 0 wrapping org.postgresql.xa.PGXAConnection@4b6498ed
17:27:49.514 [Test worker] DEBUG b.t.r.c.AbstractXAStatefulHolder - notifying 2 stateChangeEventListener(s) about state changing from NOT_ACCESSIBLE to ACCESSIBLE in a JdbcPooledConnection from datasource jdbc/order_ds1 in state NOT_ACCESSIBLE with usage count 1 wrapping org.postgresql.xa.PGXAConnection@4b6498ed
17:27:49.514 [Test worker] DEBUG bitronix.tm.resource.common.XAPool - removed a JdbcPooledConnection from datasource jdbc/order_ds1 in state NOT_ACCESSIBLE with usage count 1 wrapping org.postgresql.xa.PGXAConnection@4b6498ed from the inaccessible pool
17:27:49.514 [Test worker] DEBUG b.t.r.c.AbstractXAStatefulHolder - state changing from NOT_ACCESSIBLE to ACCESSIBLE in a JdbcPooledConnection from datasource jdbc/order_ds1 in state NOT_ACCESSIBLE with usage count 1 wrapping org.postgresql.xa.PGXAConnection@4b6498ed
17:27:49.514 [Test worker] DEBUG b.t.r.c.AbstractXAStatefulHolder - notifying 2 stateChangeEventListener(s) about state changed from NOT_ACCESSIBLE to ACCESSIBLE in a JdbcPooledConnection from datasource jdbc/order_ds1 in state ACCESSIBLE with usage count 1 wrapping org.postgresql.xa.PGXAConnection@4b6498ed
17:27:49.515 [Test worker] DEBUG b.t.r.c.TransactionContextHelper - marking a JdbcPooledConnection from datasource jdbc/order_ds1 in state ACCESSIBLE with usage count 1 wrapping org.postgresql.xa.PGXAConnection@4b6498ed as recycled in a Bitronix Transaction with GTRID [737072696E672D62746D000001452C10CBC900000013], status=ACTIVE, 1 resource(s) enlisted (started Fri Apr 04 17:27:49 CST 2014)
17:27:49.515 [Test worker] DEBUG b.t.r.c.TransactionContextHelper - a JdbcPooledConnection from datasource jdbc/order_ds1 in state ACCESSIBLE with usage count 1 wrapping org.postgresql.xa.PGXAConnection@4b6498ed has been recycled, unregistering deferred release from a Bitronix Transaction with GTRID [737072696E672D62746D000001452C10CBC900000013], status=ACTIVE, 1 resource(s) enlisted (started Fri Apr 04 17:27:49 CST 2014)
17:27:49.515 [Test worker] DEBUG bitronix.tm.resource.common.XAPool - added a JdbcPooledConnection from datasource jdbc/order_ds1 in state ACCESSIBLE with usage count 1 wrapping org.postgresql.xa.PGXAConnection@4b6498ed to the accessible pool
17:27:49.515 [Test worker] DEBUG b.t.r.jdbc.JdbcPooledConnection - connection org.postgresql.xa.PGXAConnection@4b6498ed was in state NOT_ACCESSIBLE, no need to test it
17:27:49.515 [Test worker] DEBUG b.t.r.jdbc.JdbcPooledConnection - got connection handle from a JdbcPooledConnection from datasource jdbc/order_ds1 in state ACCESSIBLE with usage count 1 wrapping org.postgresql.xa.PGXAConnection@4b6498ed
17:27:49.515 [Test worker] DEBUG b.tm.resource.jdbc.PoolingDataSource - acquired connection from a PoolingDataSource containing an XAPool of resource jdbc/order_ds1 with 3 connection(s) (2 still available)
17:27:49.515 [Test worker] DEBUG b.t.r.c.TransactionContextHelper - enlisting a JdbcPooledConnection from datasource jdbc/order_ds1 in state ACCESSIBLE with usage count 1 wrapping org.postgresql.xa.PGXAConnection@4b6498ed into a Bitronix Transaction with GTRID [737072696E672D62746D000001452C10CBC900000013], status=ACTIVE, 1 resource(s) enlisted (started Fri Apr 04 17:27:49 CST 2014)
17:27:49.515 [Test worker] DEBUG b.t.r.c.TransactionContextHelper - avoiding re-enlistment of already enlisted but not ended resource an XAResourceHolderState with uniqueName=jdbc/order_ds1 XAResource=org.postgresql.xa.PGXAConnection@4b6498ed (started) with XID a Bitronix XID [737072696E672D62746D000001452C10CBC900000013 : 737072696E672D62746D000001452C10CBE200000014]
Hibernate: select this_.ORDER_ID as ORDER1_2_0_, this_.CREATED_BY as CREATED2_2_0_, this_.CREATED_TIME as CREATED3_2_0_, this_.UPDATED_BY as UPDATED4_2_0_, this_.UPDATED_TIME as UPDATED5_2_0_, this_.COUNTRY as COUNTRY2_0_, this_.CURRENCY as CURRENCY2_0_, this_.HONOR_UNTIL_TIME as HONOR8_2_0_, this_.HONORED_TIME as HONORED9_2_0_, this_.IS_TAX_INCLUSIVE as IS10_2_0_, this_.ORDER_STATUS_ID as ORDER11_2_0_, this_.ORDER_TYPE_ID as ORDER12_2_0_, this_.ORIGINAL_ORDER_ID as ORIGINAL13_2_0_, this_.PROPERTIES as PROPERTIES2_0_, this_.SHIPPING_ADDRESS_ID as SHIPPING15_2_0_, this_.SHIPPING_METHOD_ID as SHIPPING16_2_0_, this_.IS_TENTATIVE as IS17_2_0_, this_.TOTAL_AMOUNT as TOTAL18_2_0_, this_.TOTAL_DISCOUNT as TOTAL19_2_0_, this_.TOTAL_PREORDER_AMOUNT as TOTAL20_2_0_, this_.TOTAL_PREORDER_TAX as TOTAL21_2_0_, this_.TOTAL_SHIPPING_FEE as TOTAL22_2_0_, this_.TOTAL_SHIPPING_FEE_DISCOUNT as TOTAL23_2_0_, this_.TOTAL_TAX as TOTAL24_2_0_, this_.TRACKING_UUID as TRACKING25_2_0_, this_.USER_ID as USER26_2_0_ from USER_ORDER this_ where this_.USER_ID=? order by this_.ORDER_ID desc
17:27:49.519 [Test worker] DEBUG b.t.r.jdbc.proxy.ConnectionJavaProxy - closing a ConnectionJavaProxy of a JdbcPooledConnection from datasource jdbc/order_ds1 in state ACCESSIBLE with usage count 1 wrapping org.postgresql.xa.PGXAConnection@4b6498ed on Pooled connection wrapping physical connection org.postgresql.jdbc4.Jdbc4Connection@27b170a3
17:27:49.520 [Test worker] DEBUG b.t.r.jdbc.JdbcPooledConnection - releasing to pool a JdbcPooledConnection from datasource jdbc/order_ds1 in state ACCESSIBLE with usage count 1 wrapping org.postgresql.xa.PGXAConnection@4b6498ed
17:27:49.520 [Test worker] DEBUG b.t.r.c.TransactionContextHelper - delisting a JdbcPooledConnection from datasource jdbc/order_ds1 in state ACCESSIBLE with usage count 0 wrapping org.postgresql.xa.PGXAConnection@4b6498ed from a Bitronix Transaction with GTRID [737072696E672D62746D000001452C10CBC900000013], status=ACTIVE, 1 resource(s) enlisted (started Fri Apr 04 17:27:49 CST 2014)
17:27:49.520 [Test worker] DEBUG b.t.r.c.TransactionContextHelper - resource is in enlisting global transaction context: a JdbcPooledConnection from datasource jdbc/order_ds1 in state ACCESSIBLE with usage count 0 wrapping org.postgresql.xa.PGXAConnection@4b6498ed
17:27:49.520 [Test worker] DEBUG b.t.r.c.TransactionContextHelper - requeuing a JdbcPooledConnection from datasource jdbc/order_ds1 in state ACCESSIBLE with usage count 0 wrapping org.postgresql.xa.PGXAConnection@4b6498ed from a Bitronix Transaction with GTRID [737072696E672D62746D000001452C10CBC900000013], status=ACTIVE, 1 resource(s) enlisted (started Fri Apr 04 17:27:49 CST 2014)
17:27:49.520 [Test worker] DEBUG b.t.r.c.TransactionContextHelper - resource is in enlisting global transaction context: a JdbcPooledConnection from datasource jdbc/order_ds1 in state ACCESSIBLE with usage count 0 wrapping org.postgresql.xa.PGXAConnection@4b6498ed
17:27:49.520 [Test worker] DEBUG b.t.r.c.TransactionContextHelper - deferring release to pool of a JdbcPooledConnection from datasource jdbc/order_ds1 in state ACCESSIBLE with usage count 0 wrapping org.postgresql.xa.PGXAConnection@4b6498ed
[...]
17:27:49.806 [Test worker] DEBUG b.t.r.c.AbstractXAStatefulHolder - notifying 2 stateChangeEventListener(s) about state changed from IN_POOL to ACCESSIBLE in a JdbcPooledConnection from datasource jdbc/order_ds1 in state ACCESSIBLE with usage count 1 wrapping org.postgresql.xa.PGXAConnection@4b6498ed
17:27:49.806 [Test worker] DEBUG bitronix.tm.resource.common.XAPool - added a JdbcPooledConnection from datasource jdbc/order_ds1 in state ACCESSIBLE with usage count 1 wrapping org.postgresql.xa.PGXAConnection@4b6498ed to the accessible pool
17:27:49.806 [Test worker] DEBUG b.t.r.jdbc.JdbcPooledConnection - connection org.postgresql.xa.PGXAConnection@4b6498ed was in state IN_POOL, testing it
17:27:49.806 [Test worker] DEBUG b.t.r.jdbc.JdbcPooledConnection - no query to test connection of a JdbcPooledConnection from datasource jdbc/order_ds1 in state ACCESSIBLE with usage count 1 wrapping org.postgresql.xa.PGXAConnection@4b6498ed, skipping test
17:27:49.806 [Test worker] DEBUG b.t.r.jdbc.JdbcPooledConnection - got connection handle from a JdbcPooledConnection from datasource jdbc/order_ds1 in state ACCESSIBLE with usage count 1 wrapping org.postgresql.xa.PGXAConnection@4b6498ed
17:27:49.807 [Test worker] DEBUG b.tm.resource.jdbc.PoolingDataSource - acquired connection from a PoolingDataSource containing an XAPool of resource jdbc/order_ds1 with 3 connection(s) (2 still available)
17:27:49.807 [Test worker] DEBUG b.t.r.c.TransactionContextHelper - enlisting a JdbcPooledConnection from datasource jdbc/order_ds1 in state ACCESSIBLE with usage count 1 wrapping org.postgresql.xa.PGXAConnection@4b6498ed into a Bitronix Transaction with GTRID [737072696E672D62746D000001452C10CD2600000019], status=ACTIVE, 0 resource(s) enlisted (started Fri Apr 04 17:27:49 CST 2014)
17:27:49.807 [Test worker] DEBUG b.tm.resource.ResourceRegistrar - XAResource org.postgresql.xa.PGXAConnection@4b6498ed belongs to a JdbcPooledConnection from datasource jdbc/order_ds1 in state ACCESSIBLE with usage count 1 wrapping org.postgresql.xa.PGXAConnection@4b6498ed that itself belongs to a PoolingDataSource containing an XAPool of resource jdbc/order_ds1 with 3 connection(s) (2 still available)
17:27:49.807 [Test worker] DEBUG b.tm.internal.XAResourceManager - creating new branch with a Bitronix XID [737072696E672D62746D000001452C10CD2600000019 : 737072696E672D62746D000001452C10CD2F0000001A]
17:27:49.807 [Test worker] DEBUG b.tm.internal.XAResourceHolderState - assigning <a Bitronix XID [737072696E672D62746D000001452C10CD2600000019 : 737072696E672D62746D000001452C10CD2F0000001A]> to <an XAResourceHolderState with uniqueName=jdbc/order_ds1 XAResource=org.postgresql.xa.PGXAConnection@4b6498ed with XID null>
17:27:49.807 [Test worker] DEBUG b.tm.internal.XAResourceHolderState - starting an XAResourceHolderState with uniqueName=jdbc/order_ds1 XAResource=org.postgresql.xa.PGXAConnection@4b6498ed with XID a Bitronix XID [737072696E672D62746D000001452C10CD2600000019 : 737072696E672D62746D000001452C10CD2F0000001A] with NOFLAGS
17:27:49.807 [Test worker] DEBUG b.tm.internal.XAResourceHolderState - started an XAResourceHolderState with uniqueName=jdbc/order_ds1 XAResource=org.postgresql.xa.PGXAConnection@4b6498ed (started) with XID a Bitronix XID [737072696E672D62746D000001452C10CD2600000019 : 737072696E672D62746D000001452C10CD2F0000001A] with NOFLAGS
17:27:49.807 [Test worker] DEBUG b.t.r.c.AbstractXAResourceHolder - putting XAResourceHolderState [an XAResourceHolderState with uniqueName=jdbc/order_ds1 XAResource=org.postgresql.xa.PGXAConnection@4b6498ed (started) with XID a Bitronix XID [737072696E672D62746D000001452C10CD2600000019 : 737072696E672D62746D000001452C10CD2F0000001A]] on a JdbcPooledConnection from datasource jdbc/order_ds1 in state ACCESSIBLE with usage count 1 wrapping org.postgresql.xa.PGXAConnection@4b6498ed
17:27:49.807 [Test worker] DEBUG b.t.r.c.AbstractXAResourceHolder - GTRID [737072696E672D62746D000001452C10CD2600000019] previously unknown to a JdbcPooledConnection from datasource jdbc/order_ds1 in state ACCESSIBLE with usage count 1 wrapping org.postgresql.xa.PGXAConnection@4b6498ed, adding it to the resource's transactions list
Hibernate: insert into USER_ORDER (CREATED_BY, CREATED_TIME, UPDATED_BY, UPDATED_TIME, COUNTRY, CURRENCY, HONOR_UNTIL_TIME, HONORED_TIME, IS_TAX_INCLUSIVE, ORDER_STATUS_ID, ORDER_TYPE_ID, ORIGINAL_ORDER_ID, PROPERTIES, SHIPPING_ADDRESS_ID, SHIPPING_METHOD_ID, IS_TENTATIVE, TOTAL_AMOUNT, TOTAL_DISCOUNT, TOTAL_PREORDER_AMOUNT, TOTAL_PREORDER_TAX, TOTAL_SHIPPING_FEE, TOTAL_SHIPPING_FEE_DISCOUNT, TOTAL_TAX, TRACKING_UUID, USER_ID, ORDER_ID) values (?, ?, ?, ?, ?, ?, ?, ?, ?, ?, ?, ?, ?, ?, ?, ?, ?, ?, ?, ?, ?, ?, ?, ?, ?, ?)
17:27:49.811 [Test worker] DEBUG b.t.r.jdbc.proxy.ConnectionJavaProxy - closing a ConnectionJavaProxy of a JdbcPooledConnection from datasource jdbc/order_ds1 in state ACCESSIBLE with usage count 1 wrapping org.postgresql.xa.PGXAConnection@4b6498ed on Pooled connection wrapping physical connection org.postgresql.jdbc4.Jdbc4Connection@27b170a3
17:27:49.812 [Test worker] DEBUG b.t.r.jdbc.JdbcPooledConnection - releasing to pool a JdbcPooledConnection from datasource jdbc/order_ds1 in state ACCESSIBLE with usage count 1 wrapping org.postgresql.xa.PGXAConnection@4b6498ed
17:27:49.812 [Test worker] DEBUG b.t.r.c.TransactionContextHelper - delisting a JdbcPooledConnection from datasource jdbc/order_ds1 in state ACCESSIBLE with usage count 0 wrapping org.postgresql.xa.PGXAConnection@4b6498ed from a Bitronix Transaction with GTRID [737072696E672D62746D000001452C10CD2600000019], status=ACTIVE, 1 resource(s) enlisted (started Fri Apr 04 17:27:49 CST 2014)
17:27:49.812 [Test worker] DEBUG b.t.r.c.TransactionContextHelper - resource is in enlisting global transaction context: a JdbcPooledConnection from datasource jdbc/order_ds1 in state ACCESSIBLE with usage count 0 wrapping org.postgresql.xa.PGXAConnection@4b6498ed
17:27:49.812 [Test worker] DEBUG b.t.r.c.TransactionContextHelper - requeuing a JdbcPooledConnection from datasource jdbc/order_ds1 in state ACCESSIBLE with usage count 0 wrapping org.postgresql.xa.PGXAConnection@4b6498ed from a Bitronix Transaction with GTRID [737072696E672D62746D000001452C10CD2600000019], status=ACTIVE, 1 resource(s) enlisted (started Fri Apr 04 17:27:49 CST 2014)
17:27:49.812 [Test worker] DEBUG b.t.r.c.TransactionContextHelper - resource is in enlisting global transaction context: a JdbcPooledConnection from datasource jdbc/order_ds1 in state ACCESSIBLE with usage count 0 wrapping org.postgresql.xa.PGXAConnection@4b6498ed
17:27:49.812 [Test worker] DEBUG b.t.r.c.TransactionContextHelper - deferring release to pool of a JdbcPooledConnection from datasource jdbc/order_ds1 in state ACCESSIBLE with usage count 0 wrapping org.postgresql.xa.PGXAConnection@4b6498ed
17:27:49.812 [Test worker] DEBUG b.t.r.c.TransactionContextHelper - a JdbcPooledConnection from datasource jdbc/order_ds1 in state ACCESSIBLE with usage count 0 wrapping org.postgresql.xa.PGXAConnection@4b6498ed is not already registered for deferred release in a Bitronix Transaction with GTRID [737072696E672D62746D000001452C10CD2600000019], status=ACTIVE, 1 resource(s) enlisted (started Fri Apr 04 17:27:49 CST 2014)
17:27:49.812 [Test worker] DEBUG b.t.r.c.TransactionContextHelper - registering DeferredReleaseSynchronization for a JdbcPooledConnection from datasource jdbc/order_ds1 in state ACCESSIBLE with usage count 0 wrapping org.postgresql.xa.PGXAConnection@4b6498ed
17:27:49.812 [Test worker] DEBUG b.t.r.c.AbstractXAStatefulHolder - notifying 2 stateChangeEventListener(s) about state changing from ACCESSIBLE to NOT_ACCESSIBLE in a JdbcPooledConnection from datasource jdbc/order_ds1 in state ACCESSIBLE with usage count 0 wrapping org.postgresql.xa.PGXAConnection@4b6498ed
17:27:49.812 [Test worker] DEBUG b.t.r.jdbc.JdbcPooledConnection - closing 0 dangling uncached statement(s)
17:27:49.812 [Test worker] DEBUG bitronix.tm.resource.common.XAPool - removed a JdbcPooledConnection from datasource jdbc/order_ds1 in state ACCESSIBLE with usage count 0 wrapping org.postgresql.xa.PGXAConnection@4b6498ed from the accessible pool
17:27:49.812 [Test worker] DEBUG b.t.r.c.AbstractXAStatefulHolder - state changing from ACCESSIBLE to NOT_ACCESSIBLE in a JdbcPooledConnection from datasource jdbc/order_ds1 in state ACCESSIBLE with usage count 0 wrapping org.postgresql.xa.PGXAConnection@4b6498ed
17:27:49.812 [Test worker] DEBUG b.t.r.c.AbstractXAStatefulHolder - notifying 2 stateChangeEventListener(s) about state changed from ACCESSIBLE to NOT_ACCESSIBLE in a JdbcPooledConnection from datasource jdbc/order_ds1 in state NOT_ACCESSIBLE with usage count 0 wrapping org.postgresql.xa.PGXAConnection@4b6498ed
17:27:49.812 [Test worker] DEBUG bitronix.tm.resource.common.XAPool - added a JdbcPooledConnection from datasource jdbc/order_ds1 in state NOT_ACCESSIBLE with usage count 0 wrapping org.postgresql.xa.PGXAConnection@4b6498ed to the inaccessible pool
17:27:49.812 [Test worker] DEBUG b.t.r.jdbc.JdbcPooledConnection - released to pool a JdbcPooledConnection from datasource jdbc/order_ds1 in state NOT_ACCESSIBLE with usage count 0 wrapping org.postgresql.xa.PGXAConnection@4b6498ed
17:27:49.819 [Test worker] DEBUG b.tm.resource.jdbc.PoolingDataSource - acquiring connection from a PoolingDataSource containing an XAPool of resource jdbc/order_ds1 with 3 connection(s) (2 still available)
17:27:49.819 [Test worker] DEBUG bitronix.tm.resource.common.XAPool - trying to recycle a NOT_ACCESSIBLE connection of an XAPool of resource jdbc/order_ds1 with 3 connection(s) (2 still available)
17:27:49.819 [Test worker] DEBUG bitronix.tm.resource.common.XAPool - current transaction GTRID is [737072696E672D62746D000001452C10CD2600000019]
17:27:49.819 [Test worker] DEBUG bitronix.tm.resource.common.XAPool - found a connection in NOT_ACCESSIBLE state: a JdbcPooledConnection from datasource jdbc/order_ds1 in state NOT_ACCESSIBLE with usage count 0 wrapping org.postgresql.xa.PGXAConnection@4b6498ed
17:27:49.819 [Test worker] DEBUG bitronix.tm.resource.common.XAPool - 1 xa resource(s) created by connection in NOT_ACCESSIBLE state: a JdbcPooledConnection from datasource jdbc/order_ds1 in state NOT_ACCESSIBLE with usage count 0 wrapping org.postgresql.xa.PGXAConnection@4b6498ed
17:27:49.819 [Test worker] DEBUG bitronix.tm.resource.common.XAPool - NOT_ACCESSIBLE xa resource GTRID: 737072696E672D62746D000001452C10CD2600000019
17:27:49.819 [Test worker] DEBUG bitronix.tm.resource.common.XAPool - NOT_ACCESSIBLE xa resource's GTRID matched this transaction's GTRID, recycling it
17:27:49.819 [Test worker] DEBUG bitronix.tm.resource.common.XAPool - found NOT_ACCESSIBLE connection a JdbcPooledConnection from datasource jdbc/order_ds1 in state NOT_ACCESSIBLE with usage count 0 wrapping org.postgresql.xa.PGXAConnection@4b6498ed from an XAPool of resource jdbc/order_ds1 with 3 connection(s) (2 still available)
17:27:49.819 [Test worker] DEBUG b.t.r.jdbc.JdbcPooledConnection - getting connection handle from a JdbcPooledConnection from datasource jdbc/order_ds1 in state NOT_ACCESSIBLE with usage count 0 wrapping org.postgresql.xa.PGXAConnection@4b6498ed
17:27:49.819 [Test worker] DEBUG b.t.r.c.AbstractXAStatefulHolder - notifying 2 stateChangeEventListener(s) about state changing from NOT_ACCESSIBLE to ACCESSIBLE in a JdbcPooledConnection from datasource jdbc/order_ds1 in state NOT_ACCESSIBLE with usage count 1 wrapping org.postgresql.xa.PGXAConnection@4b6498ed
17:27:49.819 [Test worker] DEBUG bitronix.tm.resource.common.XAPool - removed a JdbcPooledConnection from datasource jdbc/order_ds1 in state NOT_ACCESSIBLE with usage count 1 wrapping org.postgresql.xa.PGXAConnection@4b6498ed from the inaccessible pool
17:27:49.819 [Test worker] DEBUG b.t.r.c.AbstractXAStatefulHolder - state changing from NOT_ACCESSIBLE to ACCESSIBLE in a JdbcPooledConnection from datasource jdbc/order_ds1 in state NOT_ACCESSIBLE with usage count 1 wrapping org.postgresql.xa.PGXAConnection@4b6498ed
17:27:49.819 [Test worker] DEBUG b.t.r.c.AbstractXAStatefulHolder - notifying 2 stateChangeEventListener(s) about state changed from NOT_ACCESSIBLE to ACCESSIBLE in a JdbcPooledConnection from datasource jdbc/order_ds1 in state ACCESSIBLE with usage count 1 wrapping org.postgresql.xa.PGXAConnection@4b6498ed
17:27:49.819 [Test worker] DEBUG b.t.r.c.TransactionContextHelper - marking a JdbcPooledConnection from datasource jdbc/order_ds1 in state ACCESSIBLE with usage count 1 wrapping org.postgresql.xa.PGXAConnection@4b6498ed as recycled in a Bitronix Transaction with GTRID [737072696E672D62746D000001452C10CD2600000019], status=ACTIVE, 1 resource(s) enlisted (started Fri Apr 04 17:27:49 CST 2014)
17:27:49.820 [Test worker] DEBUG b.t.r.c.TransactionContextHelper - a JdbcPooledConnection from datasource jdbc/order_ds1 in state ACCESSIBLE with usage count 1 wrapping org.postgresql.xa.PGXAConnection@4b6498ed has been recycled, unregistering deferred release from a Bitronix Transaction with GTRID [737072696E672D62746D000001452C10CD2600000019], status=ACTIVE, 1 resource(s) enlisted (started Fri Apr 04 17:27:49 CST 2014)
17:27:49.820 [Test worker] DEBUG bitronix.tm.resource.common.XAPool - added a JdbcPooledConnection from datasource jdbc/order_ds1 in state ACCESSIBLE with usage count 1 wrapping org.postgresql.xa.PGXAConnection@4b6498ed to the accessible pool
17:27:49.820 [Test worker] DEBUG b.t.r.jdbc.JdbcPooledConnection - connection org.postgresql.xa.PGXAConnection@4b6498ed was in state NOT_ACCESSIBLE, no need to test it
17:27:49.820 [Test worker] DEBUG b.t.r.jdbc.JdbcPooledConnection - got connection handle from a JdbcPooledConnection from datasource jdbc/order_ds1 in state ACCESSIBLE with usage count 1 wrapping org.postgresql.xa.PGXAConnection@4b6498ed
17:27:49.820 [Test worker] DEBUG b.tm.resource.jdbc.PoolingDataSource - acquired connection from a PoolingDataSource containing an XAPool of resource jdbc/order_ds1 with 3 connection(s) (2 still available)
17:27:49.820 [Test worker] DEBUG b.t.r.c.TransactionContextHelper - enlisting a JdbcPooledConnection from datasource jdbc/order_ds1 in state ACCESSIBLE with usage count 1 wrapping org.postgresql.xa.PGXAConnection@4b6498ed into a Bitronix Transaction with GTRID [737072696E672D62746D000001452C10CD2600000019], status=ACTIVE, 1 resource(s) enlisted (started Fri Apr 04 17:27:49 CST 2014)
17:27:49.820 [Test worker] DEBUG b.t.r.c.TransactionContextHelper - avoiding re-enlistment of already enlisted but not ended resource an XAResourceHolderState with uniqueName=jdbc/order_ds1 XAResource=org.postgresql.xa.PGXAConnection@4b6498ed (started) with XID a Bitronix XID [737072696E672D62746D000001452C10CD2600000019 : 737072696E672D62746D000001452C10CD2F0000001A]
Hibernate: update USER_ORDER set CREATED_BY=?, CREATED_TIME=?, UPDATED_BY=?, UPDATED_TIME=?, COUNTRY=?, CURRENCY=?, HONOR_UNTIL_TIME=?, HONORED_TIME=?, IS_TAX_INCLUSIVE=?, ORDER_STATUS_ID=?, ORDER_TYPE_ID=?, ORIGINAL_ORDER_ID=?, PROPERTIES=?, SHIPPING_ADDRESS_ID=?, SHIPPING_METHOD_ID=?, IS_TENTATIVE=?, TOTAL_AMOUNT=?, TOTAL_DISCOUNT=?, TOTAL_PREORDER_AMOUNT=?, TOTAL_PREORDER_TAX=?, TOTAL_SHIPPING_FEE=?, TOTAL_SHIPPING_FEE_DISCOUNT=?, TOTAL_TAX=?, TRACKING_UUID=?, USER_ID=? where ORDER_ID=?
17:27:49.828 [Test worker] DEBUG b.t.r.jdbc.proxy.ConnectionJavaProxy - closing a ConnectionJavaProxy of a JdbcPooledConnection from datasource jdbc/order_ds1 in state ACCESSIBLE with usage count 1 wrapping org.postgresql.xa.PGXAConnection@4b6498ed on Pooled connection wrapping physical connection org.postgresql.jdbc4.Jdbc4Connection@27b170a3
17:27:49.828 [Test worker] DEBUG b.t.r.jdbc.JdbcPooledConnection - releasing to pool a JdbcPooledConnection from datasource jdbc/order_ds1 in state ACCESSIBLE with usage count 1 wrapping org.postgresql.xa.PGXAConnection@4b6498ed
17:27:49.828 [Test worker] DEBUG b.t.r.c.TransactionContextHelper - delisting a JdbcPooledConnection from datasource jdbc/order_ds1 in state ACCESSIBLE with usage count 0 wrapping org.postgresql.xa.PGXAConnection@4b6498ed from a Bitronix Transaction with GTRID [737072696E672D62746D000001452C10CD2600000019], status=ACTIVE, 1 resource(s) enlisted (started Fri Apr 04 17:27:49 CST 2014)
17:27:49.829 [Test worker] DEBUG b.t.r.c.TransactionContextHelper - resource is in enlisting global transaction context: a JdbcPooledConnection from datasource jdbc/order_ds1 in state ACCESSIBLE with usage count 0 wrapping org.postgresql.xa.PGXAConnection@4b6498ed
17:27:49.829 [Test worker] DEBUG b.t.r.c.TransactionContextHelper - requeuing a JdbcPooledConnection from datasource jdbc/order_ds1 in state ACCESSIBLE with usage count 0 wrapping org.postgresql.xa.PGXAConnection@4b6498ed from a Bitronix Transaction with GTRID [737072696E672D62746D000001452C10CD2600000019], status=ACTIVE, 1 resource(s) enlisted (started Fri Apr 04 17:27:49 CST 2014)
17:27:49.829 [Test worker] DEBUG b.t.r.c.TransactionContextHelper - resource is in enlisting global transaction context: a JdbcPooledConnection from datasource jdbc/order_ds1 in state ACCESSIBLE with usage count 0 wrapping org.postgresql.xa.PGXAConnection@4b6498ed
17:27:49.829 [Test worker] DEBUG b.t.r.c.TransactionContextHelper - deferring release to pool of a JdbcPooledConnection from datasource jdbc/order_ds1 in state ACCESSIBLE with usage count 0 wrapping org.postgresql.xa.PGXAConnection@4b6498ed
17:27:49.829 [Test worker] DEBUG b.t.r.c.TransactionContextHelper - a JdbcPooledConnection from datasource jdbc/order_ds1 in state ACCESSIBLE with usage count 0 wrapping org.postgresql.xa.PGXAConnection@4b6498ed is not already registered for deferred release in a Bitronix Transaction with GTRID [737072696E672D62746D000001452C10CD2600000019], status=ACTIVE, 1 resource(s) enlisted (started Fri Apr 04 17:27:49 CST 2014)
17:27:49.829 [Test worker] DEBUG b.t.r.c.TransactionContextHelper - registering DeferredReleaseSynchronization for a JdbcPooledConnection from datasource jdbc/order_ds1 in state ACCESSIBLE with usage count 0 wrapping org.postgresql.xa.PGXAConnection@4b6498ed
17:27:49.829 [Test worker] DEBUG b.t.r.c.AbstractXAStatefulHolder - notifying 2 stateChangeEventListener(s) about state changing from ACCESSIBLE to NOT_ACCESSIBLE in a JdbcPooledConnection from datasource jdbc/order_ds1 in state ACCESSIBLE with usage count 0 wrapping org.postgresql.xa.PGXAConnection@4b6498ed
17:27:49.829 [Test worker] DEBUG b.t.r.jdbc.JdbcPooledConnection - closing 0 dangling uncached statement(s)
17:27:49.829 [Test worker] DEBUG bitronix.tm.resource.common.XAPool - removed a JdbcPooledConnection from datasource jdbc/order_ds1 in state ACCESSIBLE with usage count 0 wrapping org.postgresql.xa.PGXAConnection@4b6498ed from the accessible pool
17:27:49.829 [Test worker] DEBUG b.t.r.c.AbstractXAStatefulHolder - state changing from ACCESSIBLE to NOT_ACCESSIBLE in a JdbcPooledConnection from datasource jdbc/order_ds1 in state ACCESSIBLE with usage count 0 wrapping org.postgresql.xa.PGXAConnection@4b6498ed
17:27:49.829 [Test worker] DEBUG b.t.r.c.AbstractXAStatefulHolder - notifying 2 stateChangeEventListener(s) about state changed from ACCESSIBLE to NOT_ACCESSIBLE in a JdbcPooledConnection from datasource jdbc/order_ds1 in state NOT_ACCESSIBLE with usage count 0 wrapping org.postgresql.xa.PGXAConnection@4b6498ed
17:27:49.830 [Test worker] DEBUG bitronix.tm.resource.common.XAPool - added a JdbcPooledConnection from datasource jdbc/order_ds1 in state NOT_ACCESSIBLE with usage count 0 wrapping org.postgresql.xa.PGXAConnection@4b6498ed to the inaccessible pool
17:27:49.830 [Test worker] DEBUG b.t.r.jdbc.JdbcPooledConnection - released to pool a JdbcPooledConnection from datasource jdbc/order_ds1 in state NOT_ACCESSIBLE with usage count 0 wrapping org.postgresql.xa.PGXAConnection@4b6498ed
]]></system-out>
  <system-err><![CDATA[]]></system-err>
</testsuite>
